4.1030 	EXP 	Created window1 = Window(allowGUI=False, allowStencil=False, args=UNKNOWN, autoLog=True, bitsMode=UNKNOWN, blendMode='avg', color=array([0., 0., 0.]), colorSpace='rgb', fullscr=<method-wrapper '__getattribute__' of attributeSetter object at 0x000001639D4802E8>, gamma=None, kwargs=UNKNOWN, lms=UNKNOWN, monitor=<psychopy.monitors.calibTools.Monitor object at 0x000001639DB327F0>, multiSample=False, name='window1', numSamples=2, pos=[0.0, 0.0], screen=0, size=array([1280, 1024]), stereo=False, units='norm', useFBO=True, useRetina=False, viewOri=0.0, viewPos=None, viewScale=None, waitBlanking=True, winType='pyglet')
4.1033 	EXP 	window1: recordFrameIntervals = False
4.2684 	EXP 	window1: recordFrameIntervals = True
4.4534 	EXP 	window1: recordFrameIntervals = False
4.5240 	EXP 	Created text_6 = TextStim(__class__=<class 'psychopy.visual.text.TextStim'>, alignHoriz='center', alignVert='center', antialias=True, autoLog=True, bold=False, color='white', colorSpace='named', contrast=1.0, depth=0.0, flipHoriz=False, flipVert=False, font='Arial', fontFiles=[], height=0.2, italic=False, languageStyle='LTR', name='text_6', opacity=1.0, ori=0, pos=array([0. , 0.5]), rgb=array([255., 255., 255.]), text='default text', units='norm', win=Window(...), wrapWidth=1)
4.5262 	EXP 	Created image_1 = ImageStim(__class__=<class 'psychopy.visual.image.ImageStim'>, autoLog=True, color=array([1., 1., 1.]), colorSpace='rgb', contrast=1.0, depth=-1.0, flipHoriz=False, flipVert=False, image='sin', interpolate=True, mask=None, maskParams=None, name='image_1', opacity=1.0, ori=0.0, pos=array([0. , 0.4]), size=array([1., 1.]), texRes=128, units='norm', win=Window(...))
4.5307 	EXP 	Created ValenceImg = ImageStim(__class__=<class 'psychopy.visual.image.ImageStim'>, autoLog=True, color=array([1., 1., 1.]), colorSpace='rgb', contrast=1.0, depth=-2.0, flipHoriz=False, flipVert=False, image='sam image.png', interpolate=True, mask=None, maskParams=None, name='ValenceImg', opacity=1.0, ori=0.0, pos=array([ 0. , -0.3]), size=array([1.0125    , 0.30078125]), texRes=128, units='norm', win=Window(...))
4.5376 	EXP 	Created unnamed GratingStim = GratingStim(__class__=<class 'psychopy.visual.grating.GratingStim'>, autoDraw=False, autoLog=True, blendmode='avg', color='LightGray', colorSpace='named', contrast=1.0, depth=0, interpolate=False, mask='none', maskParams=None, name='unnamed GratingStim', opacity=1.0, ori=0.0, phase=array([0., 0.]), pos=array([ 0. , -0.6]), rgbPedestal=array([0., 0., 0.]), sf=array([0., 0.]), size=array([1.  , 0.01]), tex='sin', texRes=128, units='norm', win=Window(...))
4.5402 	EXP 	Created unnamed ElementArrayStim = ElementArrayStim(__class__=type(...), autoLog=True, colorSpace='named', colors='LightGray', contrs=array([1., 1., 1., 1., 1.]), depths=0, elementMask=method-wrapper(...), elementTex=method-wrapper(...), fieldDepth=0, fieldPos=array([0., 0.]), fieldShape='circle', fieldSize=array([1., 1.]), interpolate=True, maskParams=None, nElements=5, name='unnamed ElementArrayStim', opacities=array([1., 1., 1., 1., 1.]), oris=array([0., 0., 0., 0., 0.]), phases=ndarray(...), rgbs=ndarray(...), sfs=ndarray(...), sizes=ndarray(...), texRes=48, units='norm', win=Window(...), xys=ndarray(...))
4.5417 	EXP 	Created unnamed Circle = Circle(__class__=<class 'psychopy.visual.circle.Circle'>, autoDraw=False, autoLog=True, closeShape=True, color=method-wrapper(...), colorSpace=None, contrast=1.0, depth=0, fillColor='red', fillColorSpace='named', fillRGB=array([255.,   0.,   0.]), interpolate=True, lineColor='red', lineColorSpace='named', lineRGB=array([255.,   0.,   0.]), lineWidth=1.5, name='unnamed Circle', opacity=1.0, ori=array(0.), pos=array([0., 0.]), size=array([0.05  , 0.0625]), units='norm', vertices=ndarray(...), win=Window(...))
4.5423 	EXP 	Created unnamed Rect = Rect(__class__=<class 'psychopy.visual.rect.Rect'>, autoDraw=False, autoLog=True, closeShape=True, color=method-wrapper(...), colorSpace=None, contrast=1.0, depth=0, fillColor=None, fillColorSpace='rgb', fillRGB=None, interpolate=True, lineColor='DarkGrey', lineColorSpace='named', lineRGB=array([169., 169., 169.]), lineWidth=1.5, name='unnamed Rect', opacity=1.0, ori=array(0.), pos=array([ 0. , -0.6]), size=array([1., 1.]), units='norm', vertices=ndarray(...), win=Window(...))
4.5426 	EXP 	Created slider_valence = Slider(__class__=<class 'psychopy.visual.slider.Slider'>, autoDraw=False, autoLog=True, color='LightGray', depth=0, flip=False, font='HelveticaBold', granularity=1, labelHeight=0.05, labels=None, name='slider_valence', pos=(0, -0.6), readOnly=False, self=UNKNOWN, size=(1, 0.05), style=method-wrapper(...), ticks=array([  1,  25,  50,  75, 100]), units='norm', win=Window(...))
4.5643 	EXP 	Created text = TextStim(__class__=<class 'psychopy.visual.text.TextStim'>, alignHoriz='center', alignVert='center', antialias=True, autoLog=True, bold=False, color='white', colorSpace='named', contrast=1.0, depth=-4.0, flipHoriz=False, flipVert=False, font='Arial', fontFiles=[], height=0.1, italic=False, languageStyle='LTR', name='text', opacity=1.0, ori=0, pos=array([ 0. , -0.3]), rgb=array([255., 255., 255.]), text=str(...), units='norm', win=Window(...), wrapWidth=2)
4.5836 	EXP 	Created text_3 = TextStim(__class__=<class 'psychopy.visual.text.TextStim'>, alignHoriz='center', alignVert='center', antialias=True, autoLog=True, bold=False, color='white', colorSpace='named', contrast=1.0, depth=-6.0, flipHoriz=False, flipVert=False, font='Arial', fontFiles=[], height=0.06, italic=False, languageStyle='LTR', name='text_3', opacity=1.0, ori=0, pos=array([ 0. , -0.9]), rgb=array([255., 255., 255.]), text='Press {Space} to continue', units='norm', win=Window(...), wrapWidth=2)
4.5883 	EXP 	Created text_5 = TextStim(__class__=<class 'psychopy.visual.text.TextStim'>, alignHoriz='center', alignVert='center', antialias=True, autoLog=True, bold=False, color='white', colorSpace='named', contrast=1.0, depth=0.0, flipHoriz=False, flipVert=False, font='Arial', fontFiles=[], height=0.2, italic=False, languageStyle='LTR', name='text_5', opacity=1.0, ori=0, pos=array([0. , 0.5]), rgb=array([255., 255., 255.]), text='default text', units='norm', win=Window(...), wrapWidth=1)
4.5897 	EXP 	Created image_2 = ImageStim(__class__=<class 'psychopy.visual.image.ImageStim'>, autoLog=True, color=array([1., 1., 1.]), colorSpace='rgb', contrast=1.0, depth=-1.0, flipHoriz=False, flipVert=False, image='sin', interpolate=True, mask=None, maskParams=None, name='image_2', opacity=1.0, ori=0.0, pos=array([0. , 0.4]), size=array([1., 1.]), texRes=128, units='norm', win=Window(...))
4.5941 	EXP 	Created Arousalimage = ImageStim(__class__=<class 'psychopy.visual.image.ImageStim'>, autoLog=True, color=array([1., 1., 1.]), colorSpace='rgb', contrast=1.0, depth=-2.0, flipHoriz=False, flipVert=False, image='sam arousal.png', interpolate=True, mask=None, maskParams=None, name='Arousalimage', opacity=1.0, ori=0.0, pos=array([ 0. , -0.3]), size=array([1.0109375 , 0.29882812]), texRes=128, units='norm', win=Window(...))
4.5960 	EXP 	Created unnamed GratingStim = GratingStim(__class__=<class 'psychopy.visual.grating.GratingStim'>, autoDraw=False, autoLog=True, blendmode='avg', color='LightGray', colorSpace='named', contrast=1.0, depth=0, interpolate=False, mask='none', maskParams=None, name='unnamed GratingStim', opacity=1.0, ori=0.0, phase=array([0., 0.]), pos=array([ 0. , -0.6]), rgbPedestal=array([0., 0., 0.]), sf=array([0., 0.]), size=array([1.  , 0.01]), tex='sin', texRes=128, units='norm', win=Window(...))
4.5980 	EXP 	Created unnamed ElementArrayStim = ElementArrayStim(__class__=type(...), autoLog=True, colorSpace='named', colors='LightGray', contrs=array([1., 1., 1., 1., 1.]), depths=0, elementMask=method-wrapper(...), elementTex=method-wrapper(...), fieldDepth=0, fieldPos=array([0., 0.]), fieldShape='circle', fieldSize=array([1., 1.]), interpolate=True, maskParams=None, nElements=5, name='unnamed ElementArrayStim', opacities=array([1., 1., 1., 1., 1.]), oris=array([0., 0., 0., 0., 0.]), phases=ndarray(...), rgbs=ndarray(...), sfs=ndarray(...), sizes=ndarray(...), texRes=48, units='norm', win=Window(...), xys=ndarray(...))
4.5996 	EXP 	Created unnamed Circle = Circle(__class__=<class 'psychopy.visual.circle.Circle'>, autoDraw=False, autoLog=True, closeShape=True, color=method-wrapper(...), colorSpace=None, contrast=1.0, depth=0, fillColor='red', fillColorSpace='named', fillRGB=array([255.,   0.,   0.]), interpolate=True, lineColor='red', lineColorSpace='named', lineRGB=array([255.,   0.,   0.]), lineWidth=1.5, name='unnamed Circle', opacity=1.0, ori=array(0.), pos=array([0., 0.]), size=array([0.05  , 0.0625]), units='norm', vertices=ndarray(...), win=Window(...))
4.6002 	EXP 	Created unnamed Rect = Rect(__class__=<class 'psychopy.visual.rect.Rect'>, autoDraw=False, autoLog=True, closeShape=True, color=method-wrapper(...), colorSpace=None, contrast=1.0, depth=0, fillColor=None, fillColorSpace='rgb', fillRGB=None, interpolate=True, lineColor='DarkGrey', lineColorSpace='named', lineRGB=array([169., 169., 169.]), lineWidth=1.5, name='unnamed Rect', opacity=1.0, ori=array(0.), pos=array([ 0. , -0.6]), size=array([1., 1.]), units='norm', vertices=ndarray(...), win=Window(...))
4.6004 	EXP 	Created slider_arousal = Slider(__class__=<class 'psychopy.visual.slider.Slider'>, autoDraw=False, autoLog=True, color='LightGray', depth=0, flip=False, font='HelveticaBold', granularity=1, labelHeight=0.05, labels=None, name='slider_arousal', pos=(0, -0.6), readOnly=False, self=UNKNOWN, size=(1, 0.05), style=method-wrapper(...), ticks=array([  1,  25,  50,  75, 100]), units='norm', win=Window(...))
4.6129 	EXP 	Created text_2 = TextStim(__class__=<class 'psychopy.visual.text.TextStim'>, alignHoriz='center', alignVert='center', antialias=True, autoLog=True, bold=False, color='white', colorSpace='named', contrast=1.0, depth=-4.0, flipHoriz=False, flipVert=False, font='Arial', fontFiles=[], height=0.1, italic=False, languageStyle='LTR', name='text_2', opacity=1.0, ori=0, pos=array([ 0. , -0.3]), rgb=array([255., 255., 255.]), text=str(...), units='norm', win=Window(...), wrapWidth=2.5)
4.6185 	EXP 	Created text_4 = TextStim(__class__=<class 'psychopy.visual.text.TextStim'>, alignHoriz='center', alignVert='center', antialias=True, autoLog=True, bold=False, color='white', colorSpace='named', contrast=1.0, depth=-6.0, flipHoriz=False, flipVert=False, font='Arial', fontFiles=[], height=0.06, italic=False, languageStyle='LTR', name='text_4', opacity=1.0, ori=0, pos=array([ 0. , -0.9]), rgb=array([255., 255., 255.]), text='Press {Space} to continue', units='norm', win=Window(...), wrapWidth=1)
4.6301 	EXP 	Imported CueRatings.xlsx as conditions, 18 conditions, 2 params
4.6304 	EXP 	Created sequence: random, trialTypes=18, nReps=1, seed=None
4.6306 	EXP 	New trial (rep=0, index=0): OrderedDict([('words', 'dollar'), ('images', None)])
4.6635 	EXP 	slider_valence: autoLog = True
4.6635 	EXP 	slider_valence: markerPos = None
4.6635 	EXP 	slider_valence: rating = None
4.6635 	EXP 	slider_valence: markerPos = None
4.6635 	EXP 	unnamed Circle: contrast = 1.0
4.6635 	EXP 	unnamed GratingStim: contrast = 1.0
4.6635 	EXP 	slider_valence: contrast = 1.0
4.6635 	EXP 	slider_valence: autoLog = True
4.6635 	EXP 	slider_valence: style = ['rating']
4.6635 	EXP 	slider_arousal: autoLog = True
4.6635 	EXP 	slider_arousal: markerPos = None
4.6635 	EXP 	slider_arousal: rating = None
4.6635 	EXP 	slider_arousal: markerPos = None
4.6635 	EXP 	unnamed Circle: contrast = 1.0
4.6635 	EXP 	unnamed GratingStim: contrast = 1.0
4.6635 	EXP 	slider_arousal: contrast = 1.0
4.6635 	EXP 	slider_arousal: autoLog = True
4.6635 	EXP 	slider_arousal: style = ('rating',)
4.6635 	EXP 	text_6: text = 'dollar'
4.6635 	EXP 	image_1: image = None
4.6635 	EXP 	slider_valence: markerPos = None
4.6635 	EXP 	slider_valence: markerPos = None
4.6635 	EXP 	slider_valence: rating = None
4.6635 	EXP 	text_6: autoDraw = True
4.6635 	EXP 	image_1: autoDraw = True
4.6635 	EXP 	ValenceImg: autoDraw = True
4.6635 	EXP 	slider_valence: autoDraw = True
4.6635 	EXP 	text: autoDraw = True
4.6635 	EXP 	text_3: autoDraw = True
9.2528 	DATA 	Keypress: space
9.2709 	EXP 	text_6: autoDraw = False
9.2709 	EXP 	image_1: autoDraw = False
9.2709 	EXP 	ValenceImg: autoDraw = False
9.2709 	EXP 	slider_valence: autoDraw = False
9.2709 	EXP 	text: autoDraw = False
9.2709 	EXP 	text_3: autoDraw = False
9.2709 	EXP 	text_5: text = 'dollar'
9.2709 	EXP 	image_2: image = None
9.2709 	EXP 	slider_arousal: markerPos = None
9.2709 	EXP 	slider_arousal: markerPos = None
9.2709 	EXP 	slider_arousal: rating = None
9.2709 	EXP 	text_5: autoDraw = True
9.2709 	EXP 	image_2: autoDraw = True
9.2709 	EXP 	Arousalimage: autoDraw = True
9.2709 	EXP 	slider_arousal: autoDraw = True
9.2709 	EXP 	text_2: autoDraw = True
9.2709 	EXP 	text_4: autoDraw = True
9.7181 	DATA 	Keypress: space
9.7202 	EXP 	New trial (rep=0, index=1): OrderedDict([('words', 'bunny'), ('images', None)])
9.7443 	EXP 	text_5: autoDraw = False
9.7443 	EXP 	image_2: autoDraw = False
9.7443 	EXP 	Arousalimage: autoDraw = False
9.7443 	EXP 	slider_arousal: autoDraw = False
9.7443 	EXP 	text_2: autoDraw = False
9.7443 	EXP 	text_4: autoDraw = False
9.7443 	EXP 	text_6: text = 'bunny'
9.7443 	EXP 	image_1: image = None
9.7443 	EXP 	slider_valence: markerPos = None
9.7443 	EXP 	slider_valence: markerPos = None
9.7443 	EXP 	slider_valence: rating = None
9.7443 	EXP 	text_6: autoDraw = True
9.7443 	EXP 	image_1: autoDraw = True
9.7443 	EXP 	ValenceImg: autoDraw = True
9.7443 	EXP 	slider_valence: autoDraw = True
9.7443 	EXP 	text: autoDraw = True
9.7443 	EXP 	text_3: autoDraw = True
10.1347 	DATA 	Keypress: space
10.1547 	EXP 	text_6: autoDraw = False
10.1547 	EXP 	image_1: autoDraw = False
10.1547 	EXP 	ValenceImg: autoDraw = False
10.1547 	EXP 	slider_valence: autoDraw = False
10.1547 	EXP 	text: autoDraw = False
10.1547 	EXP 	text_3: autoDraw = False
10.1547 	EXP 	text_5: text = 'bunny'
10.1547 	EXP 	image_2: image = None
10.1547 	EXP 	slider_arousal: markerPos = None
10.1547 	EXP 	slider_arousal: markerPos = None
10.1547 	EXP 	slider_arousal: rating = None
10.1547 	EXP 	text_5: autoDraw = True
10.1547 	EXP 	image_2: autoDraw = True
10.1547 	EXP 	Arousalimage: autoDraw = True
10.1547 	EXP 	slider_arousal: autoDraw = True
10.1547 	EXP 	text_2: autoDraw = True
10.1547 	EXP 	text_4: autoDraw = True
10.3552 	DATA 	Keypress: space
10.3698 	EXP 	New trial (rep=0, index=2): OrderedDict([('words', 'afraid'), ('images', None)])
10.3899 	EXP 	text_5: autoDraw = False
10.3899 	EXP 	image_2: autoDraw = False
10.3899 	EXP 	Arousalimage: autoDraw = False
10.3899 	EXP 	slider_arousal: autoDraw = False
10.3899 	EXP 	text_2: autoDraw = False
10.3899 	EXP 	text_4: autoDraw = False
10.3899 	EXP 	text_6: text = 'afraid'
10.3899 	EXP 	image_1: image = None
10.3899 	EXP 	slider_valence: markerPos = None
10.3899 	EXP 	slider_valence: markerPos = None
10.3899 	EXP 	slider_valence: rating = None
10.3899 	EXP 	text_6: autoDraw = True
10.3899 	EXP 	image_1: autoDraw = True
10.3899 	EXP 	ValenceImg: autoDraw = True
10.3899 	EXP 	slider_valence: autoDraw = True
10.3899 	EXP 	text: autoDraw = True
10.3899 	EXP 	text_3: autoDraw = True
10.5885 	DATA 	Keypress: space
10.6216 	EXP 	text_6: autoDraw = False
10.6216 	EXP 	image_1: autoDraw = False
10.6216 	EXP 	ValenceImg: autoDraw = False
10.6216 	EXP 	slider_valence: autoDraw = False
10.6216 	EXP 	text: autoDraw = False
10.6216 	EXP 	text_3: autoDraw = False
10.6216 	EXP 	text_5: text = 'afraid'
10.6216 	EXP 	image_2: image = None
10.6216 	EXP 	slider_arousal: markerPos = None
10.6216 	EXP 	slider_arousal: markerPos = None
10.6216 	EXP 	slider_arousal: rating = None
10.6216 	EXP 	text_5: autoDraw = True
10.6216 	EXP 	image_2: autoDraw = True
10.6216 	EXP 	Arousalimage: autoDraw = True
10.6216 	EXP 	slider_arousal: autoDraw = True
10.6216 	EXP 	text_2: autoDraw = True
10.6216 	EXP 	text_4: autoDraw = True
10.7869 	DATA 	Keypress: space
10.8022 	EXP 	New trial (rep=0, index=3): OrderedDict([('words', 'python'), ('images', None)])
10.8211 	EXP 	text_5: autoDraw = False
10.8211 	EXP 	image_2: autoDraw = False
10.8211 	EXP 	Arousalimage: autoDraw = False
10.8211 	EXP 	slider_arousal: autoDraw = False
10.8211 	EXP 	text_2: autoDraw = False
10.8211 	EXP 	text_4: autoDraw = False
10.8211 	EXP 	text_6: text = 'python'
10.8211 	EXP 	image_1: image = None
10.8211 	EXP 	slider_valence: markerPos = None
10.8211 	EXP 	slider_valence: markerPos = None
10.8211 	EXP 	slider_valence: rating = None
10.8211 	EXP 	text_6: autoDraw = True
10.8211 	EXP 	image_1: autoDraw = True
10.8211 	EXP 	ValenceImg: autoDraw = True
10.8211 	EXP 	slider_valence: autoDraw = True
10.8211 	EXP 	text: autoDraw = True
10.8211 	EXP 	text_3: autoDraw = True
10.9846 	DATA 	Keypress: space
11.0032 	EXP 	text_6: autoDraw = False
11.0032 	EXP 	image_1: autoDraw = False
11.0032 	EXP 	ValenceImg: autoDraw = False
11.0032 	EXP 	slider_valence: autoDraw = False
11.0032 	EXP 	text: autoDraw = False
11.0032 	EXP 	text_3: autoDraw = False
11.0032 	EXP 	text_5: text = 'python'
11.0032 	EXP 	image_2: image = None
11.0032 	EXP 	slider_arousal: markerPos = None
11.0032 	EXP 	slider_arousal: markerPos = None
11.0032 	EXP 	slider_arousal: rating = None
11.0032 	EXP 	text_5: autoDraw = True
11.0032 	EXP 	image_2: autoDraw = True
11.0032 	EXP 	Arousalimage: autoDraw = True
11.0032 	EXP 	slider_arousal: autoDraw = True
11.0032 	EXP 	text_2: autoDraw = True
11.0032 	EXP 	text_4: autoDraw = True
11.2008 	DATA 	Keypress: space
11.2018 	EXP 	New trial (rep=0, index=4): OrderedDict([('words', 'table'), ('images', None)])
11.2173 	EXP 	text_5: autoDraw = False
11.2173 	EXP 	image_2: autoDraw = False
11.2173 	EXP 	Arousalimage: autoDraw = False
11.2173 	EXP 	slider_arousal: autoDraw = False
11.2173 	EXP 	text_2: autoDraw = False
11.2173 	EXP 	text_4: autoDraw = False
11.2173 	EXP 	text_6: text = 'table'
11.2173 	EXP 	image_1: image = None
11.2173 	EXP 	slider_valence: markerPos = None
11.2173 	EXP 	slider_valence: markerPos = None
11.2173 	EXP 	slider_valence: rating = None
11.2173 	EXP 	text_6: autoDraw = True
11.2173 	EXP 	image_1: autoDraw = True
11.2173 	EXP 	ValenceImg: autoDraw = True
11.2173 	EXP 	slider_valence: autoDraw = True
11.2173 	EXP 	text: autoDraw = True
11.2173 	EXP 	text_3: autoDraw = True
11.3847 	DATA 	Keypress: space
11.4016 	EXP 	text_6: autoDraw = False
11.4016 	EXP 	image_1: autoDraw = False
11.4016 	EXP 	ValenceImg: autoDraw = False
11.4016 	EXP 	slider_valence: autoDraw = False
11.4016 	EXP 	text: autoDraw = False
11.4016 	EXP 	text_3: autoDraw = False
11.4016 	EXP 	text_5: text = 'table'
11.4016 	EXP 	image_2: image = None
11.4016 	EXP 	slider_arousal: markerPos = None
11.4016 	EXP 	slider_arousal: markerPos = None
11.4016 	EXP 	slider_arousal: rating = None
11.4016 	EXP 	text_5: autoDraw = True
11.4016 	EXP 	image_2: autoDraw = True
11.4016 	EXP 	Arousalimage: autoDraw = True
11.4016 	EXP 	slider_arousal: autoDraw = True
11.4016 	EXP 	text_2: autoDraw = True
11.4016 	EXP 	text_4: autoDraw = True
11.5714 	DATA 	Keypress: space
11.5869 	EXP 	New trial (rep=0, index=5): OrderedDict([('words', 'divorce'), ('images', None)])
11.6100 	EXP 	text_5: autoDraw = False
11.6100 	EXP 	image_2: autoDraw = False
11.6100 	EXP 	Arousalimage: autoDraw = False
11.6100 	EXP 	slider_arousal: autoDraw = False
11.6100 	EXP 	text_2: autoDraw = False
11.6100 	EXP 	text_4: autoDraw = False
11.6100 	EXP 	text_6: text = 'divorce'
11.6100 	EXP 	image_1: image = None
11.6100 	EXP 	slider_valence: markerPos = None
11.6100 	EXP 	slider_valence: markerPos = None
11.6100 	EXP 	slider_valence: rating = None
11.6100 	EXP 	text_6: autoDraw = True
11.6100 	EXP 	image_1: autoDraw = True
11.6100 	EXP 	ValenceImg: autoDraw = True
11.6100 	EXP 	slider_valence: autoDraw = True
11.6100 	EXP 	text: autoDraw = True
11.6100 	EXP 	text_3: autoDraw = True
11.7841 	DATA 	Keypress: space
11.8005 	EXP 	text_6: autoDraw = False
11.8005 	EXP 	image_1: autoDraw = False
11.8005 	EXP 	ValenceImg: autoDraw = False
11.8005 	EXP 	slider_valence: autoDraw = False
11.8005 	EXP 	text: autoDraw = False
11.8005 	EXP 	text_3: autoDraw = False
11.8005 	EXP 	text_5: text = 'divorce'
11.8005 	EXP 	image_2: image = None
11.8005 	EXP 	slider_arousal: markerPos = None
11.8005 	EXP 	slider_arousal: markerPos = None
11.8005 	EXP 	slider_arousal: rating = None
11.8005 	EXP 	text_5: autoDraw = True
11.8005 	EXP 	image_2: autoDraw = True
11.8005 	EXP 	Arousalimage: autoDraw = True
11.8005 	EXP 	slider_arousal: autoDraw = True
11.8005 	EXP 	text_2: autoDraw = True
11.8005 	EXP 	text_4: autoDraw = True
11.9882 	DATA 	Keypress: space
12.0029 	EXP 	New trial (rep=0, index=6): OrderedDict([('words', None), ('images', 'Pictures/1050.jpg')])
12.0470 	EXP 	text_5: autoDraw = False
12.0470 	EXP 	image_2: autoDraw = False
12.0470 	EXP 	Arousalimage: autoDraw = False
12.0470 	EXP 	slider_arousal: autoDraw = False
12.0470 	EXP 	text_2: autoDraw = False
12.0470 	EXP 	text_4: autoDraw = False
12.0470 	EXP 	text_6: text = 'divorce'
12.0470 	EXP 	image_1: image = 'Pictures/1050.jpg'
12.0470 	EXP 	slider_valence: markerPos = None
12.0470 	EXP 	slider_valence: markerPos = None
12.0470 	EXP 	slider_valence: rating = None
12.0470 	EXP 	text_6: autoDraw = True
12.0470 	EXP 	image_1: autoDraw = True
12.0470 	EXP 	ValenceImg: autoDraw = True
12.0470 	EXP 	slider_valence: autoDraw = True
12.0470 	EXP 	text: autoDraw = True
12.0470 	EXP 	text_3: autoDraw = True
12.2176 	DATA 	Keypress: space
12.2588 	EXP 	text_6: autoDraw = False
12.2588 	EXP 	image_1: autoDraw = False
12.2588 	EXP 	ValenceImg: autoDraw = False
12.2588 	EXP 	slider_valence: autoDraw = False
12.2588 	EXP 	text: autoDraw = False
12.2588 	EXP 	text_3: autoDraw = False
12.2588 	EXP 	text_5: text = 'divorce'
12.2588 	EXP 	image_2: image = 'Pictures/1050.jpg'
12.2588 	EXP 	slider_arousal: markerPos = None
12.2588 	EXP 	slider_arousal: markerPos = None
12.2588 	EXP 	slider_arousal: rating = None
12.2588 	EXP 	text_5: autoDraw = True
12.2588 	EXP 	image_2: autoDraw = True
12.2588 	EXP 	Arousalimage: autoDraw = True
12.2588 	EXP 	slider_arousal: autoDraw = True
12.2588 	EXP 	text_2: autoDraw = True
12.2588 	EXP 	text_4: autoDraw = True
12.5013 	DATA 	Keypress: space
12.5030 	EXP 	New trial (rep=0, index=7): OrderedDict([('words', 'coward'), ('images', None)])
12.5246 	EXP 	text_5: autoDraw = False
12.5246 	EXP 	image_2: autoDraw = False
12.5246 	EXP 	Arousalimage: autoDraw = False
12.5246 	EXP 	slider_arousal: autoDraw = False
12.5246 	EXP 	text_2: autoDraw = False
12.5246 	EXP 	text_4: autoDraw = False
12.5246 	EXP 	text_6: text = 'coward'
12.5246 	EXP 	image_1: image = None
12.5246 	EXP 	slider_valence: markerPos = None
12.5246 	EXP 	slider_valence: markerPos = None
12.5246 	EXP 	slider_valence: rating = None
12.5246 	EXP 	text_6: autoDraw = True
12.5246 	EXP 	image_1: autoDraw = True
12.5246 	EXP 	ValenceImg: autoDraw = True
12.5246 	EXP 	slider_valence: autoDraw = True
12.5246 	EXP 	text: autoDraw = True
12.5246 	EXP 	text_3: autoDraw = True
12.7512 	DATA 	Keypress: space
12.7674 	EXP 	text_6: autoDraw = False
12.7674 	EXP 	image_1: autoDraw = False
12.7674 	EXP 	ValenceImg: autoDraw = False
12.7674 	EXP 	slider_valence: autoDraw = False
12.7674 	EXP 	text: autoDraw = False
12.7674 	EXP 	text_3: autoDraw = False
12.7674 	EXP 	text_5: text = 'coward'
12.7674 	EXP 	image_2: image = None
12.7674 	EXP 	slider_arousal: markerPos = None
12.7674 	EXP 	slider_arousal: markerPos = None
12.7674 	EXP 	slider_arousal: rating = None
12.7674 	EXP 	text_5: autoDraw = True
12.7674 	EXP 	image_2: autoDraw = True
12.7674 	EXP 	Arousalimage: autoDraw = True
12.7674 	EXP 	slider_arousal: autoDraw = True
12.7674 	EXP 	text_2: autoDraw = True
12.7674 	EXP 	text_4: autoDraw = True
13.0349 	DATA 	Keypress: space
13.0370 	EXP 	New trial (rep=0, index=8): OrderedDict([('words', None), ('images', 'Pictures/1070.jpg')])
13.0921 	EXP 	text_5: autoDraw = False
13.0921 	EXP 	image_2: autoDraw = False
13.0921 	EXP 	Arousalimage: autoDraw = False
13.0921 	EXP 	slider_arousal: autoDraw = False
13.0921 	EXP 	text_2: autoDraw = False
13.0921 	EXP 	text_4: autoDraw = False
13.0921 	EXP 	text_6: text = 'coward'
13.0921 	EXP 	image_1: image = 'Pictures/1070.jpg'
13.0921 	EXP 	slider_valence: markerPos = None
13.0921 	EXP 	slider_valence: markerPos = None
13.0921 	EXP 	slider_valence: rating = None
13.0921 	EXP 	text_6: autoDraw = True
13.0921 	EXP 	image_1: autoDraw = True
13.0921 	EXP 	ValenceImg: autoDraw = True
13.0921 	EXP 	slider_valence: autoDraw = True
13.0921 	EXP 	text: autoDraw = True
13.0921 	EXP 	text_3: autoDraw = True
13.2844 	DATA 	Keypress: space
13.3270 	EXP 	text_6: autoDraw = False
13.3270 	EXP 	image_1: autoDraw = False
13.3270 	EXP 	ValenceImg: autoDraw = False
13.3270 	EXP 	slider_valence: autoDraw = False
13.3270 	EXP 	text: autoDraw = False
13.3270 	EXP 	text_3: autoDraw = False
13.3270 	EXP 	text_5: text = 'coward'
13.3270 	EXP 	image_2: image = 'Pictures/1070.jpg'
13.3270 	EXP 	slider_arousal: markerPos = None
13.3270 	EXP 	slider_arousal: markerPos = None
13.3270 	EXP 	slider_arousal: rating = None
13.3270 	EXP 	text_5: autoDraw = True
13.3270 	EXP 	image_2: autoDraw = True
13.3270 	EXP 	Arousalimage: autoDraw = True
13.3270 	EXP 	slider_arousal: autoDraw = True
13.3270 	EXP 	text_2: autoDraw = True
13.3270 	EXP 	text_4: autoDraw = True
13.5889 	DATA 	Keypress: space
13.6030 	EXP 	New trial (rep=0, index=9): OrderedDict([('words', None), ('images', 'Pictures/1051.jpg')])
13.6441 	EXP 	text_5: autoDraw = False
13.6441 	EXP 	image_2: autoDraw = False
13.6441 	EXP 	Arousalimage: autoDraw = False
13.6441 	EXP 	slider_arousal: autoDraw = False
13.6441 	EXP 	text_2: autoDraw = False
13.6441 	EXP 	text_4: autoDraw = False
13.6441 	EXP 	text_6: text = 'coward'
13.6441 	EXP 	image_1: image = 'Pictures/1051.jpg'
13.6441 	EXP 	slider_valence: markerPos = None
13.6441 	EXP 	slider_valence: markerPos = None
13.6441 	EXP 	slider_valence: rating = None
13.6441 	EXP 	text_6: autoDraw = True
13.6441 	EXP 	image_1: autoDraw = True
13.6441 	EXP 	ValenceImg: autoDraw = True
13.6441 	EXP 	slider_valence: autoDraw = True
13.6441 	EXP 	text: autoDraw = True
13.6441 	EXP 	text_3: autoDraw = True
13.8352 	DATA 	Keypress: space
13.8823 	EXP 	text_6: autoDraw = False
13.8823 	EXP 	image_1: autoDraw = False
13.8823 	EXP 	ValenceImg: autoDraw = False
13.8823 	EXP 	slider_valence: autoDraw = False
13.8823 	EXP 	text: autoDraw = False
13.8823 	EXP 	text_3: autoDraw = False
13.8823 	EXP 	text_5: text = 'coward'
13.8823 	EXP 	image_2: image = 'Pictures/1051.jpg'
13.8823 	EXP 	slider_arousal: markerPos = None
13.8823 	EXP 	slider_arousal: markerPos = None
13.8823 	EXP 	slider_arousal: rating = None
13.8823 	EXP 	text_5: autoDraw = True
13.8823 	EXP 	image_2: autoDraw = True
13.8823 	EXP 	Arousalimage: autoDraw = True
13.8823 	EXP 	slider_arousal: autoDraw = True
13.8823 	EXP 	text_2: autoDraw = True
13.8823 	EXP 	text_4: autoDraw = True
14.1014 	DATA 	Keypress: space
14.1034 	EXP 	New trial (rep=0, index=10): OrderedDict([('words', 'cozy'), ('images', None)])
14.1227 	EXP 	text_5: autoDraw = False
14.1227 	EXP 	image_2: autoDraw = False
14.1227 	EXP 	Arousalimage: autoDraw = False
14.1227 	EXP 	slider_arousal: autoDraw = False
14.1227 	EXP 	text_2: autoDraw = False
14.1227 	EXP 	text_4: autoDraw = False
14.1227 	EXP 	text_6: text = 'cozy'
14.1227 	EXP 	image_1: image = None
14.1227 	EXP 	slider_valence: markerPos = None
14.1227 	EXP 	slider_valence: markerPos = None
14.1227 	EXP 	slider_valence: rating = None
14.1227 	EXP 	text_6: autoDraw = True
14.1227 	EXP 	image_1: autoDraw = True
14.1227 	EXP 	ValenceImg: autoDraw = True
14.1227 	EXP 	slider_valence: autoDraw = True
14.1227 	EXP 	text: autoDraw = True
14.1227 	EXP 	text_3: autoDraw = True
14.3346 	DATA 	Keypress: space
14.3505 	EXP 	text_6: autoDraw = False
14.3505 	EXP 	image_1: autoDraw = False
14.3505 	EXP 	ValenceImg: autoDraw = False
14.3505 	EXP 	slider_valence: autoDraw = False
14.3505 	EXP 	text: autoDraw = False
14.3505 	EXP 	text_3: autoDraw = False
14.3505 	EXP 	text_5: text = 'cozy'
14.3505 	EXP 	image_2: image = None
14.3505 	EXP 	slider_arousal: markerPos = None
14.3505 	EXP 	slider_arousal: markerPos = None
14.3505 	EXP 	slider_arousal: rating = None
14.3505 	EXP 	text_5: autoDraw = True
14.3505 	EXP 	image_2: autoDraw = True
14.3505 	EXP 	Arousalimage: autoDraw = True
14.3505 	EXP 	slider_arousal: autoDraw = True
14.3505 	EXP 	text_2: autoDraw = True
14.3505 	EXP 	text_4: autoDraw = True
14.5887 	DATA 	Keypress: space
14.6029 	EXP 	New trial (rep=0, index=11): OrderedDict([('words', None), ('images', 'Pictures/1040.jpg')])
14.6693 	EXP 	text_5: autoDraw = False
14.6693 	EXP 	image_2: autoDraw = False
14.6693 	EXP 	Arousalimage: autoDraw = False
14.6693 	EXP 	slider_arousal: autoDraw = False
14.6693 	EXP 	text_2: autoDraw = False
14.6693 	EXP 	text_4: autoDraw = False
14.6693 	EXP 	text_6: text = 'cozy'
14.6693 	EXP 	image_1: image = 'Pictures/1040.jpg'
14.6693 	EXP 	slider_valence: markerPos = None
14.6693 	EXP 	slider_valence: markerPos = None
14.6693 	EXP 	slider_valence: rating = None
14.6693 	EXP 	text_6: autoDraw = True
14.6693 	EXP 	image_1: autoDraw = True
14.6693 	EXP 	ValenceImg: autoDraw = True
14.6693 	EXP 	slider_valence: autoDraw = True
14.6693 	EXP 	text: autoDraw = True
14.6693 	EXP 	text_3: autoDraw = True
14.9012 	DATA 	Keypress: escape
14.9288 	EXP 	window1: mouseVisible = True
