6.4553 	EXP 	Created window1 = Window(allowGUI=False, allowStencil=False, args=UNKNOWN, autoLog=True, bitsMode=UNKNOWN, blendMode='avg', color=array([0., 0., 0.]), colorSpace='rgb', fullscr=<method-wrapper '__getattribute__' of attributeSetter object at 0x000002DA55531198>, gamma=None, kwargs=UNKNOWN, lms=UNKNOWN, monitor=<psychopy.monitors.calibTools.Monitor object at 0x000002DA55BE0668>, multiSample=False, name='window1', numSamples=2, pos=[0.0, 0.0], screen=0, size=array([1280, 1024]), stereo=False, units='norm', useFBO=True, useRetina=False, viewOri=0.0, viewPos=None, viewScale=None, waitBlanking=True, winType='pyglet')
6.4553 	EXP 	window1: recordFrameIntervals = False
6.6211 	EXP 	window1: recordFrameIntervals = True
6.8055 	EXP 	window1: recordFrameIntervals = False
6.8918 	EXP 	Created text_6 = TextStim(__class__=<class 'psychopy.visual.text.TextStim'>, alignHoriz='center', alignVert='center', antialias=True, autoLog=True, bold=False, color='white', colorSpace='named', contrast=1.0, depth=0.0, flipHoriz=False, flipVert=False, font='Arial', fontFiles=[], height=0.2, italic=False, languageStyle='LTR', name='text_6', opacity=1.0, ori=0, pos=array([0. , 0.5]), rgb=array([255., 255., 255.]), text='default text', units='norm', win=Window(...), wrapWidth=1)
6.8943 	EXP 	Created image_1 = ImageStim(__class__=<class 'psychopy.visual.image.ImageStim'>, autoLog=True, color=array([1., 1., 1.]), colorSpace='rgb', contrast=1.0, depth=-1.0, flipHoriz=False, flipVert=False, image='sin', interpolate=True, mask=None, maskParams=None, name='image_1', opacity=1.0, ori=0.0, pos=array([0. , 0.4]), size=array([1., 1.]), texRes=128, units='norm', win=Window(...))
6.8991 	EXP 	Created ValenceImg = ImageStim(__class__=<class 'psychopy.visual.image.ImageStim'>, autoLog=True, color=array([1., 1., 1.]), colorSpace='rgb', contrast=1.0, depth=-2.0, flipHoriz=False, flipVert=False, image='sam image.png', interpolate=True, mask=None, maskParams=None, name='ValenceImg', opacity=1.0, ori=0.0, pos=array([ 0. , -0.3]), size=array([1.0125    , 0.30078125]), texRes=128, units='norm', win=Window(...))
6.9067 	EXP 	Created unnamed GratingStim = GratingStim(__class__=<class 'psychopy.visual.grating.GratingStim'>, autoDraw=False, autoLog=True, blendmode='avg', color='LightGray', colorSpace='named', contrast=1.0, depth=0, interpolate=False, mask='none', maskParams=None, name='unnamed GratingStim', opacity=1.0, ori=0.0, phase=array([0., 0.]), pos=array([ 0. , -0.6]), rgbPedestal=array([0., 0., 0.]), sf=array([0., 0.]), size=array([1.  , 0.01]), tex='sin', texRes=128, units='norm', win=Window(...))
6.9088 	EXP 	Created unnamed ElementArrayStim = ElementArrayStim(__class__=type(...), autoLog=True, colorSpace='named', colors='LightGray', contrs=array([1., 1., 1., 1., 1.]), depths=0, elementMask=method-wrapper(...), elementTex=method-wrapper(...), fieldDepth=0, fieldPos=array([0., 0.]), fieldShape='circle', fieldSize=array([1., 1.]), interpolate=True, maskParams=None, nElements=5, name='unnamed ElementArrayStim', opacities=array([1., 1., 1., 1., 1.]), oris=array([0., 0., 0., 0., 0.]), phases=ndarray(...), rgbs=ndarray(...), sfs=ndarray(...), sizes=ndarray(...), texRes=48, units='norm', win=Window(...), xys=ndarray(...))
6.9104 	EXP 	Created unnamed Circle = Circle(__class__=<class 'psychopy.visual.circle.Circle'>, autoDraw=False, autoLog=True, closeShape=True, color=method-wrapper(...), colorSpace=None, contrast=1.0, depth=0, fillColor='red', fillColorSpace='named', fillRGB=array([255.,   0.,   0.]), interpolate=True, lineColor='red', lineColorSpace='named', lineRGB=array([255.,   0.,   0.]), lineWidth=1.5, name='unnamed Circle', opacity=1.0, ori=array(0.), pos=array([0., 0.]), size=array([0.05  , 0.0625]), units='norm', vertices=ndarray(...), win=Window(...))
6.9110 	EXP 	Created unnamed Rect = Rect(__class__=<class 'psychopy.visual.rect.Rect'>, autoDraw=False, autoLog=True, closeShape=True, color=method-wrapper(...), colorSpace=None, contrast=1.0, depth=0, fillColor=None, fillColorSpace='rgb', fillRGB=None, interpolate=True, lineColor='DarkGrey', lineColorSpace='named', lineRGB=array([169., 169., 169.]), lineWidth=1.5, name='unnamed Rect', opacity=1.0, ori=array(0.), pos=array([ 0. , -0.6]), size=array([1., 1.]), units='norm', vertices=ndarray(...), win=Window(...))
6.9113 	EXP 	Created slider_valence = Slider(__class__=<class 'psychopy.visual.slider.Slider'>, autoDraw=False, autoLog=True, color='LightGray', depth=0, flip=False, font='HelveticaBold', granularity=1, labelHeight=0.05, labels=None, name='slider_valence', pos=(0, -0.6), readOnly=False, self=UNKNOWN, size=(1, 0.05), style=method-wrapper(...), ticks=array([  1,  25,  50,  75, 100]), units='norm', win=Window(...))
6.9334 	EXP 	Created text = TextStim(__class__=<class 'psychopy.visual.text.TextStim'>, alignHoriz='center', alignVert='center', antialias=True, autoLog=True, bold=False, color='white', colorSpace='named', contrast=1.0, depth=-4.0, flipHoriz=False, flipVert=False, font='Arial', fontFiles=[], height=0.1, italic=False, languageStyle='LTR', name='text', opacity=1.0, ori=0, pos=array([ 0. , -0.3]), rgb=array([255., 255., 255.]), text=str(...), units='norm', win=Window(...), wrapWidth=2)
6.9522 	EXP 	Created text_3 = TextStim(__class__=<class 'psychopy.visual.text.TextStim'>, alignHoriz='center', alignVert='center', antialias=True, autoLog=True, bold=False, color='white', colorSpace='named', contrast=1.0, depth=-6.0, flipHoriz=False, flipVert=False, font='Arial', fontFiles=[], height=0.06, italic=False, languageStyle='LTR', name='text_3', opacity=1.0, ori=0, pos=array([ 0. , -0.9]), rgb=array([255., 255., 255.]), text='Press {Space} to continue', units='norm', win=Window(...), wrapWidth=2)
6.9570 	EXP 	Created text_5 = TextStim(__class__=<class 'psychopy.visual.text.TextStim'>, alignHoriz='center', alignVert='center', antialias=True, autoLog=True, bold=False, color='white', colorSpace='named', contrast=1.0, depth=0.0, flipHoriz=False, flipVert=False, font='Arial', fontFiles=[], height=0.2, italic=False, languageStyle='LTR', name='text_5', opacity=1.0, ori=0, pos=array([0. , 0.5]), rgb=array([255., 255., 255.]), text='default text', units='norm', win=Window(...), wrapWidth=1)
6.9584 	EXP 	Created image_2 = ImageStim(__class__=<class 'psychopy.visual.image.ImageStim'>, autoLog=True, color=array([1., 1., 1.]), colorSpace='rgb', contrast=1.0, depth=-1.0, flipHoriz=False, flipVert=False, image='sin', interpolate=True, mask=None, maskParams=None, name='image_2', opacity=1.0, ori=0.0, pos=array([0. , 0.4]), size=array([1., 1.]), texRes=128, units='norm', win=Window(...))
6.9631 	EXP 	Created Arousalimage = ImageStim(__class__=<class 'psychopy.visual.image.ImageStim'>, autoLog=True, color=array([1., 1., 1.]), colorSpace='rgb', contrast=1.0, depth=-2.0, flipHoriz=False, flipVert=False, image='sam arousal.png', interpolate=True, mask=None, maskParams=None, name='Arousalimage', opacity=1.0, ori=0.0, pos=array([ 0. , -0.3]), size=array([1.0109375 , 0.29882812]), texRes=128, units='norm', win=Window(...))
6.9650 	EXP 	Created unnamed GratingStim = GratingStim(__class__=<class 'psychopy.visual.grating.GratingStim'>, autoDraw=False, autoLog=True, blendmode='avg', color='LightGray', colorSpace='named', contrast=1.0, depth=0, interpolate=False, mask='none', maskParams=None, name='unnamed GratingStim', opacity=1.0, ori=0.0, phase=array([0., 0.]), pos=array([ 0. , -0.6]), rgbPedestal=array([0., 0., 0.]), sf=array([0., 0.]), size=array([1.  , 0.01]), tex='sin', texRes=128, units='norm', win=Window(...))
6.9671 	EXP 	Created unnamed ElementArrayStim = ElementArrayStim(__class__=type(...), autoLog=True, colorSpace='named', colors='LightGray', contrs=array([1., 1., 1., 1., 1.]), depths=0, elementMask=method-wrapper(...), elementTex=method-wrapper(...), fieldDepth=0, fieldPos=array([0., 0.]), fieldShape='circle', fieldSize=array([1., 1.]), interpolate=True, maskParams=None, nElements=5, name='unnamed ElementArrayStim', opacities=array([1., 1., 1., 1., 1.]), oris=array([0., 0., 0., 0., 0.]), phases=ndarray(...), rgbs=ndarray(...), sfs=ndarray(...), sizes=ndarray(...), texRes=48, units='norm', win=Window(...), xys=ndarray(...))
6.9686 	EXP 	Created unnamed Circle = Circle(__class__=<class 'psychopy.visual.circle.Circle'>, autoDraw=False, autoLog=True, closeShape=True, color=method-wrapper(...), colorSpace=None, contrast=1.0, depth=0, fillColor='red', fillColorSpace='named', fillRGB=array([255.,   0.,   0.]), interpolate=True, lineColor='red', lineColorSpace='named', lineRGB=array([255.,   0.,   0.]), lineWidth=1.5, name='unnamed Circle', opacity=1.0, ori=array(0.), pos=array([0., 0.]), size=array([0.05  , 0.0625]), units='norm', vertices=ndarray(...), win=Window(...))
6.9692 	EXP 	Created unnamed Rect = Rect(__class__=<class 'psychopy.visual.rect.Rect'>, autoDraw=False, autoLog=True, closeShape=True, color=method-wrapper(...), colorSpace=None, contrast=1.0, depth=0, fillColor=None, fillColorSpace='rgb', fillRGB=None, interpolate=True, lineColor='DarkGrey', lineColorSpace='named', lineRGB=array([169., 169., 169.]), lineWidth=1.5, name='unnamed Rect', opacity=1.0, ori=array(0.), pos=array([ 0. , -0.6]), size=array([1., 1.]), units='norm', vertices=ndarray(...), win=Window(...))
6.9695 	EXP 	Created slider_arousal = Slider(__class__=<class 'psychopy.visual.slider.Slider'>, autoDraw=False, autoLog=True, color='LightGray', depth=0, flip=False, font='HelveticaBold', granularity=1, labelHeight=0.05, labels=None, name='slider_arousal', pos=(0, -0.6), readOnly=False, self=UNKNOWN, size=(1, 0.05), style=method-wrapper(...), ticks=array([  1,  25,  50,  75, 100]), units='norm', win=Window(...))
6.9834 	EXP 	Created text_2 = TextStim(__class__=<class 'psychopy.visual.text.TextStim'>, alignHoriz='center', alignVert='center', antialias=True, autoLog=True, bold=False, color='white', colorSpace='named', contrast=1.0, depth=-4.0, flipHoriz=False, flipVert=False, font='Arial', fontFiles=[], height=0.1, italic=False, languageStyle='LTR', name='text_2', opacity=1.0, ori=0, pos=array([ 0. , -0.3]), rgb=array([255., 255., 255.]), text=str(...), units='norm', win=Window(...), wrapWidth=2)
6.9891 	EXP 	Created text_4 = TextStim(__class__=<class 'psychopy.visual.text.TextStim'>, alignHoriz='center', alignVert='center', antialias=True, autoLog=True, bold=False, color='white', colorSpace='named', contrast=1.0, depth=-6.0, flipHoriz=False, flipVert=False, font='Arial', fontFiles=[], height=0.06, italic=False, languageStyle='LTR', name='text_4', opacity=1.0, ori=0, pos=array([ 0. , -0.9]), rgb=array([255., 255., 255.]), text='Press {Space} to continue', units='norm', win=Window(...), wrapWidth=1)
7.0006 	EXP 	Imported CueRatings.xlsx as conditions, 18 conditions, 2 params
7.0008 	EXP 	Created sequence: random, trialTypes=18, nReps=1, seed=None
7.0010 	EXP 	New trial (rep=0, index=0): OrderedDict([('words', 'afraid'), ('images', None)])
7.0331 	EXP 	slider_valence: autoLog = True
7.0331 	EXP 	slider_valence: markerPos = None
7.0331 	EXP 	slider_valence: rating = None
7.0331 	EXP 	slider_valence: markerPos = None
7.0331 	EXP 	unnamed Circle: contrast = 1.0
7.0331 	EXP 	unnamed GratingStim: contrast = 1.0
7.0331 	EXP 	slider_valence: contrast = 1.0
7.0331 	EXP 	slider_valence: autoLog = True
7.0331 	EXP 	slider_valence: style = ('rating',)
7.0331 	EXP 	slider_arousal: autoLog = True
7.0331 	EXP 	slider_arousal: markerPos = None
7.0331 	EXP 	slider_arousal: rating = None
7.0331 	EXP 	slider_arousal: markerPos = None
7.0331 	EXP 	unnamed Circle: contrast = 1.0
7.0331 	EXP 	unnamed GratingStim: contrast = 1.0
7.0331 	EXP 	slider_arousal: contrast = 1.0
7.0331 	EXP 	slider_arousal: autoLog = True
7.0331 	EXP 	slider_arousal: style = ('rating',)
7.0331 	EXP 	text_6: text = 'afraid'
7.0331 	EXP 	image_1: image = None
7.0331 	EXP 	slider_valence: markerPos = None
7.0331 	EXP 	slider_valence: markerPos = None
7.0331 	EXP 	slider_valence: rating = None
7.0331 	EXP 	text_6: autoDraw = True
7.0331 	EXP 	image_1: autoDraw = True
7.0331 	EXP 	ValenceImg: autoDraw = True
7.0331 	EXP 	slider_valence: autoDraw = True
7.0331 	EXP 	text: autoDraw = True
7.0331 	EXP 	text_3: autoDraw = True
11.2208 	DATA 	Mouse: Left button down, pos=(472,203)
11.2370 	EXP 	slider_valence: markerPos = 24.5125
11.2370 	EXP 	unnamed Circle: pos = array([[-0.25757576, -0.6       ]])
11.2535 	EXP 	slider_valence: markerPos = 24.5125
11.2704 	EXP 	slider_valence: markerPos = 24.5125
11.2870 	EXP 	slider_valence: markerPos = 24.5125
11.3034 	EXP 	slider_valence: markerPos = 24.5125
11.3042 	DATA 	Mouse:  Left button up, pos=(472,203)
11.3201 	EXP 	slider_valence: markerPos = 25.0
11.3201 	EXP 	slider_valence: rating = 25.0
11.3201 	EXP 	unnamed Circle: pos = array([[-0.25757576, -0.6       ]])
12.3878 	DATA 	Keypress: space
12.4049 	EXP 	text_6: autoDraw = False
12.4049 	EXP 	image_1: autoDraw = False
12.4049 	EXP 	ValenceImg: autoDraw = False
12.4049 	EXP 	slider_valence: autoDraw = False
12.4049 	EXP 	text: autoDraw = False
12.4049 	EXP 	text_3: autoDraw = False
12.4049 	EXP 	text_5: text = 'afraid'
12.4049 	EXP 	image_2: image = None
12.4049 	EXP 	slider_arousal: markerPos = None
12.4049 	EXP 	slider_arousal: markerPos = None
12.4049 	EXP 	slider_arousal: rating = None
12.4049 	EXP 	text_5: autoDraw = True
12.4049 	EXP 	image_2: autoDraw = True
12.4049 	EXP 	Arousalimage: autoDraw = True
12.4049 	EXP 	slider_arousal: autoDraw = True
12.4049 	EXP 	text_2: autoDraw = True
12.4049 	EXP 	text_4: autoDraw = True
13.4874 	DATA 	Mouse: Left button down, pos=(648,209)
13.5036 	EXP 	slider_arousal: markerPos = 51.7375
13.5036 	EXP 	unnamed Circle: pos = array([[ 0.01515152, -0.6       ]])
13.5204 	EXP 	slider_arousal: markerPos = 51.7375
13.5369 	EXP 	slider_arousal: markerPos = 51.7375
13.5532 	EXP 	slider_arousal: markerPos = 51.7375
13.5534 	DATA 	Mouse:  Left button up, pos=(648,209)
13.5697 	EXP 	slider_arousal: markerPos = 52.0
13.5697 	EXP 	slider_arousal: rating = 52.0
13.5697 	EXP 	unnamed Circle: pos = array([[ 0.01515152, -0.6       ]])
16.0545 	DATA 	Keypress: space
16.0569 	EXP 	New trial (rep=0, index=1): OrderedDict([('words', None), ('images', 'Pictures/1051.jpg')])
16.0947 	EXP 	text_5: autoDraw = False
16.0947 	EXP 	image_2: autoDraw = False
16.0947 	EXP 	Arousalimage: autoDraw = False
16.0947 	EXP 	slider_arousal: autoDraw = False
16.0947 	EXP 	text_2: autoDraw = False
16.0947 	EXP 	text_4: autoDraw = False
16.0947 	EXP 	text_6: text = 'afraid'
16.0947 	EXP 	image_1: image = 'Pictures/1051.jpg'
16.0947 	EXP 	slider_valence: markerPos = None
16.0947 	EXP 	slider_valence: markerPos = None
16.0947 	EXP 	slider_valence: rating = None
16.0947 	EXP 	text_6: autoDraw = True
16.0947 	EXP 	image_1: autoDraw = True
16.0947 	EXP 	ValenceImg: autoDraw = True
16.0947 	EXP 	slider_valence: autoDraw = True
16.0947 	EXP 	text: autoDraw = True
16.0947 	EXP 	text_3: autoDraw = True
17.8367 	DATA 	Mouse: Left button down, pos=(472,218)
17.8529 	EXP 	slider_valence: markerPos = 24.5125
17.8529 	EXP 	unnamed Circle: pos = array([[-0.25757576, -0.6       ]])
17.8694 	EXP 	slider_valence: markerPos = 24.5125
17.8862 	EXP 	slider_valence: markerPos = 24.5125
17.9028 	EXP 	slider_valence: markerPos = 24.5125
17.9199 	EXP 	slider_valence: markerPos = 24.5125
17.9202 	DATA 	Mouse:  Left button up, pos=(472,218)
17.9367 	EXP 	slider_valence: markerPos = 25.0
17.9367 	EXP 	slider_valence: rating = 25.0
17.9367 	EXP 	unnamed Circle: pos = array([[-0.25757576, -0.6       ]])
18.7916 	DATA 	Keypress: space
18.8307 	EXP 	text_6: autoDraw = False
18.8307 	EXP 	image_1: autoDraw = False
18.8307 	EXP 	ValenceImg: autoDraw = False
18.8307 	EXP 	slider_valence: autoDraw = False
18.8307 	EXP 	text: autoDraw = False
18.8307 	EXP 	text_3: autoDraw = False
18.8307 	EXP 	text_5: text = 'afraid'
18.8307 	EXP 	image_2: image = 'Pictures/1051.jpg'
18.8307 	EXP 	slider_arousal: markerPos = None
18.8307 	EXP 	slider_arousal: markerPos = None
18.8307 	EXP 	slider_arousal: rating = None
18.8307 	EXP 	text_5: autoDraw = True
18.8307 	EXP 	image_2: autoDraw = True
18.8307 	EXP 	Arousalimage: autoDraw = True
18.8307 	EXP 	slider_arousal: autoDraw = True
18.8307 	EXP 	text_2: autoDraw = True
18.8307 	EXP 	text_4: autoDraw = True
19.8038 	DATA 	Mouse: Left button down, pos=(788,203)
19.8196 	EXP 	slider_arousal: markerPos = 73.39375
19.8196 	EXP 	unnamed Circle: pos = array([[ 0.22727273, -0.6       ]])
19.8366 	EXP 	slider_arousal: markerPos = 73.39375
19.8533 	EXP 	slider_arousal: markerPos = 73.39375
19.8697 	EXP 	slider_arousal: markerPos = 73.39375
19.8863 	EXP 	slider_arousal: markerPos = 73.39375
19.9022 	EXP 	slider_arousal: markerPos = 73.39375
19.9026 	DATA 	Mouse:  Left button up, pos=(788,203)
19.9191 	EXP 	slider_arousal: markerPos = 73.0
19.9191 	EXP 	slider_arousal: rating = 73.0
19.9191 	EXP 	unnamed Circle: pos = array([[ 0.22727273, -0.6       ]])
21.4072 	DATA 	Keypress: space
21.4219 	EXP 	New trial (rep=0, index=2): OrderedDict([('words', 'table'), ('images', None)])
21.4400 	EXP 	text_5: autoDraw = False
21.4400 	EXP 	image_2: autoDraw = False
21.4400 	EXP 	Arousalimage: autoDraw = False
21.4400 	EXP 	slider_arousal: autoDraw = False
21.4400 	EXP 	text_2: autoDraw = False
21.4400 	EXP 	text_4: autoDraw = False
21.4400 	EXP 	text_6: text = 'table'
21.4400 	EXP 	image_1: image = None
21.4400 	EXP 	slider_valence: markerPos = None
21.4400 	EXP 	slider_valence: markerPos = None
21.4400 	EXP 	slider_valence: rating = None
21.4400 	EXP 	text_6: autoDraw = True
21.4400 	EXP 	image_1: autoDraw = True
21.4400 	EXP 	ValenceImg: autoDraw = True
21.4400 	EXP 	slider_valence: autoDraw = True
21.4400 	EXP 	text: autoDraw = True
21.4400 	EXP 	text_3: autoDraw = True
23.1040 	DATA 	Mouse: Left button down, pos=(578,202)
23.1190 	EXP 	slider_valence: markerPos = 40.909375000000004
23.1190 	EXP 	unnamed Circle: pos = array([[-0.0959596, -0.6      ]])
23.1357 	EXP 	slider_valence: markerPos = 40.909375000000004
23.1524 	EXP 	slider_valence: markerPos = 40.909375000000004
23.1690 	EXP 	slider_valence: markerPos = 40.909375000000004
23.1858 	EXP 	slider_valence: markerPos = 40.909375000000004
23.2020 	EXP 	slider_valence: markerPos = 40.909375000000004
23.2023 	DATA 	Mouse:  Left button up, pos=(578,202)
23.2187 	EXP 	slider_valence: markerPos = 41.0
23.2187 	EXP 	slider_valence: rating = 41.0
23.2187 	EXP 	unnamed Circle: pos = array([[-0.0959596, -0.6      ]])
23.7188 	DATA 	Keypress: space
23.7352 	EXP 	text_6: autoDraw = False
23.7352 	EXP 	image_1: autoDraw = False
23.7352 	EXP 	ValenceImg: autoDraw = False
23.7352 	EXP 	slider_valence: autoDraw = False
23.7352 	EXP 	text: autoDraw = False
23.7352 	EXP 	text_3: autoDraw = False
23.7352 	EXP 	text_5: text = 'table'
23.7352 	EXP 	image_2: image = None
23.7352 	EXP 	slider_arousal: markerPos = None
23.7352 	EXP 	slider_arousal: markerPos = None
23.7352 	EXP 	slider_arousal: rating = None
23.7352 	EXP 	text_5: autoDraw = True
23.7352 	EXP 	image_2: autoDraw = True
23.7352 	EXP 	Arousalimage: autoDraw = True
23.7352 	EXP 	slider_arousal: autoDraw = True
23.7352 	EXP 	text_2: autoDraw = True
23.7352 	EXP 	text_4: autoDraw = True
24.7355 	DATA 	Mouse: Left button down, pos=(639,203)
24.7518 	EXP 	slider_arousal: markerPos = 50.3453125
24.7518 	EXP 	unnamed Circle: pos = array([[-0.00505051, -0.6       ]])
24.7686 	EXP 	slider_arousal: markerPos = 50.3453125
24.7853 	EXP 	slider_arousal: markerPos = 50.3453125
24.8020 	EXP 	slider_arousal: markerPos = 50.3453125
24.8186 	EXP 	slider_arousal: markerPos = 50.3453125
24.8351 	EXP 	slider_arousal: markerPos = 50.3453125
24.8354 	DATA 	Mouse:  Left button up, pos=(639,203)
24.8519 	EXP 	slider_arousal: markerPos = 50.0
24.8519 	EXP 	slider_arousal: rating = 50.0
24.8519 	EXP 	unnamed Circle: pos = array([[-0.00505051, -0.6       ]])
25.1689 	DATA 	Keypress: space
25.1696 	EXP 	New trial (rep=0, index=3): OrderedDict([('words', 'statue'), ('images', None)])
25.1851 	EXP 	text_5: autoDraw = False
25.1851 	EXP 	image_2: autoDraw = False
25.1851 	EXP 	Arousalimage: autoDraw = False
25.1851 	EXP 	slider_arousal: autoDraw = False
25.1851 	EXP 	text_2: autoDraw = False
25.1851 	EXP 	text_4: autoDraw = False
25.1851 	EXP 	text_6: text = 'statue'
25.1851 	EXP 	image_1: image = None
25.1851 	EXP 	slider_valence: markerPos = None
25.1851 	EXP 	slider_valence: markerPos = None
25.1851 	EXP 	slider_valence: rating = None
25.1851 	EXP 	text_6: autoDraw = True
25.1851 	EXP 	image_1: autoDraw = True
25.1851 	EXP 	ValenceImg: autoDraw = True
25.1851 	EXP 	slider_valence: autoDraw = True
25.1851 	EXP 	text: autoDraw = True
25.1851 	EXP 	text_3: autoDraw = True
26.4198 	DATA 	Mouse: Left button down, pos=(487,216)
26.4356 	EXP 	slider_valence: markerPos = 26.8328125
26.4356 	EXP 	unnamed Circle: pos = array([[-0.23737374, -0.6       ]])
26.4522 	EXP 	slider_valence: markerPos = 26.8328125
26.4691 	EXP 	slider_valence: markerPos = 26.8328125
26.4857 	EXP 	slider_valence: markerPos = 26.8328125
26.5025 	EXP 	slider_valence: markerPos = 26.8328125
26.5187 	EXP 	slider_valence: markerPos = 26.8328125
26.5190 	DATA 	Mouse:  Left button up, pos=(487,216)
26.5350 	EXP 	slider_valence: markerPos = 27.0
26.5350 	EXP 	slider_valence: rating = 27.0
26.5350 	EXP 	unnamed Circle: pos = array([[-0.23737374, -0.6       ]])
27.0691 	DATA 	Keypress: space
27.0850 	EXP 	text_6: autoDraw = False
27.0850 	EXP 	image_1: autoDraw = False
27.0850 	EXP 	ValenceImg: autoDraw = False
27.0850 	EXP 	slider_valence: autoDraw = False
27.0850 	EXP 	text: autoDraw = False
27.0850 	EXP 	text_3: autoDraw = False
27.0850 	EXP 	text_5: text = 'statue'
27.0850 	EXP 	image_2: image = None
27.0850 	EXP 	slider_arousal: markerPos = None
27.0850 	EXP 	slider_arousal: markerPos = None
27.0850 	EXP 	slider_arousal: rating = None
27.0850 	EXP 	text_5: autoDraw = True
27.0850 	EXP 	image_2: autoDraw = True
27.0850 	EXP 	Arousalimage: autoDraw = True
27.0850 	EXP 	slider_arousal: autoDraw = True
27.0850 	EXP 	text_2: autoDraw = True
27.0850 	EXP 	text_4: autoDraw = True
28.4361 	DATA 	Mouse: Left button down, pos=(639,199)
28.4520 	EXP 	slider_arousal: markerPos = 50.3453125
28.4520 	EXP 	unnamed Circle: pos = array([[-0.00505051, -0.6       ]])
28.4687 	EXP 	slider_arousal: markerPos = 50.3453125
28.4853 	EXP 	slider_arousal: markerPos = 50.3453125
28.5022 	EXP 	slider_arousal: markerPos = 50.3453125
28.5031 	DATA 	Mouse:  Left button up, pos=(639,199)
28.5181 	EXP 	slider_arousal: markerPos = 50.0
28.5181 	EXP 	slider_arousal: rating = 50.0
28.5181 	EXP 	unnamed Circle: pos = array([[-0.00505051, -0.6       ]])
28.8022 	DATA 	Keypress: space
28.8038 	EXP 	New trial (rep=0, index=4): OrderedDict([('words', 'birthday'), ('images', None)])
28.8257 	EXP 	text_5: autoDraw = False
28.8257 	EXP 	image_2: autoDraw = False
28.8257 	EXP 	Arousalimage: autoDraw = False
28.8257 	EXP 	slider_arousal: autoDraw = False
28.8257 	EXP 	text_2: autoDraw = False
28.8257 	EXP 	text_4: autoDraw = False
28.8257 	EXP 	text_6: text = 'birthday'
28.8257 	EXP 	image_1: image = None
28.8257 	EXP 	slider_valence: markerPos = None
28.8257 	EXP 	slider_valence: markerPos = None
28.8257 	EXP 	slider_valence: rating = None
28.8257 	EXP 	text_6: autoDraw = True
28.8257 	EXP 	image_1: autoDraw = True
28.8257 	EXP 	ValenceImg: autoDraw = True
28.8257 	EXP 	slider_valence: autoDraw = True
28.8257 	EXP 	text: autoDraw = True
28.8257 	EXP 	text_3: autoDraw = True
29.4516 	DATA 	Mouse: Left button down, pos=(733,195)
29.4681 	EXP 	slider_valence: markerPos = 64.8859375
29.4681 	EXP 	unnamed Circle: pos = array([[ 0.14646465, -0.6       ]])
29.4847 	EXP 	slider_valence: markerPos = 64.8859375
29.5014 	EXP 	slider_valence: markerPos = 64.8859375
29.5181 	EXP 	slider_valence: markerPos = 64.8859375
29.5347 	EXP 	slider_valence: markerPos = 64.8859375
29.5513 	EXP 	slider_valence: markerPos = 64.8859375
29.5678 	EXP 	slider_valence: markerPos = 64.8859375
29.5681 	DATA 	Mouse:  Left button up, pos=(733,195)
29.5845 	EXP 	slider_valence: markerPos = 65.0
29.5845 	EXP 	slider_valence: rating = 65.0
29.5845 	EXP 	unnamed Circle: pos = array([[ 0.14646465, -0.6       ]])
29.7858 	DATA 	Keypress: space
29.8051 	EXP 	text_6: autoDraw = False
29.8051 	EXP 	image_1: autoDraw = False
29.8051 	EXP 	ValenceImg: autoDraw = False
29.8051 	EXP 	slider_valence: autoDraw = False
29.8051 	EXP 	text: autoDraw = False
29.8051 	EXP 	text_3: autoDraw = False
29.8051 	EXP 	text_5: text = 'birthday'
29.8051 	EXP 	image_2: image = None
29.8051 	EXP 	slider_arousal: markerPos = None
29.8051 	EXP 	slider_arousal: markerPos = None
29.8051 	EXP 	slider_arousal: rating = None
29.8051 	EXP 	text_5: autoDraw = True
29.8051 	EXP 	image_2: autoDraw = True
29.8051 	EXP 	Arousalimage: autoDraw = True
29.8051 	EXP 	slider_arousal: autoDraw = True
29.8051 	EXP 	text_2: autoDraw = True
29.8051 	EXP 	text_4: autoDraw = True
30.3014 	DATA 	Mouse: Left button down, pos=(827,195)
30.3179 	EXP 	slider_arousal: markerPos = 79.4265625
30.3179 	EXP 	unnamed Circle: pos = array([[ 0.28787879, -0.6       ]])
30.3347 	EXP 	slider_arousal: markerPos = 79.4265625
30.3516 	EXP 	slider_arousal: markerPos = 79.4265625
30.3684 	EXP 	slider_arousal: markerPos = 79.4265625
30.3849 	EXP 	slider_arousal: markerPos = 79.4265625
30.4009 	EXP 	slider_arousal: markerPos = 79.4265625
30.4018 	DATA 	Mouse:  Left button up, pos=(827,195)
30.4190 	EXP 	slider_arousal: markerPos = 79.0
30.4190 	EXP 	slider_arousal: rating = 79.0
30.4190 	EXP 	unnamed Circle: pos = array([[ 0.28787879, -0.6       ]])
30.5357 	DATA 	Keypress: space
30.5375 	EXP 	New trial (rep=0, index=5): OrderedDict([('words', 'coward'), ('images', None)])
30.5536 	EXP 	text_5: autoDraw = False
30.5536 	EXP 	image_2: autoDraw = False
30.5536 	EXP 	Arousalimage: autoDraw = False
30.5536 	EXP 	slider_arousal: autoDraw = False
30.5536 	EXP 	text_2: autoDraw = False
30.5536 	EXP 	text_4: autoDraw = False
30.5536 	EXP 	text_6: text = 'coward'
30.5536 	EXP 	image_1: image = None
30.5536 	EXP 	slider_valence: markerPos = None
30.5536 	EXP 	slider_valence: markerPos = None
30.5536 	EXP 	slider_valence: rating = None
30.5536 	EXP 	text_6: autoDraw = True
30.5536 	EXP 	image_1: autoDraw = True
30.5536 	EXP 	ValenceImg: autoDraw = True
30.5536 	EXP 	slider_valence: autoDraw = True
30.5536 	EXP 	text: autoDraw = True
30.5536 	EXP 	text_3: autoDraw = True
30.9536 	DATA 	Mouse: Left button down, pos=(725,204)
30.9682 	EXP 	slider_valence: markerPos = 63.6484375
30.9682 	EXP 	unnamed Circle: pos = array([[ 0.13636364, -0.6       ]])
30.9850 	EXP 	slider_valence: markerPos = 63.6484375
31.0016 	EXP 	slider_valence: markerPos = 63.6484375
31.0183 	EXP 	slider_valence: markerPos = 63.6484375
31.0349 	EXP 	slider_valence: markerPos = 63.6484375
31.0388 	DATA 	Mouse:  Left button up, pos=(725,204)
31.0510 	EXP 	slider_valence: markerPos = 63.6484375
31.0678 	EXP 	slider_valence: markerPos = 64.0
31.0678 	EXP 	slider_valence: rating = 64.0
31.0678 	EXP 	unnamed Circle: pos = array([[ 0.13636364, -0.6       ]])
31.1367 	DATA 	Keypress: space
31.1517 	EXP 	text_6: autoDraw = False
31.1517 	EXP 	image_1: autoDraw = False
31.1517 	EXP 	ValenceImg: autoDraw = False
31.1517 	EXP 	slider_valence: autoDraw = False
31.1517 	EXP 	text: autoDraw = False
31.1517 	EXP 	text_3: autoDraw = False
31.1517 	EXP 	text_5: text = 'coward'
31.1517 	EXP 	image_2: image = None
31.1517 	EXP 	slider_arousal: markerPos = None
31.1517 	EXP 	slider_arousal: markerPos = None
31.1517 	EXP 	slider_arousal: rating = None
31.1517 	EXP 	text_5: autoDraw = True
31.1517 	EXP 	image_2: autoDraw = True
31.1517 	EXP 	Arousalimage: autoDraw = True
31.1517 	EXP 	slider_arousal: autoDraw = True
31.1517 	EXP 	text_2: autoDraw = True
31.1517 	EXP 	text_4: autoDraw = True
31.4412 	DATA 	Mouse: Left button down, pos=(626,206)
31.4680 	EXP 	slider_arousal: markerPos = 48.334375
31.4680 	EXP 	unnamed Circle: pos = array([[-0.02525253, -0.6       ]])
31.4848 	EXP 	slider_arousal: markerPos = 48.334375
31.5015 	EXP 	slider_arousal: markerPos = 48.334375
31.5180 	EXP 	slider_arousal: markerPos = 48.334375
31.5348 	EXP 	slider_arousal: markerPos = 48.334375
31.5510 	EXP 	slider_arousal: markerPos = 48.334375
31.5515 	DATA 	Mouse:  Left button up, pos=(626,206)
31.5677 	EXP 	slider_arousal: markerPos = 48.0
31.5677 	EXP 	slider_arousal: rating = 48.0
31.5677 	EXP 	unnamed Circle: pos = array([[-0.02525253, -0.6       ]])
31.6525 	DATA 	Keypress: space
31.6548 	EXP 	New trial (rep=0, index=6): OrderedDict([('words', None), ('images', 'Pictures/1050.jpg')])
31.6934 	EXP 	text_5: autoDraw = False
31.6934 	EXP 	image_2: autoDraw = False
31.6934 	EXP 	Arousalimage: autoDraw = False
31.6934 	EXP 	slider_arousal: autoDraw = False
31.6934 	EXP 	text_2: autoDraw = False
31.6934 	EXP 	text_4: autoDraw = False
31.6934 	EXP 	text_6: text = 'coward'
31.6934 	EXP 	image_1: image = 'Pictures/1050.jpg'
31.6934 	EXP 	slider_valence: markerPos = None
31.6934 	EXP 	slider_valence: markerPos = None
31.6934 	EXP 	slider_valence: rating = None
31.6934 	EXP 	text_6: autoDraw = True
31.6934 	EXP 	image_1: autoDraw = True
31.6934 	EXP 	ValenceImg: autoDraw = True
31.6934 	EXP 	slider_valence: autoDraw = True
31.6934 	EXP 	text: autoDraw = True
31.6934 	EXP 	text_3: autoDraw = True
31.8413 	DATA 	Mouse: Left button down, pos=(541,209)
31.8687 	EXP 	slider_valence: markerPos = 35.1859375
31.8687 	EXP 	unnamed Circle: pos = array([[-0.15656566, -0.6       ]])
31.8854 	EXP 	slider_valence: markerPos = 35.1859375
31.9021 	EXP 	slider_valence: markerPos = 35.1859375
31.9180 	EXP 	slider_valence: markerPos = 35.1859375
31.9347 	EXP 	slider_valence: markerPos = 35.1859375
31.9513 	EXP 	slider_valence: markerPos = 35.1859375
31.9676 	EXP 	slider_valence: markerPos = 35.1859375
31.9678 	DATA 	Mouse:  Left button up, pos=(541,209)
31.9842 	EXP 	slider_valence: markerPos = 35.0
31.9842 	EXP 	slider_valence: rating = 35.0
31.9842 	EXP 	unnamed Circle: pos = array([[-0.15656566, -0.6       ]])
32.2190 	DATA 	Keypress: space
32.2571 	EXP 	text_6: autoDraw = False
32.2571 	EXP 	image_1: autoDraw = False
32.2571 	EXP 	ValenceImg: autoDraw = False
32.2571 	EXP 	slider_valence: autoDraw = False
32.2571 	EXP 	text: autoDraw = False
32.2571 	EXP 	text_3: autoDraw = False
32.2571 	EXP 	text_5: text = 'coward'
32.2571 	EXP 	image_2: image = 'Pictures/1050.jpg'
32.2571 	EXP 	slider_arousal: markerPos = None
32.2571 	EXP 	slider_arousal: markerPos = None
32.2571 	EXP 	slider_arousal: rating = None
32.2571 	EXP 	text_5: autoDraw = True
32.2571 	EXP 	image_2: autoDraw = True
32.2571 	EXP 	Arousalimage: autoDraw = True
32.2571 	EXP 	slider_arousal: autoDraw = True
32.2571 	EXP 	text_2: autoDraw = True
32.2571 	EXP 	text_4: autoDraw = True
32.7180 	DATA 	Mouse: Left button down, pos=(490,209)
32.7347 	EXP 	slider_arousal: markerPos = 27.296875
32.7347 	EXP 	unnamed Circle: pos = array([[-0.23737374, -0.6       ]])
32.7508 	EXP 	slider_arousal: markerPos = 27.296875
32.7676 	EXP 	slider_arousal: markerPos = 27.296875
32.7841 	EXP 	slider_arousal: markerPos = 27.296875
32.8009 	EXP 	slider_arousal: markerPos = 27.296875
32.8174 	EXP 	slider_arousal: markerPos = 27.296875
32.8177 	DATA 	Mouse:  Left button up, pos=(490,209)
32.8342 	EXP 	slider_arousal: markerPos = 27.0
32.8342 	EXP 	slider_arousal: rating = 27.0
32.8342 	EXP 	unnamed Circle: pos = array([[-0.23737374, -0.6       ]])
32.8850 	DATA 	Keypress: space
32.8869 	EXP 	New trial (rep=0, index=7): OrderedDict([('words', None), ('images', 'Pictures/1040.jpg')])
32.9256 	EXP 	text_5: autoDraw = False
32.9256 	EXP 	image_2: autoDraw = False
32.9256 	EXP 	Arousalimage: autoDraw = False
32.9256 	EXP 	slider_arousal: autoDraw = False
32.9256 	EXP 	text_2: autoDraw = False
32.9256 	EXP 	text_4: autoDraw = False
32.9256 	EXP 	text_6: text = 'coward'
32.9256 	EXP 	image_1: image = 'Pictures/1040.jpg'
32.9256 	EXP 	slider_valence: markerPos = None
32.9256 	EXP 	slider_valence: markerPos = None
32.9256 	EXP 	slider_valence: rating = None
32.9256 	EXP 	text_6: autoDraw = True
32.9256 	EXP 	image_1: autoDraw = True
32.9256 	EXP 	ValenceImg: autoDraw = True
32.9256 	EXP 	slider_valence: autoDraw = True
32.9256 	EXP 	text: autoDraw = True
32.9256 	EXP 	text_3: autoDraw = True
33.4013 	DATA 	Mouse: Left button down, pos=(465,212)
33.4177 	EXP 	slider_valence: markerPos = 23.4296875
33.4177 	EXP 	unnamed Circle: pos = array([[-0.27777778, -0.6       ]])
33.4342 	EXP 	slider_valence: markerPos = 23.4296875
33.4509 	EXP 	slider_valence: markerPos = 23.4296875
33.4675 	EXP 	slider_valence: markerPos = 23.4296875
33.4843 	EXP 	slider_valence: markerPos = 23.4296875
33.5009 	EXP 	slider_valence: markerPos = 23.4296875
33.5177 	EXP 	slider_valence: markerPos = 23.275
33.5181 	DATA 	Mouse:  Left button up, pos=(464,212)
33.5343 	EXP 	slider_valence: markerPos = 23.0
33.5343 	EXP 	slider_valence: rating = 23.0
33.5343 	EXP 	unnamed Circle: pos = array([[-0.27777778, -0.6       ]])
33.6843 	DATA 	Keypress: space
33.7137 	EXP 	text_6: autoDraw = False
33.7137 	EXP 	image_1: autoDraw = False
33.7137 	EXP 	ValenceImg: autoDraw = False
33.7137 	EXP 	slider_valence: autoDraw = False
33.7137 	EXP 	text: autoDraw = False
33.7137 	EXP 	text_3: autoDraw = False
33.7137 	EXP 	text_5: text = 'coward'
33.7137 	EXP 	image_2: image = 'Pictures/1040.jpg'
33.7137 	EXP 	slider_arousal: markerPos = None
33.7137 	EXP 	slider_arousal: markerPos = None
33.7137 	EXP 	slider_arousal: rating = None
33.7137 	EXP 	text_5: autoDraw = True
33.7137 	EXP 	image_2: autoDraw = True
33.7137 	EXP 	Arousalimage: autoDraw = True
33.7137 	EXP 	slider_arousal: autoDraw = True
33.7137 	EXP 	text_2: autoDraw = True
33.7137 	EXP 	text_4: autoDraw = True
34.0575 	DATA 	Mouse: Left button down, pos=(417,213)
34.0840 	EXP 	slider_arousal: markerPos = 16.0046875
34.0840 	EXP 	unnamed Circle: pos = array([[-0.34848485, -0.6       ]])
34.1007 	EXP 	slider_arousal: markerPos = 16.0046875
34.1174 	EXP 	slider_arousal: markerPos = 16.0046875
34.1341 	EXP 	slider_arousal: markerPos = 16.0046875
34.1510 	EXP 	slider_arousal: markerPos = 16.0046875
34.1678 	EXP 	slider_arousal: markerPos = 16.0046875
34.1680 	DATA 	Mouse:  Left button up, pos=(417,213)
34.1841 	EXP 	slider_arousal: markerPos = 16.0
34.1841 	EXP 	slider_arousal: rating = 16.0
34.1841 	EXP 	unnamed Circle: pos = array([[-0.34848485, -0.6       ]])
34.4874 	DATA 	Keypress: space
34.5021 	EXP 	New trial (rep=0, index=8): OrderedDict([('words', 'dollar'), ('images', None)])
34.5177 	EXP 	text_5: autoDraw = False
34.5177 	EXP 	image_2: autoDraw = False
34.5177 	EXP 	Arousalimage: autoDraw = False
34.5177 	EXP 	slider_arousal: autoDraw = False
34.5177 	EXP 	text_2: autoDraw = False
34.5177 	EXP 	text_4: autoDraw = False
34.5177 	EXP 	text_6: text = 'dollar'
34.5177 	EXP 	image_1: image = None
34.5177 	EXP 	slider_valence: markerPos = None
34.5177 	EXP 	slider_valence: markerPos = None
34.5177 	EXP 	slider_valence: rating = None
34.5177 	EXP 	text_6: autoDraw = True
34.5177 	EXP 	image_1: autoDraw = True
34.5177 	EXP 	ValenceImg: autoDraw = True
34.5177 	EXP 	slider_valence: autoDraw = True
34.5177 	EXP 	text: autoDraw = True
34.5177 	EXP 	text_3: autoDraw = True
35.0023 	DATA 	Mouse: Left button down, pos=(583,202)
35.0178 	EXP 	slider_valence: markerPos = 41.682812500000004
35.0178 	EXP 	unnamed Circle: pos = array([[-0.08585859, -0.6       ]])
35.0344 	EXP 	slider_valence: markerPos = 41.682812500000004
35.0510 	EXP 	slider_valence: markerPos = 41.682812500000004
35.0678 	EXP 	slider_valence: markerPos = 41.682812500000004
35.0839 	EXP 	slider_valence: markerPos = 41.682812500000004
35.0842 	DATA 	Mouse:  Left button up, pos=(584,202)
35.1006 	EXP 	slider_valence: markerPos = 42.0
35.1006 	EXP 	slider_valence: rating = 42.0
35.1006 	EXP 	unnamed Circle: pos = array([[-0.08585859, -0.6       ]])
35.1852 	DATA 	Keypress: space
35.2007 	EXP 	text_6: autoDraw = False
35.2007 	EXP 	image_1: autoDraw = False
35.2007 	EXP 	ValenceImg: autoDraw = False
35.2007 	EXP 	slider_valence: autoDraw = False
35.2007 	EXP 	text: autoDraw = False
35.2007 	EXP 	text_3: autoDraw = False
35.2007 	EXP 	text_5: text = 'dollar'
35.2007 	EXP 	image_2: image = None
35.2007 	EXP 	slider_arousal: markerPos = None
35.2007 	EXP 	slider_arousal: markerPos = None
35.2007 	EXP 	slider_arousal: rating = None
35.2007 	EXP 	text_5: autoDraw = True
35.2007 	EXP 	image_2: autoDraw = True
35.2007 	EXP 	Arousalimage: autoDraw = True
35.2007 	EXP 	slider_arousal: autoDraw = True
35.2007 	EXP 	text_2: autoDraw = True
35.2007 	EXP 	text_4: autoDraw = True
35.5848 	DATA 	Mouse: Left button down, pos=(665,197)
35.6010 	EXP 	slider_arousal: markerPos = 54.3671875
35.6010 	EXP 	unnamed Circle: pos = array([[ 0.03535354, -0.6       ]])
35.6176 	EXP 	slider_arousal: markerPos = 54.3671875
35.6342 	EXP 	slider_arousal: markerPos = 54.3671875
35.6505 	EXP 	slider_arousal: markerPos = 54.3671875
35.6673 	EXP 	slider_arousal: markerPos = 54.3671875
35.6840 	EXP 	slider_arousal: markerPos = 54.3671875
35.7005 	EXP 	slider_arousal: markerPos = 54.3671875
35.7007 	DATA 	Mouse:  Left button up, pos=(665,197)
35.7173 	EXP 	slider_arousal: markerPos = 54.0
35.7173 	EXP 	slider_arousal: rating = 54.0
35.7173 	EXP 	unnamed Circle: pos = array([[ 0.03535354, -0.6       ]])
35.8709 	DATA 	Keypress: space
35.8718 	EXP 	New trial (rep=0, index=9): OrderedDict([('words', 'bunny'), ('images', None)])
35.8841 	EXP 	text_5: autoDraw = False
35.8841 	EXP 	image_2: autoDraw = False
35.8841 	EXP 	Arousalimage: autoDraw = False
35.8841 	EXP 	slider_arousal: autoDraw = False
35.8841 	EXP 	text_2: autoDraw = False
35.8841 	EXP 	text_4: autoDraw = False
35.8841 	EXP 	text_6: text = 'bunny'
35.8841 	EXP 	image_1: image = None
35.8841 	EXP 	slider_valence: markerPos = None
35.8841 	EXP 	slider_valence: markerPos = None
35.8841 	EXP 	slider_valence: rating = None
35.8841 	EXP 	text_6: autoDraw = True
35.8841 	EXP 	image_1: autoDraw = True
35.8841 	EXP 	ValenceImg: autoDraw = True
35.8841 	EXP 	slider_valence: autoDraw = True
35.8841 	EXP 	text: autoDraw = True
35.8841 	EXP 	text_3: autoDraw = True
36.4013 	DATA 	Mouse: Left button down, pos=(730,194)
36.4174 	EXP 	slider_valence: markerPos = 64.5765625
36.4174 	EXP 	unnamed Circle: pos = array([[ 0.14646465, -0.6       ]])
36.4343 	EXP 	slider_valence: markerPos = 64.5765625
36.4508 	EXP 	slider_valence: markerPos = 64.5765625
36.4675 	EXP 	slider_valence: markerPos = 64.5765625
36.4842 	EXP 	slider_valence: markerPos = 64.5765625
36.4876 	DATA 	Mouse:  Left button up, pos=(731,194)
36.5006 	EXP 	slider_valence: markerPos = 64.5765625
36.5171 	EXP 	slider_valence: markerPos = 65.0
36.5171 	EXP 	slider_valence: rating = 65.0
36.5171 	EXP 	unnamed Circle: pos = array([[ 0.14646465, -0.6       ]])
36.6181 	DATA 	Keypress: space
36.6339 	EXP 	text_6: autoDraw = False
36.6339 	EXP 	image_1: autoDraw = False
36.6339 	EXP 	ValenceImg: autoDraw = False
36.6339 	EXP 	slider_valence: autoDraw = False
36.6339 	EXP 	text: autoDraw = False
36.6339 	EXP 	text_3: autoDraw = False
36.6339 	EXP 	text_5: text = 'bunny'
36.6339 	EXP 	image_2: image = None
36.6339 	EXP 	slider_arousal: markerPos = None
36.6339 	EXP 	slider_arousal: markerPos = None
36.6339 	EXP 	slider_arousal: rating = None
36.6339 	EXP 	text_5: autoDraw = True
36.6339 	EXP 	image_2: autoDraw = True
36.6339 	EXP 	Arousalimage: autoDraw = True
36.6339 	EXP 	slider_arousal: autoDraw = True
36.6339 	EXP 	text_2: autoDraw = True
36.6339 	EXP 	text_4: autoDraw = True
36.9518 	DATA 	Mouse: Left button down, pos=(809,198)
36.9679 	EXP 	slider_arousal: markerPos = 76.64218749999999
36.9679 	EXP 	unnamed Circle: pos = array([[ 0.26767677, -0.6       ]])
36.9844 	EXP 	slider_arousal: markerPos = 76.64218749999999
37.0012 	EXP 	slider_arousal: markerPos = 76.64218749999999
37.0177 	EXP 	slider_arousal: markerPos = 76.64218749999999
37.0338 	EXP 	slider_arousal: markerPos = 76.64218749999999
37.0340 	DATA 	Mouse:  Left button up, pos=(809,198)
37.0504 	EXP 	slider_arousal: markerPos = 77.0
37.0504 	EXP 	slider_arousal: rating = 77.0
37.0504 	EXP 	unnamed Circle: pos = array([[ 0.26767677, -0.6       ]])
37.1525 	DATA 	Keypress: space
37.1545 	EXP 	New trial (rep=0, index=10): OrderedDict([('words', 'startled'), ('images', None)])
37.1679 	EXP 	text_5: autoDraw = False
37.1679 	EXP 	image_2: autoDraw = False
37.1679 	EXP 	Arousalimage: autoDraw = False
37.1679 	EXP 	slider_arousal: autoDraw = False
37.1679 	EXP 	text_2: autoDraw = False
37.1679 	EXP 	text_4: autoDraw = False
37.1679 	EXP 	text_6: text = 'startled'
37.1679 	EXP 	image_1: image = None
37.1679 	EXP 	slider_valence: markerPos = None
37.1679 	EXP 	slider_valence: markerPos = None
37.1679 	EXP 	slider_valence: rating = None
37.1679 	EXP 	text_6: autoDraw = True
37.1679 	EXP 	image_1: autoDraw = True
37.1679 	EXP 	ValenceImg: autoDraw = True
37.1679 	EXP 	slider_valence: autoDraw = True
37.1679 	EXP 	text: autoDraw = True
37.1679 	EXP 	text_3: autoDraw = True
37.5863 	DATA 	Mouse: Left button down, pos=(717,189)
37.7006 	DATA 	Mouse:  Left button up, pos=(708,189)
38.0853 	DATA 	Mouse: Left button down, pos=(582,209)
38.1014 	EXP 	slider_valence: markerPos = 41.528124999999996
38.1014 	EXP 	unnamed Circle: pos = array([[-0.08585859, -0.6       ]])
38.1181 	EXP 	slider_valence: markerPos = 41.528124999999996
38.1341 	EXP 	slider_valence: markerPos = 41.528124999999996
38.1507 	EXP 	slider_valence: markerPos = 41.528124999999996
38.1676 	EXP 	slider_valence: markerPos = 41.528124999999996
38.1843 	EXP 	slider_valence: markerPos = 41.528124999999996
38.1845 	DATA 	Mouse:  Left button up, pos=(582,209)
38.2003 	EXP 	slider_valence: markerPos = 42.0
38.2003 	EXP 	slider_valence: rating = 42.0
38.2003 	EXP 	unnamed Circle: pos = array([[-0.08585859, -0.6       ]])
38.5173 	DATA 	Keypress: space
38.5338 	EXP 	text_6: autoDraw = False
38.5338 	EXP 	image_1: autoDraw = False
38.5338 	EXP 	ValenceImg: autoDraw = False
38.5338 	EXP 	slider_valence: autoDraw = False
38.5338 	EXP 	text: autoDraw = False
38.5338 	EXP 	text_3: autoDraw = False
38.5338 	EXP 	text_5: text = 'startled'
38.5338 	EXP 	image_2: image = None
38.5338 	EXP 	slider_arousal: markerPos = None
38.5338 	EXP 	slider_arousal: markerPos = None
38.5338 	EXP 	slider_arousal: rating = None
38.5338 	EXP 	text_5: autoDraw = True
38.5338 	EXP 	image_2: autoDraw = True
38.5338 	EXP 	Arousalimage: autoDraw = True
38.5338 	EXP 	slider_arousal: autoDraw = True
38.5338 	EXP 	text_2: autoDraw = True
38.5338 	EXP 	text_4: autoDraw = True
38.8849 	DATA 	Mouse: Left button down, pos=(428,222)
38.9837 	DATA 	Mouse:  Left button up, pos=(428,222)
39.1006 	DATA 	Keypress: space
39.1020 	EXP 	New trial (rep=0, index=11): OrderedDict([('words', 'cozy'), ('images', None)])
39.1175 	EXP 	text_5: autoDraw = False
39.1175 	EXP 	image_2: autoDraw = False
39.1175 	EXP 	Arousalimage: autoDraw = False
39.1175 	EXP 	slider_arousal: autoDraw = False
39.1175 	EXP 	text_2: autoDraw = False
39.1175 	EXP 	text_4: autoDraw = False
39.1175 	EXP 	text_6: text = 'cozy'
39.1175 	EXP 	image_1: image = None
39.1175 	EXP 	slider_valence: markerPos = None
39.1175 	EXP 	slider_valence: markerPos = None
39.1175 	EXP 	slider_valence: rating = None
39.1175 	EXP 	text_6: autoDraw = True
39.1175 	EXP 	image_1: autoDraw = True
39.1175 	EXP 	ValenceImg: autoDraw = True
39.1175 	EXP 	slider_valence: autoDraw = True
39.1175 	EXP 	text: autoDraw = True
39.1175 	EXP 	text_3: autoDraw = True
40.1014 	DATA 	Keypress: space
40.1170 	EXP 	text_6: autoDraw = False
40.1170 	EXP 	image_1: autoDraw = False
40.1170 	EXP 	ValenceImg: autoDraw = False
40.1170 	EXP 	slider_valence: autoDraw = False
40.1170 	EXP 	text: autoDraw = False
40.1170 	EXP 	text_3: autoDraw = False
40.1170 	EXP 	text_5: text = 'cozy'
40.1170 	EXP 	image_2: image = None
40.1170 	EXP 	slider_arousal: markerPos = None
40.1170 	EXP 	slider_arousal: markerPos = None
40.1170 	EXP 	slider_arousal: rating = None
40.1170 	EXP 	text_5: autoDraw = True
40.1170 	EXP 	image_2: autoDraw = True
40.1170 	EXP 	Arousalimage: autoDraw = True
40.1170 	EXP 	slider_arousal: autoDraw = True
40.1170 	EXP 	text_2: autoDraw = True
40.1170 	EXP 	text_4: autoDraw = True
41.4505 	DATA 	Keypress: space
41.4519 	EXP 	New trial (rep=0, index=12): OrderedDict([('words', None), ('images', 'Pictures/1080.jpg')])
41.5028 	EXP 	text_5: autoDraw = False
41.5028 	EXP 	image_2: autoDraw = False
41.5028 	EXP 	Arousalimage: autoDraw = False
41.5028 	EXP 	slider_arousal: autoDraw = False
41.5028 	EXP 	text_2: autoDraw = False
41.5028 	EXP 	text_4: autoDraw = False
41.5028 	EXP 	text_6: text = 'cozy'
41.5028 	EXP 	image_1: image = 'Pictures/1080.jpg'
41.5028 	EXP 	slider_valence: markerPos = None
41.5028 	EXP 	slider_valence: markerPos = None
41.5028 	EXP 	slider_valence: rating = None
41.5028 	EXP 	text_6: autoDraw = True
41.5028 	EXP 	image_1: autoDraw = True
41.5028 	EXP 	ValenceImg: autoDraw = True
41.5028 	EXP 	slider_valence: autoDraw = True
41.5028 	EXP 	text: autoDraw = True
41.5028 	EXP 	text_3: autoDraw = True
42.0556 	DATA 	Keypress: space
42.1021 	EXP 	text_6: autoDraw = False
42.1021 	EXP 	image_1: autoDraw = False
42.1021 	EXP 	ValenceImg: autoDraw = False
42.1021 	EXP 	slider_valence: autoDraw = False
42.1021 	EXP 	text: autoDraw = False
42.1021 	EXP 	text_3: autoDraw = False
42.1021 	EXP 	text_5: text = 'cozy'
42.1021 	EXP 	image_2: image = 'Pictures/1080.jpg'
42.1021 	EXP 	slider_arousal: markerPos = None
42.1021 	EXP 	slider_arousal: markerPos = None
42.1021 	EXP 	slider_arousal: rating = None
42.1021 	EXP 	text_5: autoDraw = True
42.1021 	EXP 	image_2: autoDraw = True
42.1021 	EXP 	Arousalimage: autoDraw = True
42.1021 	EXP 	slider_arousal: autoDraw = True
42.1021 	EXP 	text_2: autoDraw = True
42.1021 	EXP 	text_4: autoDraw = True
42.7838 	DATA 	Keypress: space
42.7855 	EXP 	New trial (rep=0, index=13): OrderedDict([('words', 'impair'), ('images', None)])
42.8038 	EXP 	text_5: autoDraw = False
42.8038 	EXP 	image_2: autoDraw = False
42.8038 	EXP 	Arousalimage: autoDraw = False
42.8038 	EXP 	slider_arousal: autoDraw = False
42.8038 	EXP 	text_2: autoDraw = False
42.8038 	EXP 	text_4: autoDraw = False
42.8038 	EXP 	text_6: text = 'impair'
42.8038 	EXP 	image_1: image = None
42.8038 	EXP 	slider_valence: markerPos = None
42.8038 	EXP 	slider_valence: markerPos = None
42.8038 	EXP 	slider_valence: rating = None
42.8038 	EXP 	text_6: autoDraw = True
42.8038 	EXP 	image_1: autoDraw = True
42.8038 	EXP 	ValenceImg: autoDraw = True
42.8038 	EXP 	slider_valence: autoDraw = True
42.8038 	EXP 	text: autoDraw = True
42.8038 	EXP 	text_3: autoDraw = True
43.4011 	DATA 	Keypress: space
43.4206 	EXP 	text_6: autoDraw = False
43.4206 	EXP 	image_1: autoDraw = False
43.4206 	EXP 	ValenceImg: autoDraw = False
43.4206 	EXP 	slider_valence: autoDraw = False
43.4206 	EXP 	text: autoDraw = False
43.4206 	EXP 	text_3: autoDraw = False
43.4206 	EXP 	text_5: text = 'impair'
43.4206 	EXP 	image_2: image = None
43.4206 	EXP 	slider_arousal: markerPos = None
43.4206 	EXP 	slider_arousal: markerPos = None
43.4206 	EXP 	slider_arousal: rating = None
43.4206 	EXP 	text_5: autoDraw = True
43.4206 	EXP 	image_2: autoDraw = True
43.4206 	EXP 	Arousalimage: autoDraw = True
43.4206 	EXP 	slider_arousal: autoDraw = True
43.4206 	EXP 	text_2: autoDraw = True
43.4206 	EXP 	text_4: autoDraw = True
44.1845 	DATA 	Keypress: space
44.1873 	EXP 	New trial (rep=0, index=14): OrderedDict([('words', 'python'), ('images', None)])
44.2022 	EXP 	text_5: autoDraw = False
44.2022 	EXP 	image_2: autoDraw = False
44.2022 	EXP 	Arousalimage: autoDraw = False
44.2022 	EXP 	slider_arousal: autoDraw = False
44.2022 	EXP 	text_2: autoDraw = False
44.2022 	EXP 	text_4: autoDraw = False
44.2022 	EXP 	text_6: text = 'python'
44.2022 	EXP 	image_1: image = None
44.2022 	EXP 	slider_valence: markerPos = None
44.2022 	EXP 	slider_valence: markerPos = None
44.2022 	EXP 	slider_valence: rating = None
44.2022 	EXP 	text_6: autoDraw = True
44.2022 	EXP 	image_1: autoDraw = True
44.2022 	EXP 	ValenceImg: autoDraw = True
44.2022 	EXP 	slider_valence: autoDraw = True
44.2022 	EXP 	text: autoDraw = True
44.2022 	EXP 	text_3: autoDraw = True
44.8671 	DATA 	Keypress: space
44.8847 	EXP 	text_6: autoDraw = False
44.8847 	EXP 	image_1: autoDraw = False
44.8847 	EXP 	ValenceImg: autoDraw = False
44.8847 	EXP 	slider_valence: autoDraw = False
44.8847 	EXP 	text: autoDraw = False
44.8847 	EXP 	text_3: autoDraw = False
44.8847 	EXP 	text_5: text = 'python'
44.8847 	EXP 	image_2: image = None
44.8847 	EXP 	slider_arousal: markerPos = None
44.8847 	EXP 	slider_arousal: markerPos = None
44.8847 	EXP 	slider_arousal: rating = None
44.8847 	EXP 	text_5: autoDraw = True
44.8847 	EXP 	image_2: autoDraw = True
44.8847 	EXP 	Arousalimage: autoDraw = True
44.8847 	EXP 	slider_arousal: autoDraw = True
44.8847 	EXP 	text_2: autoDraw = True
44.8847 	EXP 	text_4: autoDraw = True
46.2009 	DATA 	Keypress: space
46.2030 	EXP 	New trial (rep=0, index=15): OrderedDict([('words', None), ('images', 'Pictures/1070.jpg')])
46.2510 	EXP 	text_5: autoDraw = False
46.2510 	EXP 	image_2: autoDraw = False
46.2510 	EXP 	Arousalimage: autoDraw = False
46.2510 	EXP 	slider_arousal: autoDraw = False
46.2510 	EXP 	text_2: autoDraw = False
46.2510 	EXP 	text_4: autoDraw = False
46.2510 	EXP 	text_6: text = 'python'
46.2510 	EXP 	image_1: image = 'Pictures/1070.jpg'
46.2510 	EXP 	slider_valence: markerPos = None
46.2510 	EXP 	slider_valence: markerPos = None
46.2510 	EXP 	slider_valence: rating = None
46.2510 	EXP 	text_6: autoDraw = True
46.2510 	EXP 	image_1: autoDraw = True
46.2510 	EXP 	ValenceImg: autoDraw = True
46.2510 	EXP 	slider_valence: autoDraw = True
46.2510 	EXP 	text: autoDraw = True
46.2510 	EXP 	text_3: autoDraw = True
46.8339 	DATA 	Keypress: space
46.8676 	EXP 	text_6: autoDraw = False
46.8676 	EXP 	image_1: autoDraw = False
46.8676 	EXP 	ValenceImg: autoDraw = False
46.8676 	EXP 	slider_valence: autoDraw = False
46.8676 	EXP 	text: autoDraw = False
46.8676 	EXP 	text_3: autoDraw = False
46.8676 	EXP 	text_5: text = 'python'
46.8676 	EXP 	image_2: image = 'Pictures/1070.jpg'
46.8676 	EXP 	slider_arousal: markerPos = None
46.8676 	EXP 	slider_arousal: markerPos = None
46.8676 	EXP 	slider_arousal: rating = None
46.8676 	EXP 	text_5: autoDraw = True
46.8676 	EXP 	image_2: autoDraw = True
46.8676 	EXP 	Arousalimage: autoDraw = True
46.8676 	EXP 	slider_arousal: autoDraw = True
46.8676 	EXP 	text_2: autoDraw = True
46.8676 	EXP 	text_4: autoDraw = True
47.5330 	DATA 	Keypress: space
47.5342 	EXP 	New trial (rep=0, index=16): OrderedDict([('words', None), ('images', 'Pictures/1052.jpg')])
47.5842 	EXP 	text_5: autoDraw = False
47.5842 	EXP 	image_2: autoDraw = False
47.5842 	EXP 	Arousalimage: autoDraw = False
47.5842 	EXP 	slider_arousal: autoDraw = False
47.5842 	EXP 	text_2: autoDraw = False
47.5842 	EXP 	text_4: autoDraw = False
47.5842 	EXP 	text_6: text = 'python'
47.5842 	EXP 	image_1: image = 'Pictures/1052.jpg'
47.5842 	EXP 	slider_valence: markerPos = None
47.5842 	EXP 	slider_valence: markerPos = None
47.5842 	EXP 	slider_valence: rating = None
47.5842 	EXP 	text_6: autoDraw = True
47.5842 	EXP 	image_1: autoDraw = True
47.5842 	EXP 	ValenceImg: autoDraw = True
47.5842 	EXP 	slider_valence: autoDraw = True
47.5842 	EXP 	text: autoDraw = True
47.5842 	EXP 	text_3: autoDraw = True
48.1674 	DATA 	Keypress: space
48.2018 	EXP 	text_6: autoDraw = False
48.2018 	EXP 	image_1: autoDraw = False
48.2018 	EXP 	ValenceImg: autoDraw = False
48.2018 	EXP 	slider_valence: autoDraw = False
48.2018 	EXP 	text: autoDraw = False
48.2018 	EXP 	text_3: autoDraw = False
48.2018 	EXP 	text_5: text = 'python'
48.2018 	EXP 	image_2: image = 'Pictures/1052.jpg'
48.2018 	EXP 	slider_arousal: markerPos = None
48.2018 	EXP 	slider_arousal: markerPos = None
48.2018 	EXP 	slider_arousal: rating = None
48.2018 	EXP 	text_5: autoDraw = True
48.2018 	EXP 	image_2: autoDraw = True
48.2018 	EXP 	Arousalimage: autoDraw = True
48.2018 	EXP 	slider_arousal: autoDraw = True
48.2018 	EXP 	text_2: autoDraw = True
48.2018 	EXP 	text_4: autoDraw = True
49.2170 	DATA 	Keypress: escape
49.2583 	EXP 	window1: mouseVisible = True
