3.5699 	WARNING 	User requested fullscreen with size [1280 1024], but screen is actually [1600, 900]. Using actual size
4.7249 	EXP 	Created window1 = Window(allowGUI=False, allowStencil=False, args=UNKNOWN, autoLog=True, bitsMode=UNKNOWN, blendMode='avg', color=array([0., 0., 0.]), colorSpace='rgb', fullscr=<method-wrapper '__getattribute__' of attributeSetter object at 0x000002157F4D0278>, gamma=None, kwargs=UNKNOWN, lms=UNKNOWN, monitor=<psychopy.monitors.calibTools.Monitor object at 0x000002157FB41438>, multiSample=False, name='window1', numSamples=2, pos=[0.0, 0.0], screen=1, size=array([1600,  900]), stereo=False, units='norm', useFBO=True, useRetina=False, viewOri=0.0, viewPos=None, viewScale=None, waitBlanking=True, winType='pyglet')
4.7249 	EXP 	window1: recordFrameIntervals = False
4.8918 	EXP 	window1: recordFrameIntervals = True
5.0743 	EXP 	window1: recordFrameIntervals = False
5.1366 	EXP 	Created text_6 = TextStim(__class__=<class 'psychopy.visual.text.TextStim'>, alignHoriz='center', alignVert='center', antialias=True, autoLog=True, bold=False, color='white', colorSpace='named', contrast=1.0, depth=0.0, flipHoriz=False, flipVert=False, font='Arial', fontFiles=[], height=0.2, italic=False, languageStyle='LTR', name='text_6', opacity=1.0, ori=0, pos=array([0. , 0.5]), rgb=array([255., 255., 255.]), text='default text', units='norm', win=Window(...), wrapWidth=1)
5.1403 	EXP 	Created image_1 = ImageStim(__class__=<class 'psychopy.visual.image.ImageStim'>, autoLog=True, color=array([1., 1., 1.]), colorSpace='rgb', contrast=1.0, depth=-1.0, flipHoriz=False, flipVert=False, image='sin', interpolate=True, mask=None, maskParams=None, name='image_1', opacity=1.0, ori=0.0, pos=array([0. , 0.4]), size=array([1., 1.]), texRes=128, units='norm', win=Window(...))
5.1891 	EXP 	Created ValenceImg = ImageStim(__class__=<class 'psychopy.visual.image.ImageStim'>, autoLog=True, color=array([1., 1., 1.]), colorSpace='rgb', contrast=1.0, depth=-2.0, flipHoriz=False, flipVert=False, image='sam image.png', interpolate=True, mask=None, maskParams=None, name='ValenceImg', opacity=1.0, ori=0.0, pos=array([ 0. , -0.3]), size=array([0.81      , 0.34222222]), texRes=128, units='norm', win=Window(...))
5.2092 	EXP 	Created unnamed GratingStim = GratingStim(__class__=<class 'psychopy.visual.grating.GratingStim'>, autoDraw=False, autoLog=True, blendmode='avg', color='LightGray', colorSpace='named', contrast=1.0, depth=0, interpolate=False, mask='none', maskParams=None, name='unnamed GratingStim', opacity=1.0, ori=0.0, phase=array([0., 0.]), pos=array([ 0. , -0.6]), rgbPedestal=array([0., 0., 0.]), sf=array([0., 0.]), size=array([0.81  , 0.0081]), tex='sin', texRes=128, units='norm', win=Window(...))
5.2258 	EXP 	Created unnamed ElementArrayStim = ElementArrayStim(__class__=type(...), autoLog=True, colorSpace='named', colors='LightGray', contrs=array([1., 1., 1., 1., 1.]), depths=0, elementMask=method-wrapper(...), elementTex=method-wrapper(...), fieldDepth=0, fieldPos=array([0., 0.]), fieldShape='circle', fieldSize=array([1., 1.]), interpolate=True, maskParams=None, nElements=5, name='unnamed ElementArrayStim', opacities=array([1., 1., 1., 1., 1.]), oris=array([0., 0., 0., 0., 0.]), phases=ndarray(...), rgbs=ndarray(...), sfs=ndarray(...), sizes=ndarray(...), texRes=48, units='norm', win=Window(...), xys=ndarray(...))
5.2297 	EXP 	Created unnamed Circle = Circle(__class__=<class 'psychopy.visual.circle.Circle'>, autoDraw=False, autoLog=True, closeShape=True, color=method-wrapper(...), colorSpace=None, contrast=1.0, depth=0, fillColor='red', fillColorSpace='named', fillRGB=array([255.,   0.,   0.]), interpolate=True, lineColor='red', lineColorSpace='named', lineRGB=array([255.,   0.,   0.]), lineWidth=1.5, name='unnamed Circle', opacity=1.0, ori=array(0.), pos=array([0., 0.]), size=array([0.05      , 0.08888889]), units='norm', vertices=ndarray(...), win=Window(...))
5.2311 	EXP 	Created unnamed Rect = Rect(__class__=<class 'psychopy.visual.rect.Rect'>, autoDraw=False, autoLog=True, closeShape=True, color=method-wrapper(...), colorSpace=None, contrast=1.0, depth=0, fillColor=None, fillColorSpace='rgb', fillRGB=None, interpolate=True, lineColor='DarkGrey', lineColorSpace='named', lineRGB=array([169., 169., 169.]), lineWidth=1.5, name='unnamed Rect', opacity=1.0, ori=array(0.), pos=array([ 0. , -0.6]), size=array([1., 1.]), units='norm', vertices=ndarray(...), win=Window(...))
5.2317 	EXP 	Created slider_valence = Slider(__class__=<class 'psychopy.visual.slider.Slider'>, autoDraw=False, autoLog=True, color='LightGray', depth=0, flip=False, font='HelveticaBold', granularity=1, labelHeight=0.05, labels=None, name='slider_valence', pos=(0, -0.6), readOnly=False, self=UNKNOWN, size=(0.81, 0.05), style=method-wrapper(...), ticks=array([  1,  25,  50,  75, 100]), units='norm', win=Window(...))
5.2616 	EXP 	Created text = TextStim(__class__=<class 'psychopy.visual.text.TextStim'>, alignHoriz='center', alignVert='center', antialias=True, autoLog=True, bold=False, color='white', colorSpace='named', contrast=1.0, depth=-4.0, flipHoriz=False, flipVert=False, font='Arial', fontFiles=[], height=0.1, italic=False, languageStyle='LTR', name='text', opacity=1.0, ori=0, pos=array([ 0.015, -0.3  ]), rgb=array([255., 255., 255.]), text=str(...), units='norm', win=Window(...), wrapWidth=2)
5.2859 	EXP 	Created text_3 = TextStim(__class__=<class 'psychopy.visual.text.TextStim'>, alignHoriz='center', alignVert='center', antialias=True, autoLog=True, bold=False, color='white', colorSpace='named', contrast=1.0, depth=-6.0, flipHoriz=False, flipVert=False, font='Arial', fontFiles=[], height=0.06, italic=False, languageStyle='LTR', name='text_3', opacity=1.0, ori=0, pos=array([ 0. , -0.9]), rgb=array([255., 255., 255.]), text='Press {Space} to continue', units='norm', win=Window(...), wrapWidth=2)
5.2896 	EXP 	Created text_5 = TextStim(__class__=<class 'psychopy.visual.text.TextStim'>, alignHoriz='center', alignVert='center', antialias=True, autoLog=True, bold=False, color='white', colorSpace='named', contrast=1.0, depth=0.0, flipHoriz=False, flipVert=False, font='Arial', fontFiles=[], height=0.2, italic=False, languageStyle='LTR', name='text_5', opacity=1.0, ori=0, pos=array([0. , 0.5]), rgb=array([255., 255., 255.]), text='default text', units='norm', win=Window(...), wrapWidth=1)
5.2910 	EXP 	Created image_2 = ImageStim(__class__=<class 'psychopy.visual.image.ImageStim'>, autoLog=True, color=array([1., 1., 1.]), colorSpace='rgb', contrast=1.0, depth=-1.0, flipHoriz=False, flipVert=False, image='sin', interpolate=True, mask=None, maskParams=None, name='image_2', opacity=1.0, ori=0.0, pos=array([0. , 0.4]), size=array([1., 1.]), texRes=128, units='norm', win=Window(...))
5.3107 	EXP 	Created Arousalimage = ImageStim(__class__=<class 'psychopy.visual.image.ImageStim'>, autoLog=True, color=array([1., 1., 1.]), colorSpace='rgb', contrast=1.0, depth=-2.0, flipHoriz=False, flipVert=False, image='sam arousal.png', interpolate=True, mask=None, maskParams=None, name='Arousalimage', opacity=1.0, ori=0.0, pos=array([ 0. , -0.3]), size=array([0.80875, 0.34   ]), texRes=128, units='norm', win=Window(...))
5.3144 	EXP 	Created unnamed GratingStim = GratingStim(__class__=<class 'psychopy.visual.grating.GratingStim'>, autoDraw=False, autoLog=True, blendmode='avg', color='LightGray', colorSpace='named', contrast=1.0, depth=0, interpolate=False, mask='none', maskParams=None, name='unnamed GratingStim', opacity=1.0, ori=0.0, phase=array([0., 0.]), pos=array([ 0. , -0.6]), rgbPedestal=array([0., 0., 0.]), sf=array([0., 0.]), size=array([0.81  , 0.0081]), tex='sin', texRes=128, units='norm', win=Window(...))
5.3164 	EXP 	Created unnamed ElementArrayStim = ElementArrayStim(__class__=type(...), autoLog=True, colorSpace='named', colors='LightGray', contrs=array([1., 1., 1., 1., 1.]), depths=0, elementMask=method-wrapper(...), elementTex=method-wrapper(...), fieldDepth=0, fieldPos=array([0., 0.]), fieldShape='circle', fieldSize=array([1., 1.]), interpolate=True, maskParams=None, nElements=5, name='unnamed ElementArrayStim', opacities=array([1., 1., 1., 1., 1.]), oris=array([0., 0., 0., 0., 0.]), phases=ndarray(...), rgbs=ndarray(...), sfs=ndarray(...), sizes=ndarray(...), texRes=48, units='norm', win=Window(...), xys=ndarray(...))
5.3181 	EXP 	Created unnamed Circle = Circle(__class__=<class 'psychopy.visual.circle.Circle'>, autoDraw=False, autoLog=True, closeShape=True, color=method-wrapper(...), colorSpace=None, contrast=1.0, depth=0, fillColor='red', fillColorSpace='named', fillRGB=array([255.,   0.,   0.]), interpolate=True, lineColor='red', lineColorSpace='named', lineRGB=array([255.,   0.,   0.]), lineWidth=1.5, name='unnamed Circle', opacity=1.0, ori=array(0.), pos=array([0., 0.]), size=array([0.05      , 0.08888889]), units='norm', vertices=ndarray(...), win=Window(...))
5.3187 	EXP 	Created unnamed Rect = Rect(__class__=<class 'psychopy.visual.rect.Rect'>, autoDraw=False, autoLog=True, closeShape=True, color=method-wrapper(...), colorSpace=None, contrast=1.0, depth=0, fillColor=None, fillColorSpace='rgb', fillRGB=None, interpolate=True, lineColor='DarkGrey', lineColorSpace='named', lineRGB=array([169., 169., 169.]), lineWidth=1.5, name='unnamed Rect', opacity=1.0, ori=array(0.), pos=array([ 0. , -0.6]), size=array([1., 1.]), units='norm', vertices=ndarray(...), win=Window(...))
5.3190 	EXP 	Created slider_arousal = Slider(__class__=<class 'psychopy.visual.slider.Slider'>, autoDraw=False, autoLog=True, color='LightGray', depth=0, flip=False, font='HelveticaBold', granularity=1, labelHeight=0.05, labels=None, name='slider_arousal', pos=(0, -0.6), readOnly=False, self=UNKNOWN, size=(0.81, 0.05), style=method-wrapper(...), ticks=array([  1,  25,  50,  75, 100]), units='norm', win=Window(...))
5.3362 	EXP 	Created text_2 = TextStim(__class__=<class 'psychopy.visual.text.TextStim'>, alignHoriz='center', alignVert='center', antialias=True, autoLog=True, bold=False, color='white', colorSpace='named', contrast=1.0, depth=-4.0, flipHoriz=False, flipVert=False, font='Arial', fontFiles=[], height=0.1, italic=False, languageStyle='LTR', name='text_2', opacity=1.0, ori=0, pos=array([-0.025, -0.3  ]), rgb=array([255., 255., 255.]), text=str(...), units='norm', win=Window(...), wrapWidth=2.5)
5.3405 	EXP 	Created text_4 = TextStim(__class__=<class 'psychopy.visual.text.TextStim'>, alignHoriz='center', alignVert='center', antialias=True, autoLog=True, bold=False, color='white', colorSpace='named', contrast=1.0, depth=-6.0, flipHoriz=False, flipVert=False, font='Arial', fontFiles=[], height=0.06, italic=False, languageStyle='LTR', name='text_4', opacity=1.0, ori=0, pos=array([ 0. , -0.9]), rgb=array([255., 255., 255.]), text='Press {Space} to continue', units='norm', win=Window(...), wrapWidth=1)
5.3529 	EXP 	Imported CueRatings.xlsx as conditions, 18 conditions, 2 params
5.3532 	EXP 	Created sequence: random, trialTypes=18, nReps=1, seed=None
5.3534 	EXP 	New trial (rep=0, index=0): OrderedDict([('words', 'afraid'), ('images', None)])
5.4267 	EXP 	slider_valence: autoLog = True
5.4267 	EXP 	slider_valence: markerPos = None
5.4267 	EXP 	slider_valence: rating = None
5.4267 	EXP 	slider_valence: markerPos = None
5.4267 	EXP 	unnamed Circle: contrast = 1.0
5.4267 	EXP 	unnamed GratingStim: contrast = 1.0
5.4267 	EXP 	slider_valence: contrast = 1.0
5.4267 	EXP 	slider_valence: autoLog = True
5.4267 	EXP 	slider_valence: style = ['rating']
5.4267 	EXP 	slider_arousal: autoLog = True
5.4267 	EXP 	slider_arousal: markerPos = None
5.4267 	EXP 	slider_arousal: rating = None
5.4267 	EXP 	slider_arousal: markerPos = None
5.4267 	EXP 	unnamed Circle: contrast = 1.0
5.4267 	EXP 	unnamed GratingStim: contrast = 1.0
5.4267 	EXP 	slider_arousal: contrast = 1.0
5.4267 	EXP 	slider_arousal: autoLog = True
5.4267 	EXP 	slider_arousal: style = ['rating']
5.4267 	EXP 	text_6: text = 'afraid'
5.4267 	EXP 	image_1: image = None
5.4267 	EXP 	slider_valence: markerPos = None
5.4267 	EXP 	slider_valence: markerPos = None
5.4267 	EXP 	slider_valence: rating = None
5.4267 	EXP 	text_6: autoDraw = True
5.4267 	EXP 	image_1: autoDraw = True
5.4267 	EXP 	ValenceImg: autoDraw = True
5.4267 	EXP 	slider_valence: autoDraw = True
5.4267 	EXP 	text: autoDraw = True
5.4267 	EXP 	text_3: autoDraw = True
11.4918 	DATA 	Mouse: Left button down, pos=(553,193)
11.6405 	DATA 	Mouse:  Left button up, pos=(553,193)
12.0405 	DATA 	Mouse: Left button down, pos=(524,189)
12.0650 	EXP 	slider_valence: markerPos = 8.33333333333334
12.0650 	EXP 	unnamed Circle: pos = array([[-0.34772727, -0.6       ]])
12.0741 	EXP 	slider_valence: markerPos = 8.33333333333334
12.0904 	EXP 	slider_valence: markerPos = 8.33333333333334
12.1068 	EXP 	slider_valence: markerPos = 8.33333333333334
12.1236 	EXP 	slider_valence: markerPos = 8.33333333333334
12.1403 	EXP 	slider_valence: markerPos = 8.33333333333334
12.1570 	EXP 	slider_valence: markerPos = 8.33333333333334
12.1737 	EXP 	slider_valence: markerPos = 8.33333333333334
12.1903 	EXP 	slider_valence: markerPos = 8.33333333333334
12.1908 	DATA 	Mouse:  Left button up, pos=(524,189)
12.2071 	EXP 	slider_valence: markerPos = 8.0
12.2071 	EXP 	slider_valence: rating = 8.0
12.2071 	EXP 	unnamed Circle: pos = array([[-0.34772727, -0.6       ]])
12.5739 	DATA 	Mouse: Left button down, pos=(570,185)
12.5902 	EXP 	slider_valence: markerPos = 15.361111111111114
12.5902 	EXP 	unnamed Circle: pos = array([[-0.29045455, -0.6       ]])
12.6070 	EXP 	slider_valence: markerPos = 15.361111111111114
12.6234 	EXP 	slider_valence: markerPos = 15.361111111111114
12.6402 	EXP 	slider_valence: markerPos = 15.361111111111114
12.6569 	EXP 	slider_valence: markerPos = 15.361111111111114
12.6737 	EXP 	slider_valence: markerPos = 15.361111111111114
12.6902 	EXP 	slider_valence: markerPos = 15.361111111111114
12.7071 	EXP 	slider_valence: markerPos = 15.361111111111114
12.7237 	EXP 	slider_valence: markerPos = 15.361111111111114
12.7240 	DATA 	Mouse:  Left button up, pos=(570,185)
12.7401 	EXP 	slider_valence: markerPos = 15.0
12.7401 	EXP 	slider_valence: rating = 15.0
12.7401 	EXP 	unnamed Circle: pos = array([[-0.29045455, -0.6       ]])
12.9746 	DATA 	Mouse: Left button down, pos=(635,179)
12.9904 	EXP 	slider_valence: markerPos = 25.29166666666667
12.9904 	EXP 	unnamed Circle: pos = array([[-0.20863636, -0.6       ]])
13.0071 	EXP 	slider_valence: markerPos = 25.29166666666667
13.0235 	EXP 	slider_valence: markerPos = 25.29166666666667
13.0403 	EXP 	slider_valence: markerPos = 25.29166666666667
13.0570 	EXP 	slider_valence: markerPos = 25.29166666666667
13.0738 	EXP 	slider_valence: markerPos = 25.29166666666667
13.0906 	EXP 	slider_valence: markerPos = 25.29166666666667
13.1071 	EXP 	slider_valence: markerPos = 25.29166666666667
13.1237 	EXP 	slider_valence: markerPos = 25.44444444444445
13.1406 	EXP 	slider_valence: markerPos = 25.44444444444445
13.1573 	EXP 	slider_valence: markerPos = 26.361111111111114
13.1573 	EXP 	unnamed Circle: pos = array([[-0.20045455, -0.6       ]])
13.1738 	EXP 	slider_valence: markerPos = 28.5
13.1738 	EXP 	unnamed Circle: pos = array([[-0.18409091, -0.6       ]])
13.1907 	EXP 	slider_valence: markerPos = 31.861111111111118
13.1907 	EXP 	unnamed Circle: pos = array([[-0.15136364, -0.6       ]])
13.2070 	EXP 	slider_valence: markerPos = 35.986111111111114
13.2070 	EXP 	unnamed Circle: pos = array([[-0.11863636, -0.6       ]])
13.2235 	EXP 	slider_valence: markerPos = 39.80555555555556
13.2235 	EXP 	unnamed Circle: pos = array([[-0.08590909, -0.6       ]])
13.2400 	EXP 	slider_valence: markerPos = 43.013888888888886
13.2400 	EXP 	unnamed Circle: pos = array([[-0.06136364, -0.6       ]])
13.2568 	EXP 	slider_valence: markerPos = 45.91666666666667
13.2568 	EXP 	unnamed Circle: pos = array([[-0.03681818, -0.6       ]])
13.2734 	EXP 	slider_valence: markerPos = 48.208333333333336
13.2734 	EXP 	unnamed Circle: pos = array([[-0.02045455, -0.6       ]])
13.2901 	EXP 	slider_valence: markerPos = 49.888888888888886
13.2901 	EXP 	unnamed Circle: pos = array([[-0.00409091, -0.6       ]])
13.3068 	EXP 	slider_valence: markerPos = 51.41666666666667
13.3068 	EXP 	unnamed Circle: pos = array([[ 0.00409091, -0.6       ]])
13.3235 	EXP 	slider_valence: markerPos = 52.638888888888886
13.3235 	EXP 	unnamed Circle: pos = array([[ 0.02045455, -0.6       ]])
13.3403 	EXP 	slider_valence: markerPos = 53.708333333333336
13.3403 	EXP 	unnamed Circle: pos = array([[ 0.02863636, -0.6       ]])
13.3570 	EXP 	slider_valence: markerPos = 54.472222222222214
13.3736 	EXP 	slider_valence: markerPos = 54.77777777777777
13.3736 	EXP 	unnamed Circle: pos = array([[ 0.03681818, -0.6       ]])
13.3903 	EXP 	slider_valence: markerPos = 54.93055555555555
13.4069 	EXP 	slider_valence: markerPos = 55.08333333333333
13.4235 	EXP 	slider_valence: markerPos = 55.08333333333333
13.4401 	EXP 	slider_valence: markerPos = 55.08333333333333
13.4571 	EXP 	slider_valence: markerPos = 55.08333333333333
13.4740 	EXP 	slider_valence: markerPos = 55.08333333333333
13.4906 	EXP 	slider_valence: markerPos = 55.08333333333333
13.5072 	EXP 	slider_valence: markerPos = 55.08333333333333
13.5238 	EXP 	slider_valence: markerPos = 55.08333333333333
13.5403 	EXP 	slider_valence: markerPos = 55.08333333333333
13.5570 	EXP 	slider_valence: markerPos = 55.08333333333333
13.5739 	EXP 	slider_valence: markerPos = 55.08333333333333
13.5906 	EXP 	slider_valence: markerPos = 55.08333333333333
13.6071 	EXP 	slider_valence: markerPos = 55.08333333333333
13.6236 	EXP 	slider_valence: markerPos = 55.08333333333333
13.6406 	EXP 	slider_valence: markerPos = 55.08333333333333
13.6572 	EXP 	slider_valence: markerPos = 55.08333333333333
13.6738 	EXP 	slider_valence: markerPos = 55.08333333333333
13.6902 	EXP 	slider_valence: markerPos = 55.08333333333333
13.7069 	EXP 	slider_valence: markerPos = 55.08333333333333
13.7235 	EXP 	slider_valence: markerPos = 55.08333333333333
13.7401 	EXP 	slider_valence: markerPos = 55.08333333333333
13.7572 	EXP 	slider_valence: markerPos = 55.08333333333333
13.7738 	EXP 	slider_valence: markerPos = 55.08333333333333
13.7905 	EXP 	slider_valence: markerPos = 55.08333333333333
13.8068 	EXP 	slider_valence: markerPos = 55.08333333333333
13.8231 	EXP 	slider_valence: markerPos = 55.08333333333333
13.8403 	EXP 	slider_valence: markerPos = 55.08333333333333
13.8568 	EXP 	slider_valence: markerPos = 55.08333333333333
13.8734 	EXP 	slider_valence: markerPos = 55.08333333333333
13.8905 	EXP 	slider_valence: markerPos = 55.08333333333333
13.9069 	EXP 	slider_valence: markerPos = 56.0
13.9069 	EXP 	unnamed Circle: pos = array([[ 0.045, -0.6  ]])
13.9233 	EXP 	slider_valence: markerPos = 56.916666666666664
13.9233 	EXP 	unnamed Circle: pos = array([[ 0.05318182, -0.6       ]])
13.9402 	EXP 	slider_valence: markerPos = 58.13888888888889
13.9402 	EXP 	unnamed Circle: pos = array([[ 0.06136364, -0.6       ]])
13.9570 	EXP 	slider_valence: markerPos = 60.43055555555556
13.9570 	EXP 	unnamed Circle: pos = array([[ 0.07772727, -0.6       ]])
13.9738 	EXP 	slider_valence: markerPos = 61.80555555555555
13.9738 	EXP 	unnamed Circle: pos = array([[ 0.09409091, -0.6       ]])
13.9900 	EXP 	slider_valence: markerPos = 63.333333333333336
13.9900 	EXP 	unnamed Circle: pos = array([[ 0.10227273, -0.6       ]])
14.0071 	EXP 	slider_valence: markerPos = 64.09722222222223
14.0071 	EXP 	unnamed Circle: pos = array([[ 0.11045455, -0.6       ]])
14.0237 	EXP 	slider_valence: markerPos = 64.55555555555554
14.0237 	EXP 	unnamed Circle: pos = array([[ 0.11863636, -0.6       ]])
14.0398 	EXP 	slider_valence: markerPos = 64.55555555555554
14.0566 	EXP 	slider_valence: markerPos = 64.55555555555554
14.0735 	EXP 	slider_valence: markerPos = 64.55555555555554
14.0901 	EXP 	slider_valence: markerPos = 64.55555555555554
14.1066 	EXP 	slider_valence: markerPos = 64.55555555555554
14.1236 	EXP 	slider_valence: markerPos = 64.55555555555554
14.1404 	EXP 	slider_valence: markerPos = 64.55555555555554
14.1568 	EXP 	slider_valence: markerPos = 64.55555555555554
14.1734 	EXP 	slider_valence: markerPos = 64.55555555555554
14.1900 	EXP 	slider_valence: markerPos = 64.55555555555554
14.2066 	EXP 	slider_valence: markerPos = 64.55555555555554
14.2234 	EXP 	slider_valence: markerPos = 64.55555555555554
14.2399 	EXP 	slider_valence: markerPos = 64.55555555555554
14.2567 	EXP 	slider_valence: markerPos = 64.55555555555554
14.2735 	EXP 	slider_valence: markerPos = 64.55555555555554
14.2900 	EXP 	slider_valence: markerPos = 64.55555555555554
14.3068 	EXP 	slider_valence: markerPos = 64.55555555555554
14.3233 	EXP 	slider_valence: markerPos = 64.55555555555554
14.3408 	EXP 	slider_valence: markerPos = 64.55555555555554
14.3575 	EXP 	slider_valence: markerPos = 64.55555555555554
14.3741 	EXP 	slider_valence: markerPos = 64.55555555555554
14.3908 	EXP 	slider_valence: markerPos = 64.55555555555554
14.4075 	EXP 	slider_valence: markerPos = 64.70833333333333
14.4242 	EXP 	slider_valence: markerPos = 65.31944444444444
14.4404 	EXP 	slider_valence: markerPos = 66.84722222222221
14.4404 	EXP 	unnamed Circle: pos = array([[ 0.135, -0.6  ]])
14.4572 	EXP 	slider_valence: markerPos = 69.29166666666666
14.4572 	EXP 	unnamed Circle: pos = array([[ 0.15136364, -0.6       ]])
14.4737 	EXP 	slider_valence: markerPos = 72.34722222222221
14.4737 	EXP 	unnamed Circle: pos = array([[ 0.17590909, -0.6       ]])
14.4903 	EXP 	slider_valence: markerPos = 75.40277777777777
14.4903 	EXP 	unnamed Circle: pos = array([[ 0.20045455, -0.6       ]])
14.5068 	EXP 	slider_valence: markerPos = 78.6111111111111
14.5068 	EXP 	unnamed Circle: pos = array([[ 0.23318182, -0.6       ]])
14.5237 	EXP 	slider_valence: markerPos = 81.66666666666667
14.5237 	EXP 	unnamed Circle: pos = array([[ 0.25772727, -0.6       ]])
14.5406 	EXP 	slider_valence: markerPos = 83.95833333333333
14.5406 	EXP 	unnamed Circle: pos = array([[ 0.27409091, -0.6       ]])
14.5567 	EXP 	slider_valence: markerPos = 85.79166666666666
14.5567 	EXP 	unnamed Circle: pos = array([[ 0.29045455, -0.6       ]])
14.5734 	EXP 	slider_valence: markerPos = 86.70833333333333
14.5734 	EXP 	unnamed Circle: pos = array([[ 0.29863636, -0.6       ]])
14.5901 	EXP 	slider_valence: markerPos = 87.625
14.5901 	EXP 	unnamed Circle: pos = array([[ 0.30681818, -0.6       ]])
14.6066 	EXP 	slider_valence: markerPos = 88.23611111111111
14.6235 	EXP 	slider_valence: markerPos = 88.69444444444444
14.6235 	EXP 	unnamed Circle: pos = array([[ 0.315, -0.6  ]])
14.6401 	EXP 	slider_valence: markerPos = 89.45833333333333
14.6569 	EXP 	slider_valence: markerPos = 90.37499999999999
14.6569 	EXP 	unnamed Circle: pos = array([[ 0.32318182, -0.6       ]])
14.6733 	EXP 	slider_valence: markerPos = 91.44444444444446
14.6733 	EXP 	unnamed Circle: pos = array([[ 0.33136364, -0.6       ]])
14.6905 	EXP 	slider_valence: markerPos = 92.36111111111111
14.6905 	EXP 	unnamed Circle: pos = array([[ 0.33954545, -0.6       ]])
14.7067 	EXP 	slider_valence: markerPos = 93.58333333333333
14.7067 	EXP 	unnamed Circle: pos = array([[ 0.35590909, -0.6       ]])
14.7235 	EXP 	slider_valence: markerPos = 94.5
14.7398 	EXP 	slider_valence: markerPos = 94.95833333333333
14.7398 	EXP 	unnamed Circle: pos = array([[ 0.36409091, -0.6       ]])
14.7566 	EXP 	slider_valence: markerPos = 95.11111111111111
14.7734 	EXP 	slider_valence: markerPos = 95.11111111111111
14.7899 	EXP 	slider_valence: markerPos = 95.26388888888889
14.8067 	EXP 	slider_valence: markerPos = 94.80555555555556
14.8230 	EXP 	slider_valence: markerPos = 92.97222222222221
14.8230 	EXP 	unnamed Circle: pos = array([[ 0.34772727, -0.6       ]])
14.8401 	EXP 	slider_valence: markerPos = 90.06944444444443
14.8401 	EXP 	unnamed Circle: pos = array([[ 0.32318182, -0.6       ]])
14.8566 	EXP 	slider_valence: markerPos = 85.63888888888889
14.8566 	EXP 	unnamed Circle: pos = array([[ 0.29045455, -0.6       ]])
14.8733 	EXP 	slider_valence: markerPos = 79.83333333333333
14.8733 	EXP 	unnamed Circle: pos = array([[ 0.24136364, -0.6       ]])
14.8899 	EXP 	slider_valence: markerPos = 73.11111111111111
14.8899 	EXP 	unnamed Circle: pos = array([[ 0.18409091, -0.6       ]])
14.9063 	EXP 	slider_valence: markerPos = 67.0
14.9063 	EXP 	unnamed Circle: pos = array([[ 0.135, -0.6  ]])
14.9233 	EXP 	slider_valence: markerPos = 61.80555555555555
14.9233 	EXP 	unnamed Circle: pos = array([[ 0.09409091, -0.6       ]])
14.9399 	EXP 	slider_valence: markerPos = 57.375
14.9399 	EXP 	unnamed Circle: pos = array([[ 0.05318182, -0.6       ]])
14.9566 	EXP 	slider_valence: markerPos = 52.02777777777777
14.9566 	EXP 	unnamed Circle: pos = array([[ 0.01227273, -0.6       ]])
14.9736 	EXP 	slider_valence: markerPos = 48.66666666666667
14.9736 	EXP 	unnamed Circle: pos = array([[-0.01227273, -0.6       ]])
14.9901 	EXP 	slider_valence: markerPos = 45.91666666666667
14.9901 	EXP 	unnamed Circle: pos = array([[-0.03681818, -0.6       ]])
15.0069 	EXP 	slider_valence: markerPos = 43.47222222222222
15.0069 	EXP 	unnamed Circle: pos = array([[-0.06136364, -0.6       ]])
15.0235 	EXP 	slider_valence: markerPos = 41.02777777777778
15.0235 	EXP 	unnamed Circle: pos = array([[-0.07772727, -0.6       ]])
15.0400 	EXP 	slider_valence: markerPos = 38.27777777777778
15.0400 	EXP 	unnamed Circle: pos = array([[-0.10227273, -0.6       ]])
15.0566 	EXP 	slider_valence: markerPos = 35.833333333333336
15.0566 	EXP 	unnamed Circle: pos = array([[-0.11863636, -0.6       ]])
15.0736 	EXP 	slider_valence: markerPos = 33.54166666666667
15.0736 	EXP 	unnamed Circle: pos = array([[-0.135, -0.6  ]])
15.0897 	EXP 	slider_valence: markerPos = 31.55555555555556
15.0897 	EXP 	unnamed Circle: pos = array([[-0.15136364, -0.6       ]])
15.1068 	EXP 	slider_valence: markerPos = 29.263888888888893
15.1068 	EXP 	unnamed Circle: pos = array([[-0.17590909, -0.6       ]])
15.1234 	EXP 	slider_valence: markerPos = 27.125
15.1234 	EXP 	unnamed Circle: pos = array([[-0.19227273, -0.6       ]])
15.1399 	EXP 	slider_valence: markerPos = 25.29166666666667
15.1399 	EXP 	unnamed Circle: pos = array([[-0.20863636, -0.6       ]])
15.1566 	EXP 	slider_valence: markerPos = 23.611111111111114
15.1566 	EXP 	unnamed Circle: pos = array([[-0.21681818, -0.6       ]])
15.1733 	EXP 	slider_valence: markerPos = 21.472222222222225
15.1733 	EXP 	unnamed Circle: pos = array([[-0.24136364, -0.6       ]])
15.1901 	EXP 	slider_valence: markerPos = 20.097222222222225
15.1901 	EXP 	unnamed Circle: pos = array([[-0.24954545, -0.6       ]])
15.2073 	EXP 	slider_valence: markerPos = 18.722222222222225
15.2073 	EXP 	unnamed Circle: pos = array([[-0.25772727, -0.6       ]])
15.2234 	EXP 	slider_valence: markerPos = 17.805555555555554
15.2234 	EXP 	unnamed Circle: pos = array([[-0.26590909, -0.6       ]])
15.2398 	EXP 	slider_valence: markerPos = 16.888888888888886
15.2398 	EXP 	unnamed Circle: pos = array([[-0.27409091, -0.6       ]])
15.2562 	EXP 	slider_valence: markerPos = 15.819444444444445
15.2562 	EXP 	unnamed Circle: pos = array([[-0.28227273, -0.6       ]])
15.2734 	EXP 	slider_valence: markerPos = 14.597222222222221
15.2734 	EXP 	unnamed Circle: pos = array([[-0.29045455, -0.6       ]])
15.2906 	EXP 	slider_valence: markerPos = 13.527777777777784
15.2906 	EXP 	unnamed Circle: pos = array([[-0.29863636, -0.6       ]])
15.3063 	EXP 	slider_valence: markerPos = 12.152777777777784
15.3063 	EXP 	unnamed Circle: pos = array([[-0.315, -0.6  ]])
15.3231 	EXP 	slider_valence: markerPos = 11.236111111111118
15.3231 	EXP 	unnamed Circle: pos = array([[-0.32318182, -0.6       ]])
15.3404 	EXP 	slider_valence: markerPos = 10.16666666666667
15.3404 	EXP 	unnamed Circle: pos = array([[-0.33136364, -0.6       ]])
15.3573 	EXP 	slider_valence: markerPos = 8.791666666666668
15.3573 	EXP 	unnamed Circle: pos = array([[-0.33954545, -0.6       ]])
15.3741 	EXP 	slider_valence: markerPos = 7.875000000000003
15.3741 	EXP 	unnamed Circle: pos = array([[-0.34772727, -0.6       ]])
15.3907 	EXP 	slider_valence: markerPos = 7.416666666666673
15.3907 	EXP 	unnamed Circle: pos = array([[-0.35590909, -0.6       ]])
15.4070 	EXP 	slider_valence: markerPos = 7.111111111111116
15.4237 	EXP 	slider_valence: markerPos = 6.805555555555559
15.4406 	EXP 	slider_valence: markerPos = 6.805555555555559
15.4570 	EXP 	slider_valence: markerPos = 6.805555555555559
15.4737 	EXP 	slider_valence: markerPos = 6.805555555555559
15.4902 	EXP 	slider_valence: markerPos = 7.263888888888889
15.5072 	EXP 	slider_valence: markerPos = 8.791666666666668
15.5072 	EXP 	unnamed Circle: pos = array([[-0.33954545, -0.6       ]])
15.5236 	EXP 	slider_valence: markerPos = 12.91666666666667
15.5236 	EXP 	unnamed Circle: pos = array([[-0.30681818, -0.6       ]])
15.5406 	EXP 	slider_valence: markerPos = 14.902777777777779
15.5406 	EXP 	unnamed Circle: pos = array([[-0.29045455, -0.6       ]])
15.5570 	EXP 	slider_valence: markerPos = 21.166666666666668
15.5570 	EXP 	unnamed Circle: pos = array([[-0.24136364, -0.6       ]])
15.5739 	EXP 	slider_valence: markerPos = 26.513888888888893
15.5739 	EXP 	unnamed Circle: pos = array([[-0.19227273, -0.6       ]])
15.5904 	EXP 	slider_valence: markerPos = 31.70833333333334
15.5904 	EXP 	unnamed Circle: pos = array([[-0.15136364, -0.6       ]])
15.6071 	EXP 	slider_valence: markerPos = 36.44444444444445
15.6071 	EXP 	unnamed Circle: pos = array([[-0.11863636, -0.6       ]])
15.6237 	EXP 	slider_valence: markerPos = 41.486111111111114
15.6237 	EXP 	unnamed Circle: pos = array([[-0.07772727, -0.6       ]])
15.6399 	EXP 	slider_valence: markerPos = 46.52777777777778
15.6399 	EXP 	unnamed Circle: pos = array([[-0.02863636, -0.6       ]])
15.6566 	EXP 	slider_valence: markerPos = 52.791666666666664
15.6566 	EXP 	unnamed Circle: pos = array([[ 0.02045455, -0.6       ]])
15.6732 	EXP 	slider_valence: markerPos = 58.29166666666667
15.6732 	EXP 	unnamed Circle: pos = array([[ 0.06136364, -0.6       ]])
15.6901 	EXP 	slider_valence: markerPos = 62.263888888888886
15.6901 	EXP 	unnamed Circle: pos = array([[ 0.09409091, -0.6       ]])
15.7068 	EXP 	slider_valence: markerPos = 65.93055555555556
15.7068 	EXP 	unnamed Circle: pos = array([[ 0.12681818, -0.6       ]])
15.7236 	EXP 	slider_valence: markerPos = 68.52777777777777
15.7236 	EXP 	unnamed Circle: pos = array([[ 0.15136364, -0.6       ]])
15.7399 	EXP 	slider_valence: markerPos = 70.51388888888889
15.7399 	EXP 	unnamed Circle: pos = array([[ 0.16772727, -0.6       ]])
15.7565 	EXP 	slider_valence: markerPos = 72.80555555555556
15.7565 	EXP 	unnamed Circle: pos = array([[ 0.18409091, -0.6       ]])
15.7733 	EXP 	slider_valence: markerPos = 76.01388888888889
15.7733 	EXP 	unnamed Circle: pos = array([[ 0.20863636, -0.6       ]])
15.7899 	EXP 	slider_valence: markerPos = 78.30555555555554
15.7899 	EXP 	unnamed Circle: pos = array([[ 0.225, -0.6  ]])
15.8066 	EXP 	slider_valence: markerPos = 79.98611111111111
15.8066 	EXP 	unnamed Circle: pos = array([[ 0.24136364, -0.6       ]])
15.8230 	EXP 	slider_valence: markerPos = 81.20833333333333
15.8230 	EXP 	unnamed Circle: pos = array([[ 0.24954545, -0.6       ]])
15.8400 	EXP 	slider_valence: markerPos = 82.58333333333333
15.8400 	EXP 	unnamed Circle: pos = array([[ 0.26590909, -0.6       ]])
15.8563 	EXP 	slider_valence: markerPos = 83.80555555555554
15.8563 	EXP 	unnamed Circle: pos = array([[ 0.27409091, -0.6       ]])
15.8734 	EXP 	slider_valence: markerPos = 84.875
15.8734 	EXP 	unnamed Circle: pos = array([[ 0.28227273, -0.6       ]])
15.8899 	EXP 	slider_valence: markerPos = 85.94444444444444
15.8899 	EXP 	unnamed Circle: pos = array([[ 0.29045455, -0.6       ]])
15.9065 	EXP 	slider_valence: markerPos = 86.55555555555556
15.9065 	EXP 	unnamed Circle: pos = array([[ 0.29863636, -0.6       ]])
15.9232 	EXP 	slider_valence: markerPos = 87.01388888888889
15.9399 	EXP 	slider_valence: markerPos = 87.01388888888889
15.9570 	EXP 	slider_valence: markerPos = 87.01388888888889
15.9731 	EXP 	slider_valence: markerPos = 87.01388888888889
15.9896 	EXP 	slider_valence: markerPos = 87.01388888888889
16.0065 	EXP 	slider_valence: markerPos = 87.01388888888889
16.0233 	EXP 	slider_valence: markerPos = 87.01388888888889
16.0401 	EXP 	slider_valence: markerPos = 87.01388888888889
16.0569 	EXP 	slider_valence: markerPos = 87.01388888888889
16.0730 	EXP 	slider_valence: markerPos = 87.01388888888889
16.0900 	EXP 	slider_valence: markerPos = 87.01388888888889
16.1065 	EXP 	slider_valence: markerPos = 87.01388888888889
16.1233 	EXP 	slider_valence: markerPos = 87.01388888888889
16.1397 	EXP 	slider_valence: markerPos = 87.01388888888889
16.1565 	EXP 	slider_valence: markerPos = 87.01388888888889
16.1732 	EXP 	slider_valence: markerPos = 87.01388888888889
16.1899 	EXP 	slider_valence: markerPos = 87.01388888888889
16.2067 	EXP 	slider_valence: markerPos = 87.01388888888889
16.2234 	EXP 	slider_valence: markerPos = 87.01388888888889
16.2402 	EXP 	slider_valence: markerPos = 87.01388888888889
16.2565 	EXP 	slider_valence: markerPos = 87.01388888888889
16.2572 	DATA 	Mouse:  Left button up, pos=(1039,171)
16.2731 	EXP 	slider_valence: markerPos = 87.0
16.2731 	EXP 	slider_valence: rating = 87.0
16.2731 	EXP 	unnamed Circle: pos = array([[ 0.29863636, -0.6       ]])
22.1234 	DATA 	Mouse: Left button down, pos=(1033,184)
22.1393 	EXP 	slider_valence: markerPos = 86.09722222222221
22.1393 	EXP 	unnamed Circle: pos = array([[ 0.29045455, -0.6       ]])
22.1561 	EXP 	slider_valence: markerPos = 86.09722222222221
22.1726 	EXP 	slider_valence: markerPos = 86.09722222222221
22.1896 	EXP 	slider_valence: markerPos = 86.09722222222221
22.2059 	EXP 	slider_valence: markerPos = 85.94444444444444
22.2222 	EXP 	slider_valence: markerPos = 84.72222222222221
22.2222 	EXP 	unnamed Circle: pos = array([[ 0.28227273, -0.6       ]])
22.2393 	EXP 	slider_valence: markerPos = 82.27777777777777
22.2393 	EXP 	unnamed Circle: pos = array([[ 0.25772727, -0.6       ]])
22.2558 	EXP 	slider_valence: markerPos = 78.45833333333334
22.2558 	EXP 	unnamed Circle: pos = array([[ 0.225, -0.6  ]])
22.2723 	EXP 	slider_valence: markerPos = 72.65277777777777
22.2723 	EXP 	unnamed Circle: pos = array([[ 0.18409091, -0.6       ]])
22.2891 	EXP 	slider_valence: markerPos = 65.16666666666667
22.2891 	EXP 	unnamed Circle: pos = array([[ 0.11863636, -0.6       ]])
22.3057 	EXP 	slider_valence: markerPos = 57.375
22.3057 	EXP 	unnamed Circle: pos = array([[ 0.05318182, -0.6       ]])
22.3225 	EXP 	slider_valence: markerPos = 50.65277777777778
22.3225 	EXP 	unnamed Circle: pos = array([[ 0.00409091, -0.6       ]])
22.3394 	EXP 	slider_valence: markerPos = 45.458333333333336
22.3394 	EXP 	unnamed Circle: pos = array([[-0.045, -0.6  ]])
22.3559 	EXP 	slider_valence: markerPos = 41.486111111111114
22.3559 	EXP 	unnamed Circle: pos = array([[-0.07772727, -0.6       ]])
22.3726 	EXP 	slider_valence: markerPos = 38.583333333333336
22.3726 	EXP 	unnamed Circle: pos = array([[-0.09409091, -0.6       ]])
22.3893 	EXP 	slider_valence: markerPos = 36.13888888888889
22.3893 	EXP 	unnamed Circle: pos = array([[-0.11863636, -0.6       ]])
22.4058 	EXP 	slider_valence: markerPos = 34.76388888888889
22.4058 	EXP 	unnamed Circle: pos = array([[-0.12681818, -0.6       ]])
22.4223 	EXP 	slider_valence: markerPos = 33.69444444444445
22.4223 	EXP 	unnamed Circle: pos = array([[-0.135, -0.6  ]])
22.4393 	EXP 	slider_valence: markerPos = 32.16666666666667
22.4393 	EXP 	unnamed Circle: pos = array([[-0.15136364, -0.6       ]])
22.4562 	EXP 	slider_valence: markerPos = 30.944444444444446
22.4562 	EXP 	unnamed Circle: pos = array([[-0.15954545, -0.6       ]])
22.4730 	EXP 	slider_valence: markerPos = 29.569444444444446
22.4730 	EXP 	unnamed Circle: pos = array([[-0.16772727, -0.6       ]])
22.4893 	EXP 	slider_valence: markerPos = 28.34722222222222
22.4893 	EXP 	unnamed Circle: pos = array([[-0.18409091, -0.6       ]])
22.5059 	EXP 	slider_valence: markerPos = 26.81944444444445
22.5059 	EXP 	unnamed Circle: pos = array([[-0.19227273, -0.6       ]])
22.5227 	EXP 	slider_valence: markerPos = 25.44444444444445
22.5227 	EXP 	unnamed Circle: pos = array([[-0.20863636, -0.6       ]])
22.5395 	EXP 	slider_valence: markerPos = 23.916666666666668
22.5395 	EXP 	unnamed Circle: pos = array([[-0.21681818, -0.6       ]])
22.5559 	EXP 	slider_valence: markerPos = 22.38888888888889
22.5559 	EXP 	unnamed Circle: pos = array([[-0.23318182, -0.6       ]])
22.5726 	EXP 	slider_valence: markerPos = 21.319444444444446
22.5726 	EXP 	unnamed Circle: pos = array([[-0.24136364, -0.6       ]])
22.5894 	EXP 	slider_valence: markerPos = 20.250000000000004
22.5894 	EXP 	unnamed Circle: pos = array([[-0.24954545, -0.6       ]])
22.6057 	EXP 	slider_valence: markerPos = 19.486111111111118
22.6057 	EXP 	unnamed Circle: pos = array([[-0.25772727, -0.6       ]])
22.6224 	EXP 	slider_valence: markerPos = 18.875000000000004
22.6390 	EXP 	slider_valence: markerPos = 18.416666666666668
22.6390 	EXP 	unnamed Circle: pos = array([[-0.26590909, -0.6       ]])
22.6559 	EXP 	slider_valence: markerPos = 17.65277777777778
22.6723 	EXP 	slider_valence: markerPos = 17.194444444444446
22.6723 	EXP 	unnamed Circle: pos = array([[-0.27409091, -0.6       ]])
22.6890 	EXP 	slider_valence: markerPos = 16.736111111111114
22.7060 	EXP 	slider_valence: markerPos = 16.58333333333333
22.7227 	EXP 	slider_valence: markerPos = 16.277777777777775
22.7227 	EXP 	unnamed Circle: pos = array([[-0.28227273, -0.6       ]])
22.7391 	EXP 	slider_valence: markerPos = 15.819444444444445
22.7561 	EXP 	slider_valence: markerPos = 15.055555555555562
22.7561 	EXP 	unnamed Circle: pos = array([[-0.29045455, -0.6       ]])
22.7723 	EXP 	slider_valence: markerPos = 14.750000000000005
22.7895 	EXP 	slider_valence: markerPos = 13.986111111111114
22.7895 	EXP 	unnamed Circle: pos = array([[-0.29863636, -0.6       ]])
22.8058 	EXP 	slider_valence: markerPos = 13.527777777777784
22.8221 	EXP 	slider_valence: markerPos = 13.222222222222227
22.8221 	EXP 	unnamed Circle: pos = array([[-0.30681818, -0.6       ]])
22.8391 	EXP 	slider_valence: markerPos = 13.069444444444443
22.8558 	EXP 	slider_valence: markerPos = 13.069444444444443
22.8725 	EXP 	slider_valence: markerPos = 13.069444444444443
22.8891 	EXP 	slider_valence: markerPos = 13.069444444444443
22.9059 	EXP 	slider_valence: markerPos = 13.069444444444443
22.9226 	EXP 	slider_valence: markerPos = 13.069444444444443
22.9391 	EXP 	slider_valence: markerPos = 13.069444444444443
22.9558 	EXP 	slider_valence: markerPos = 13.069444444444443
22.9575 	DATA 	Mouse:  Left button up, pos=(555,210)
22.9724 	EXP 	slider_valence: markerPos = 13.0
22.9724 	EXP 	slider_valence: rating = 13.0
22.9724 	EXP 	unnamed Circle: pos = array([[-0.30681818, -0.6       ]])
24.2952 	DATA 	Keypress: space
24.3325 	EXP 	text_6: autoDraw = False
24.3325 	EXP 	image_1: autoDraw = False
24.3325 	EXP 	ValenceImg: autoDraw = False
24.3325 	EXP 	slider_valence: autoDraw = False
24.3325 	EXP 	text: autoDraw = False
24.3325 	EXP 	text_3: autoDraw = False
24.3325 	EXP 	text_5: text = 'afraid'
24.3325 	EXP 	image_2: image = None
24.3325 	EXP 	slider_arousal: markerPos = None
24.3325 	EXP 	slider_arousal: markerPos = None
24.3325 	EXP 	slider_arousal: rating = None
24.3325 	EXP 	text_5: autoDraw = True
24.3325 	EXP 	image_2: autoDraw = True
24.3325 	EXP 	Arousalimage: autoDraw = True
24.3325 	EXP 	slider_arousal: autoDraw = True
24.3325 	EXP 	text_2: autoDraw = True
24.3325 	EXP 	text_4: autoDraw = True
25.9429 	DATA 	Mouse: Left button down, pos=(845,653)
26.0389 	DATA 	Mouse:  Left button up, pos=(845,653)
26.9739 	DATA 	Mouse: Left button down, pos=(530,207)
27.1554 	EXP 	slider_arousal: markerPos = 23.305555555555557
27.1554 	EXP 	unnamed Circle: pos = array([[-0.225, -0.6  ]])
27.1720 	EXP 	slider_arousal: markerPos = 27.736111111111107
27.1720 	EXP 	unnamed Circle: pos = array([[-0.18409091, -0.6       ]])
27.1886 	EXP 	slider_arousal: markerPos = 33.236111111111114
27.1886 	EXP 	unnamed Circle: pos = array([[-0.14318182, -0.6       ]])
27.2053 	EXP 	slider_arousal: markerPos = 36.59722222222223
27.2053 	EXP 	unnamed Circle: pos = array([[-0.11045455, -0.6       ]])
27.2222 	EXP 	slider_arousal: markerPos = 39.65277777777778
27.2222 	EXP 	unnamed Circle: pos = array([[-0.08590909, -0.6       ]])
27.2389 	EXP 	slider_arousal: markerPos = 42.40277777777777
27.2389 	EXP 	unnamed Circle: pos = array([[-0.06954545, -0.6       ]])
27.2555 	EXP 	slider_arousal: markerPos = 44.69444444444444
27.2555 	EXP 	unnamed Circle: pos = array([[-0.045, -0.6  ]])
27.2719 	EXP 	slider_arousal: markerPos = 45.76388888888889
27.2719 	EXP 	unnamed Circle: pos = array([[-0.03681818, -0.6       ]])
27.2885 	EXP 	slider_arousal: markerPos = 46.68055555555556
27.2885 	EXP 	unnamed Circle: pos = array([[-0.02863636, -0.6       ]])
27.3051 	EXP 	slider_arousal: markerPos = 47.29166666666667
27.3219 	EXP 	slider_arousal: markerPos = 47.90277777777778
27.3219 	EXP 	unnamed Circle: pos = array([[-0.02045455, -0.6       ]])
27.3384 	EXP 	slider_arousal: markerPos = 48.208333333333336
27.3553 	EXP 	slider_arousal: markerPos = 48.361111111111114
27.3575 	DATA 	Mouse:  Left button up, pos=(786,168)
27.3719 	EXP 	slider_arousal: markerPos = 48.361111111111114
27.3885 	EXP 	slider_arousal: markerPos = 48.0
27.3885 	EXP 	slider_arousal: rating = 48.0
27.3885 	EXP 	unnamed Circle: pos = array([[-0.02045455, -0.6       ]])
28.1894 	DATA 	Keypress: escape
28.2277 	EXP 	window1: mouseVisible = True
