3.1258 	WARNING 	User requested fullscreen with size [1280 1024], but screen is actually [1600, 900]. Using actual size
3.9373 	EXP 	Created window1 = Window(allowGUI=False, allowStencil=False, args=UNKNOWN, autoLog=True, bitsMode=UNKNOWN, blendMode='avg', color=array([0., 0., 0.]), colorSpace='rgb', fullscr=<method-wrapper '__getattribute__' of attributeSetter object at 0x000001A3E3A20358>, gamma=None, kwargs=UNKNOWN, lms=UNKNOWN, monitor=<psychopy.monitors.calibTools.Monitor object at 0x000001A3E4092828>, multiSample=False, name='window1', numSamples=2, pos=[0.0, 0.0], screen=1, size=array([1600,  900]), stereo=False, units='norm', useFBO=True, useRetina=False, viewOri=0.0, viewPos=None, viewScale=None, waitBlanking=True, winType='pyglet')
3.9373 	EXP 	window1: recordFrameIntervals = False
4.1032 	EXP 	window1: recordFrameIntervals = True
4.2870 	EXP 	window1: recordFrameIntervals = False
4.3598 	EXP 	Created text_6 = TextStim(__class__=<class 'psychopy.visual.text.TextStim'>, alignHoriz='center', alignVert='center', antialias=True, autoLog=True, bold=False, color='white', colorSpace='named', contrast=1.0, depth=0.0, flipHoriz=False, flipVert=False, font='Arial', fontFiles=[], height=0.2, italic=False, languageStyle='LTR', name='text_6', opacity=1.0, ori=0, pos=array([0. , 0.5]), rgb=array([255., 255., 255.]), text='default text', units='norm', win=Window(...), wrapWidth=1)
4.3621 	EXP 	Created image_1 = ImageStim(__class__=<class 'psychopy.visual.image.ImageStim'>, autoLog=True, color=array([1., 1., 1.]), colorSpace='rgb', contrast=1.0, depth=-1.0, flipHoriz=False, flipVert=False, image='sin', interpolate=True, mask=None, maskParams=None, name='image_1', opacity=1.0, ori=0.0, pos=array([0. , 0.4]), size=array([1., 1.]), texRes=128, units='norm', win=Window(...))
4.3668 	EXP 	Created ValenceImg = ImageStim(__class__=<class 'psychopy.visual.image.ImageStim'>, autoLog=True, color=array([1., 1., 1.]), colorSpace='rgb', contrast=1.0, depth=-2.0, flipHoriz=False, flipVert=False, image='sam image.png', interpolate=True, mask=None, maskParams=None, name='ValenceImg', opacity=1.0, ori=0.0, pos=array([ 0. , -0.3]), size=array([0.81      , 0.34222222]), texRes=128, units='norm', win=Window(...))
4.3742 	EXP 	Created unnamed GratingStim = GratingStim(__class__=<class 'psychopy.visual.grating.GratingStim'>, autoDraw=False, autoLog=True, blendmode='avg', color='LightGray', colorSpace='named', contrast=1.0, depth=0, interpolate=False, mask='none', maskParams=None, name='unnamed GratingStim', opacity=1.0, ori=0.0, phase=array([0., 0.]), pos=array([ 0. , -0.6]), rgbPedestal=array([0., 0., 0.]), sf=array([0., 0.]), size=array([0.81  , 0.0081]), tex='sin', texRes=128, units='norm', win=Window(...))
4.3763 	EXP 	Created unnamed ElementArrayStim = ElementArrayStim(__class__=type(...), autoLog=True, colorSpace='named', colors='LightGray', contrs=array([1., 1., 1., 1., 1.]), depths=0, elementMask=method-wrapper(...), elementTex=method-wrapper(...), fieldDepth=0, fieldPos=array([0., 0.]), fieldShape='circle', fieldSize=array([1., 1.]), interpolate=True, maskParams=None, nElements=5, name='unnamed ElementArrayStim', opacities=array([1., 1., 1., 1., 1.]), oris=array([0., 0., 0., 0., 0.]), phases=ndarray(...), rgbs=ndarray(...), sfs=ndarray(...), sizes=ndarray(...), texRes=48, units='norm', win=Window(...), xys=ndarray(...))
4.3779 	EXP 	Created unnamed Circle = Circle(__class__=<class 'psychopy.visual.circle.Circle'>, autoDraw=False, autoLog=True, closeShape=True, color=method-wrapper(...), colorSpace=None, contrast=1.0, depth=0, fillColor='red', fillColorSpace='named', fillRGB=array([255.,   0.,   0.]), interpolate=True, lineColor='red', lineColorSpace='named', lineRGB=array([255.,   0.,   0.]), lineWidth=1.5, name='unnamed Circle', opacity=1.0, ori=array(0.), pos=array([0., 0.]), size=array([0.05      , 0.08888889]), units='norm', vertices=ndarray(...), win=Window(...))
4.3785 	EXP 	Created unnamed Rect = Rect(__class__=<class 'psychopy.visual.rect.Rect'>, autoDraw=False, autoLog=True, closeShape=True, color=method-wrapper(...), colorSpace=None, contrast=1.0, depth=0, fillColor=None, fillColorSpace='rgb', fillRGB=None, interpolate=True, lineColor='DarkGrey', lineColorSpace='named', lineRGB=array([169., 169., 169.]), lineWidth=1.5, name='unnamed Rect', opacity=1.0, ori=array(0.), pos=array([ 0. , -0.6]), size=array([1., 1.]), units='norm', vertices=ndarray(...), win=Window(...))
4.3788 	EXP 	Created slider_valence = Slider(__class__=<class 'psychopy.visual.slider.Slider'>, autoDraw=False, autoLog=True, color='LightGray', depth=0, flip=False, font='HelveticaBold', granularity=1, labelHeight=0.05, labels=None, name='slider_valence', pos=(0, -0.6), readOnly=False, self=UNKNOWN, size=(0.81, 0.05), style=method-wrapper(...), ticks=array([  1,  25,  50,  75, 100]), units='norm', win=Window(...))
4.4001 	EXP 	Created text = TextStim(__class__=<class 'psychopy.visual.text.TextStim'>, alignHoriz='center', alignVert='center', antialias=True, autoLog=True, bold=False, color='white', colorSpace='named', contrast=1.0, depth=-4.0, flipHoriz=False, flipVert=False, font='Arial', fontFiles=[], height=0.1, italic=False, languageStyle='LTR', name='text', opacity=1.0, ori=0, pos=array([ 0.015, -0.3  ]), rgb=array([255., 255., 255.]), text=str(...), units='norm', win=Window(...), wrapWidth=2)
4.4190 	EXP 	Created text_3 = TextStim(__class__=<class 'psychopy.visual.text.TextStim'>, alignHoriz='center', alignVert='center', antialias=True, autoLog=True, bold=False, color='white', colorSpace='named', contrast=1.0, depth=-6.0, flipHoriz=False, flipVert=False, font='Arial', fontFiles=[], height=0.06, italic=False, languageStyle='LTR', name='text_3', opacity=1.0, ori=0, pos=array([ 0. , -0.9]), rgb=array([255., 255., 255.]), text='Press {Space} to continue', units='norm', win=Window(...), wrapWidth=2)
4.4237 	EXP 	Created text_5 = TextStim(__class__=<class 'psychopy.visual.text.TextStim'>, alignHoriz='center', alignVert='center', antialias=True, autoLog=True, bold=False, color='white', colorSpace='named', contrast=1.0, depth=0.0, flipHoriz=False, flipVert=False, font='Arial', fontFiles=[], height=0.2, italic=False, languageStyle='LTR', name='text_5', opacity=1.0, ori=0, pos=array([0. , 0.5]), rgb=array([255., 255., 255.]), text='default text', units='norm', win=Window(...), wrapWidth=1)
4.4250 	EXP 	Created image_2 = ImageStim(__class__=<class 'psychopy.visual.image.ImageStim'>, autoLog=True, color=array([1., 1., 1.]), colorSpace='rgb', contrast=1.0, depth=-1.0, flipHoriz=False, flipVert=False, image='sin', interpolate=True, mask=None, maskParams=None, name='image_2', opacity=1.0, ori=0.0, pos=array([0. , 0.4]), size=array([1., 1.]), texRes=128, units='norm', win=Window(...))
4.4297 	EXP 	Created Arousalimage = ImageStim(__class__=<class 'psychopy.visual.image.ImageStim'>, autoLog=True, color=array([1., 1., 1.]), colorSpace='rgb', contrast=1.0, depth=-2.0, flipHoriz=False, flipVert=False, image='sam arousal.png', interpolate=True, mask=None, maskParams=None, name='Arousalimage', opacity=1.0, ori=0.0, pos=array([ 0. , -0.3]), size=array([0.80875, 0.34   ]), texRes=128, units='norm', win=Window(...))
4.4315 	EXP 	Created unnamed GratingStim = GratingStim(__class__=<class 'psychopy.visual.grating.GratingStim'>, autoDraw=False, autoLog=True, blendmode='avg', color='LightGray', colorSpace='named', contrast=1.0, depth=0, interpolate=False, mask='none', maskParams=None, name='unnamed GratingStim', opacity=1.0, ori=0.0, phase=array([0., 0.]), pos=array([ 0. , -0.6]), rgbPedestal=array([0., 0., 0.]), sf=array([0., 0.]), size=array([1.  , 0.01]), tex='sin', texRes=128, units='norm', win=Window(...))
4.4337 	EXP 	Created unnamed ElementArrayStim = ElementArrayStim(__class__=type(...), autoLog=True, colorSpace='named', colors='LightGray', contrs=array([1., 1., 1., 1., 1.]), depths=0, elementMask=method-wrapper(...), elementTex=method-wrapper(...), fieldDepth=0, fieldPos=array([0., 0.]), fieldShape='circle', fieldSize=array([1., 1.]), interpolate=True, maskParams=None, nElements=5, name='unnamed ElementArrayStim', opacities=array([1., 1., 1., 1., 1.]), oris=array([0., 0., 0., 0., 0.]), phases=ndarray(...), rgbs=ndarray(...), sfs=ndarray(...), sizes=ndarray(...), texRes=48, units='norm', win=Window(...), xys=ndarray(...))
4.4354 	EXP 	Created unnamed Circle = Circle(__class__=<class 'psychopy.visual.circle.Circle'>, autoDraw=False, autoLog=True, closeShape=True, color=method-wrapper(...), colorSpace=None, contrast=1.0, depth=0, fillColor='red', fillColorSpace='named', fillRGB=array([255.,   0.,   0.]), interpolate=True, lineColor='red', lineColorSpace='named', lineRGB=array([255.,   0.,   0.]), lineWidth=1.5, name='unnamed Circle', opacity=1.0, ori=array(0.), pos=array([0., 0.]), size=array([0.05      , 0.08888889]), units='norm', vertices=ndarray(...), win=Window(...))
4.4360 	EXP 	Created unnamed Rect = Rect(__class__=<class 'psychopy.visual.rect.Rect'>, autoDraw=False, autoLog=True, closeShape=True, color=method-wrapper(...), colorSpace=None, contrast=1.0, depth=0, fillColor=None, fillColorSpace='rgb', fillRGB=None, interpolate=True, lineColor='DarkGrey', lineColorSpace='named', lineRGB=array([169., 169., 169.]), lineWidth=1.5, name='unnamed Rect', opacity=1.0, ori=array(0.), pos=array([ 0. , -0.6]), size=array([1., 1.]), units='norm', vertices=ndarray(...), win=Window(...))
4.4363 	EXP 	Created slider_arousal = Slider(__class__=<class 'psychopy.visual.slider.Slider'>, autoDraw=False, autoLog=True, color='LightGray', depth=0, flip=False, font='HelveticaBold', granularity=1, labelHeight=0.05, labels=None, name='slider_arousal', pos=(0, -0.6), readOnly=False, self=UNKNOWN, size=(1, 0.05), style=method-wrapper(...), ticks=array([  1,  25,  50,  75, 100]), units='norm', win=Window(...))
4.4495 	EXP 	Created text_2 = TextStim(__class__=<class 'psychopy.visual.text.TextStim'>, alignHoriz='center', alignVert='center', antialias=True, autoLog=True, bold=False, color='white', colorSpace='named', contrast=1.0, depth=-4.0, flipHoriz=False, flipVert=False, font='Arial', fontFiles=[], height=0.1, italic=False, languageStyle='LTR', name='text_2', opacity=1.0, ori=0, pos=array([-0.015, -0.3  ]), rgb=array([255., 255., 255.]), text=str(...), units='norm', win=Window(...), wrapWidth=2.5)
4.4552 	EXP 	Created text_4 = TextStim(__class__=<class 'psychopy.visual.text.TextStim'>, alignHoriz='center', alignVert='center', antialias=True, autoLog=True, bold=False, color='white', colorSpace='named', contrast=1.0, depth=-6.0, flipHoriz=False, flipVert=False, font='Arial', fontFiles=[], height=0.06, italic=False, languageStyle='LTR', name='text_4', opacity=1.0, ori=0, pos=array([ 0. , -0.9]), rgb=array([255., 255., 255.]), text='Press {Space} to continue', units='norm', win=Window(...), wrapWidth=1)
4.4664 	EXP 	Imported CueRatings.xlsx as conditions, 18 conditions, 2 params
4.4667 	EXP 	Created sequence: random, trialTypes=18, nReps=1, seed=None
4.4670 	EXP 	New trial (rep=0, index=0): OrderedDict([('words', 'impair'), ('images', None)])
4.5019 	EXP 	slider_valence: autoLog = True
4.5019 	EXP 	slider_valence: markerPos = None
4.5019 	EXP 	slider_valence: rating = None
4.5019 	EXP 	slider_valence: markerPos = None
4.5019 	EXP 	unnamed Circle: contrast = 1.0
4.5019 	EXP 	unnamed GratingStim: contrast = 1.0
4.5019 	EXP 	slider_valence: contrast = 1.0
4.5019 	EXP 	slider_valence: autoLog = True
4.5019 	EXP 	slider_valence: style = ('rating',)
4.5019 	EXP 	slider_arousal: autoLog = True
4.5019 	EXP 	slider_arousal: markerPos = None
4.5019 	EXP 	slider_arousal: rating = None
4.5019 	EXP 	slider_arousal: markerPos = None
4.5019 	EXP 	unnamed Circle: contrast = 1.0
4.5019 	EXP 	unnamed GratingStim: contrast = 1.0
4.5019 	EXP 	slider_arousal: contrast = 1.0
4.5019 	EXP 	slider_arousal: autoLog = True
4.5019 	EXP 	slider_arousal: style = ('rating',)
4.5019 	EXP 	text_6: text = 'impair'
4.5019 	EXP 	image_1: image = None
4.5019 	EXP 	slider_valence: markerPos = None
4.5019 	EXP 	slider_valence: markerPos = None
4.5019 	EXP 	slider_valence: rating = None
4.5019 	EXP 	text_6: autoDraw = True
4.5019 	EXP 	image_1: autoDraw = True
4.5019 	EXP 	ValenceImg: autoDraw = True
4.5019 	EXP 	slider_valence: autoDraw = True
4.5019 	EXP 	text: autoDraw = True
4.5019 	EXP 	text_3: autoDraw = True
5.6533 	DATA 	Mouse: Right button down, pos=(702,529)
5.7526 	DATA 	Mouse:  Right button up, pos=(665,317)
6.2387 	DATA 	Mouse: Left button down, pos=(675,389)
6.3191 	DATA 	Mouse:  Left button up, pos=(683,240)
6.5699 	DATA 	Mouse: Left button down, pos=(696,196)
6.6529 	DATA 	Mouse:  Left button up, pos=(697,195)
7.0031 	DATA 	Mouse: Left button down, pos=(702,174)
7.0191 	EXP 	slider_valence: markerPos = 35.52777777777778
7.0191 	EXP 	unnamed Circle: pos = array([[-0.11863636, -0.6       ]])
7.0359 	EXP 	slider_valence: markerPos = 35.833333333333336
7.0526 	EXP 	slider_valence: markerPos = 35.833333333333336
7.0691 	EXP 	slider_valence: markerPos = 35.986111111111114
7.0859 	EXP 	slider_valence: markerPos = 35.986111111111114
7.1024 	EXP 	slider_valence: markerPos = 35.986111111111114
7.1192 	EXP 	slider_valence: markerPos = 35.986111111111114
7.1355 	EXP 	slider_valence: markerPos = 35.986111111111114
7.1519 	EXP 	slider_valence: markerPos = 35.986111111111114
7.1521 	DATA 	Mouse:  Left button up, pos=(705,164)
7.1689 	EXP 	slider_valence: markerPos = 36.0
7.1689 	EXP 	slider_valence: rating = 36.0
7.1689 	EXP 	unnamed Circle: pos = array([[-0.11863636, -0.6       ]])
7.4374 	DATA 	Keypress: space
7.4690 	EXP 	text_6: autoDraw = False
7.4690 	EXP 	image_1: autoDraw = False
7.4690 	EXP 	ValenceImg: autoDraw = False
7.4690 	EXP 	slider_valence: autoDraw = False
7.4690 	EXP 	text: autoDraw = False
7.4690 	EXP 	text_3: autoDraw = False
7.4690 	EXP 	text_5: text = 'impair'
7.4690 	EXP 	image_2: image = None
7.4690 	EXP 	slider_arousal: markerPos = None
7.4690 	EXP 	slider_arousal: markerPos = None
7.4690 	EXP 	slider_arousal: rating = None
7.4690 	EXP 	text_5: autoDraw = True
7.4690 	EXP 	image_2: autoDraw = True
7.4690 	EXP 	Arousalimage: autoDraw = True
7.4690 	EXP 	slider_arousal: autoDraw = True
7.4690 	EXP 	text_2: autoDraw = True
7.4690 	EXP 	text_4: autoDraw = True
8.9194 	DATA 	Keypress: escape
8.9435 	EXP 	window1: mouseVisible = True
2.7070 	WARNING 	User requested fullscreen with size [1280 1024], but screen is actually [1600, 900]. Using actual size
3.5622 	EXP 	Created window1 = Window(allowGUI=False, allowStencil=False, args=UNKNOWN, autoLog=True, bitsMode=UNKNOWN, blendMode='avg', color=array([0., 0., 0.]), colorSpace='rgb', fullscr=<method-wrapper '__getattribute__' of attributeSetter object at 0x000001C1D3A00358>, gamma=None, kwargs=UNKNOWN, lms=UNKNOWN, monitor=<psychopy.monitors.calibTools.Monitor object at 0x000001C1D40B2828>, multiSample=False, name='window1', numSamples=2, pos=[0.0, 0.0], screen=1, size=array([1600,  900]), stereo=False, units='norm', useFBO=True, useRetina=False, viewOri=0.0, viewPos=None, viewScale=None, waitBlanking=True, winType='pyglet')
3.5623 	EXP 	window1: recordFrameIntervals = False
3.7283 	EXP 	window1: recordFrameIntervals = True
3.9109 	EXP 	window1: recordFrameIntervals = False
3.9682 	EXP 	Created text_6 = TextStim(__class__=<class 'psychopy.visual.text.TextStim'>, alignHoriz='center', alignVert='center', antialias=True, autoLog=True, bold=False, color='white', colorSpace='named', contrast=1.0, depth=0.0, flipHoriz=False, flipVert=False, font='Arial', fontFiles=[], height=0.2, italic=False, languageStyle='LTR', name='text_6', opacity=1.0, ori=0, pos=array([0. , 0.5]), rgb=array([255., 255., 255.]), text='default text', units='norm', win=Window(...), wrapWidth=1)
3.9705 	EXP 	Created image_1 = ImageStim(__class__=<class 'psychopy.visual.image.ImageStim'>, autoLog=True, color=array([1., 1., 1.]), colorSpace='rgb', contrast=1.0, depth=-1.0, flipHoriz=False, flipVert=False, image='sin', interpolate=True, mask=None, maskParams=None, name='image_1', opacity=1.0, ori=0.0, pos=array([0. , 0.4]), size=array([1., 1.]), texRes=128, units='norm', win=Window(...))
3.9754 	EXP 	Created ValenceImg = ImageStim(__class__=<class 'psychopy.visual.image.ImageStim'>, autoLog=True, color=array([1., 1., 1.]), colorSpace='rgb', contrast=1.0, depth=-2.0, flipHoriz=False, flipVert=False, image='sam image.png', interpolate=True, mask=None, maskParams=None, name='ValenceImg', opacity=1.0, ori=0.0, pos=array([ 0. , -0.3]), size=array([0.81      , 0.34222222]), texRes=128, units='norm', win=Window(...))
3.9826 	EXP 	Created unnamed GratingStim = GratingStim(__class__=<class 'psychopy.visual.grating.GratingStim'>, autoDraw=False, autoLog=True, blendmode='avg', color='LightGray', colorSpace='named', contrast=1.0, depth=0, interpolate=False, mask='none', maskParams=None, name='unnamed GratingStim', opacity=1.0, ori=0.0, phase=array([0., 0.]), pos=array([ 0. , -0.6]), rgbPedestal=array([0., 0., 0.]), sf=array([0., 0.]), size=array([0.81  , 0.0081]), tex='sin', texRes=128, units='norm', win=Window(...))
3.9846 	EXP 	Created unnamed ElementArrayStim = ElementArrayStim(__class__=type(...), autoLog=True, colorSpace='named', colors='LightGray', contrs=array([1., 1., 1., 1., 1.]), depths=0, elementMask=method-wrapper(...), elementTex=method-wrapper(...), fieldDepth=0, fieldPos=array([0., 0.]), fieldShape='circle', fieldSize=array([1., 1.]), interpolate=True, maskParams=None, nElements=5, name='unnamed ElementArrayStim', opacities=array([1., 1., 1., 1., 1.]), oris=array([0., 0., 0., 0., 0.]), phases=ndarray(...), rgbs=ndarray(...), sfs=ndarray(...), sizes=ndarray(...), texRes=48, units='norm', win=Window(...), xys=ndarray(...))
3.9862 	EXP 	Created unnamed Circle = Circle(__class__=<class 'psychopy.visual.circle.Circle'>, autoDraw=False, autoLog=True, closeShape=True, color=method-wrapper(...), colorSpace=None, contrast=1.0, depth=0, fillColor='red', fillColorSpace='named', fillRGB=array([255.,   0.,   0.]), interpolate=True, lineColor='red', lineColorSpace='named', lineRGB=array([255.,   0.,   0.]), lineWidth=1.5, name='unnamed Circle', opacity=1.0, ori=array(0.), pos=array([0., 0.]), size=array([0.05      , 0.08888889]), units='norm', vertices=ndarray(...), win=Window(...))
3.9870 	EXP 	Created unnamed Rect = Rect(__class__=<class 'psychopy.visual.rect.Rect'>, autoDraw=False, autoLog=True, closeShape=True, color=method-wrapper(...), colorSpace=None, contrast=1.0, depth=0, fillColor=None, fillColorSpace='rgb', fillRGB=None, interpolate=True, lineColor='DarkGrey', lineColorSpace='named', lineRGB=array([169., 169., 169.]), lineWidth=1.5, name='unnamed Rect', opacity=1.0, ori=array(0.), pos=array([ 0. , -0.6]), size=array([1., 1.]), units='norm', vertices=ndarray(...), win=Window(...))
3.9873 	EXP 	Created slider_valence = Slider(__class__=<class 'psychopy.visual.slider.Slider'>, autoDraw=False, autoLog=True, color='LightGray', depth=0, flip=False, font='HelveticaBold', granularity=1, labelHeight=0.05, labels=None, name='slider_valence', pos=(0, -0.6), readOnly=False, self=UNKNOWN, size=(0.81, 0.05), style=method-wrapper(...), ticks=array([  1,  25,  50,  75, 100]), units='norm', win=Window(...))
4.0085 	EXP 	Created text = TextStim(__class__=<class 'psychopy.visual.text.TextStim'>, alignHoriz='center', alignVert='center', antialias=True, autoLog=True, bold=False, color='white', colorSpace='named', contrast=1.0, depth=-4.0, flipHoriz=False, flipVert=False, font='Arial', fontFiles=[], height=0.1, italic=False, languageStyle='LTR', name='text', opacity=1.0, ori=0, pos=array([ 0.015, -0.3  ]), rgb=array([255., 255., 255.]), text=str(...), units='norm', win=Window(...), wrapWidth=2)
4.0265 	EXP 	Created text_3 = TextStim(__class__=<class 'psychopy.visual.text.TextStim'>, alignHoriz='center', alignVert='center', antialias=True, autoLog=True, bold=False, color='white', colorSpace='named', contrast=1.0, depth=-6.0, flipHoriz=False, flipVert=False, font='Arial', fontFiles=[], height=0.06, italic=False, languageStyle='LTR', name='text_3', opacity=1.0, ori=0, pos=array([ 0. , -0.9]), rgb=array([255., 255., 255.]), text='Press {Space} to continue', units='norm', win=Window(...), wrapWidth=2)
4.0308 	EXP 	Created text_5 = TextStim(__class__=<class 'psychopy.visual.text.TextStim'>, alignHoriz='center', alignVert='center', antialias=True, autoLog=True, bold=False, color='white', colorSpace='named', contrast=1.0, depth=0.0, flipHoriz=False, flipVert=False, font='Arial', fontFiles=[], height=0.2, italic=False, languageStyle='LTR', name='text_5', opacity=1.0, ori=0, pos=array([0. , 0.5]), rgb=array([255., 255., 255.]), text='default text', units='norm', win=Window(...), wrapWidth=1)
4.0322 	EXP 	Created image_2 = ImageStim(__class__=<class 'psychopy.visual.image.ImageStim'>, autoLog=True, color=array([1., 1., 1.]), colorSpace='rgb', contrast=1.0, depth=-1.0, flipHoriz=False, flipVert=False, image='sin', interpolate=True, mask=None, maskParams=None, name='image_2', opacity=1.0, ori=0.0, pos=array([0. , 0.4]), size=array([1., 1.]), texRes=128, units='norm', win=Window(...))
4.0366 	EXP 	Created Arousalimage = ImageStim(__class__=<class 'psychopy.visual.image.ImageStim'>, autoLog=True, color=array([1., 1., 1.]), colorSpace='rgb', contrast=1.0, depth=-2.0, flipHoriz=False, flipVert=False, image='sam arousal.png', interpolate=True, mask=None, maskParams=None, name='Arousalimage', opacity=1.0, ori=0.0, pos=array([ 0. , -0.3]), size=array([0.80875, 0.34   ]), texRes=128, units='norm', win=Window(...))
4.0383 	EXP 	Created unnamed GratingStim = GratingStim(__class__=<class 'psychopy.visual.grating.GratingStim'>, autoDraw=False, autoLog=True, blendmode='avg', color='LightGray', colorSpace='named', contrast=1.0, depth=0, interpolate=False, mask='none', maskParams=None, name='unnamed GratingStim', opacity=1.0, ori=0.0, phase=array([0., 0.]), pos=array([ 0. , -0.6]), rgbPedestal=array([0., 0., 0.]), sf=array([0., 0.]), size=array([1.  , 0.01]), tex='sin', texRes=128, units='norm', win=Window(...))
4.0403 	EXP 	Created unnamed ElementArrayStim = ElementArrayStim(__class__=type(...), autoLog=True, colorSpace='named', colors='LightGray', contrs=array([1., 1., 1., 1., 1.]), depths=0, elementMask=method-wrapper(...), elementTex=method-wrapper(...), fieldDepth=0, fieldPos=array([0., 0.]), fieldShape='circle', fieldSize=array([1., 1.]), interpolate=True, maskParams=None, nElements=5, name='unnamed ElementArrayStim', opacities=array([1., 1., 1., 1., 1.]), oris=array([0., 0., 0., 0., 0.]), phases=ndarray(...), rgbs=ndarray(...), sfs=ndarray(...), sizes=ndarray(...), texRes=48, units='norm', win=Window(...), xys=ndarray(...))
4.0420 	EXP 	Created unnamed Circle = Circle(__class__=<class 'psychopy.visual.circle.Circle'>, autoDraw=False, autoLog=True, closeShape=True, color=method-wrapper(...), colorSpace=None, contrast=1.0, depth=0, fillColor='red', fillColorSpace='named', fillRGB=array([255.,   0.,   0.]), interpolate=True, lineColor='red', lineColorSpace='named', lineRGB=array([255.,   0.,   0.]), lineWidth=1.5, name='unnamed Circle', opacity=1.0, ori=array(0.), pos=array([0., 0.]), size=array([0.05      , 0.08888889]), units='norm', vertices=ndarray(...), win=Window(...))
4.0426 	EXP 	Created unnamed Rect = Rect(__class__=<class 'psychopy.visual.rect.Rect'>, autoDraw=False, autoLog=True, closeShape=True, color=method-wrapper(...), colorSpace=None, contrast=1.0, depth=0, fillColor=None, fillColorSpace='rgb', fillRGB=None, interpolate=True, lineColor='DarkGrey', lineColorSpace='named', lineRGB=array([169., 169., 169.]), lineWidth=1.5, name='unnamed Rect', opacity=1.0, ori=array(0.), pos=array([ 0. , -0.6]), size=array([1., 1.]), units='norm', vertices=ndarray(...), win=Window(...))
4.0429 	EXP 	Created slider_arousal = Slider(__class__=<class 'psychopy.visual.slider.Slider'>, autoDraw=False, autoLog=True, color='LightGray', depth=0, flip=False, font='HelveticaBold', granularity=1, labelHeight=0.05, labels=None, name='slider_arousal', pos=(0, -0.6), readOnly=False, self=UNKNOWN, size=(1, 0.05), style=method-wrapper(...), ticks=array([  1,  25,  50,  75, 100]), units='norm', win=Window(...))
4.0551 	EXP 	Created text_2 = TextStim(__class__=<class 'psychopy.visual.text.TextStim'>, alignHoriz='center', alignVert='center', antialias=True, autoLog=True, bold=False, color='white', colorSpace='named', contrast=1.0, depth=-4.0, flipHoriz=False, flipVert=False, font='Arial', fontFiles=[], height=0.1, italic=False, languageStyle='LTR', name='text_2', opacity=1.0, ori=0, pos=array([-0.02, -0.3 ]), rgb=array([255., 255., 255.]), text=str(...), units='norm', win=Window(...), wrapWidth=2.5)
4.0606 	EXP 	Created text_4 = TextStim(__class__=<class 'psychopy.visual.text.TextStim'>, alignHoriz='center', alignVert='center', antialias=True, autoLog=True, bold=False, color='white', colorSpace='named', contrast=1.0, depth=-6.0, flipHoriz=False, flipVert=False, font='Arial', fontFiles=[], height=0.06, italic=False, languageStyle='LTR', name='text_4', opacity=1.0, ori=0, pos=array([ 0. , -0.9]), rgb=array([255., 255., 255.]), text='Press {Space} to continue', units='norm', win=Window(...), wrapWidth=1)
4.0715 	EXP 	Imported CueRatings.xlsx as conditions, 18 conditions, 2 params
4.0718 	EXP 	Created sequence: random, trialTypes=18, nReps=1, seed=None
4.0720 	EXP 	New trial (rep=0, index=0): OrderedDict([('words', None), ('images', 'Pictures/1040.jpg')])
4.1234 	EXP 	slider_valence: autoLog = True
4.1234 	EXP 	slider_valence: markerPos = None
4.1234 	EXP 	slider_valence: rating = None
4.1234 	EXP 	slider_valence: markerPos = None
4.1234 	EXP 	unnamed Circle: contrast = 1.0
4.1234 	EXP 	unnamed GratingStim: contrast = 1.0
4.1234 	EXP 	slider_valence: contrast = 1.0
4.1234 	EXP 	slider_valence: autoLog = True
4.1234 	EXP 	slider_valence: style = ('rating',)
4.1234 	EXP 	slider_arousal: autoLog = True
4.1234 	EXP 	slider_arousal: markerPos = None
4.1234 	EXP 	slider_arousal: rating = None
4.1234 	EXP 	slider_arousal: markerPos = None
4.1234 	EXP 	unnamed Circle: contrast = 1.0
4.1234 	EXP 	unnamed GratingStim: contrast = 1.0
4.1234 	EXP 	slider_arousal: contrast = 1.0
4.1234 	EXP 	slider_arousal: autoLog = True
4.1234 	EXP 	slider_arousal: style = ('rating',)
4.1234 	EXP 	text_6: text = 'default text'
4.1234 	EXP 	image_1: image = 'Pictures/1040.jpg'
4.1234 	EXP 	slider_valence: markerPos = None
4.1234 	EXP 	slider_valence: markerPos = None
4.1234 	EXP 	slider_valence: rating = None
4.1234 	EXP 	text_6: autoDraw = True
4.1234 	EXP 	image_1: autoDraw = True
4.1234 	EXP 	ValenceImg: autoDraw = True
4.1234 	EXP 	slider_valence: autoDraw = True
4.1234 	EXP 	text: autoDraw = True
4.1234 	EXP 	text_3: autoDraw = True
5.6453 	DATA 	Mouse: Left button down, pos=(631,185)
5.6606 	EXP 	slider_valence: markerPos = 24.680555555555557
5.6606 	EXP 	unnamed Circle: pos = array([[-0.20863636, -0.6       ]])
5.6771 	EXP 	slider_valence: markerPos = 24.680555555555557
5.6937 	EXP 	slider_valence: markerPos = 24.680555555555557
5.7108 	EXP 	slider_valence: markerPos = 24.680555555555557
5.7140 	DATA 	Mouse:  Left button up, pos=(631,185)
5.7273 	EXP 	slider_valence: markerPos = 24.680555555555557
5.7440 	EXP 	slider_valence: markerPos = 25.0
5.7440 	EXP 	slider_valence: rating = 25.0
5.7440 	EXP 	unnamed Circle: pos = array([[-0.20863636, -0.6       ]])
6.0995 	DATA 	Keypress: space
6.1467 	EXP 	text_6: autoDraw = False
6.1467 	EXP 	image_1: autoDraw = False
6.1467 	EXP 	ValenceImg: autoDraw = False
6.1467 	EXP 	slider_valence: autoDraw = False
6.1467 	EXP 	text: autoDraw = False
6.1467 	EXP 	text_3: autoDraw = False
6.1467 	EXP 	text_5: text = 'default text'
6.1467 	EXP 	image_2: image = 'Pictures/1040.jpg'
6.1467 	EXP 	slider_arousal: markerPos = None
6.1467 	EXP 	slider_arousal: markerPos = None
6.1467 	EXP 	slider_arousal: rating = None
6.1467 	EXP 	text_5: autoDraw = True
6.1467 	EXP 	image_2: autoDraw = True
6.1467 	EXP 	Arousalimage: autoDraw = True
6.1467 	EXP 	slider_arousal: autoDraw = True
6.1467 	EXP 	text_2: autoDraw = True
6.1467 	EXP 	text_4: autoDraw = True
8.7482 	DATA 	Keypress: escape
8.7849 	EXP 	window1: mouseVisible = True
3.4609 	WARNING 	User requested fullscreen with size [1280 1024], but screen is actually [1600, 900]. Using actual size
4.2558 	EXP 	Created window1 = Window(allowGUI=False, allowStencil=False, args=UNKNOWN, autoLog=True, bitsMode=UNKNOWN, blendMode='avg', color=array([0., 0., 0.]), colorSpace='rgb', fullscr=<method-wrapper '__getattribute__' of attributeSetter object at 0x00000265ED9D0358>, gamma=None, kwargs=UNKNOWN, lms=UNKNOWN, monitor=<psychopy.monitors.calibTools.Monitor object at 0x00000265EE072828>, multiSample=False, name='window1', numSamples=2, pos=[0.0, 0.0], screen=1, size=array([1600,  900]), stereo=False, units='norm', useFBO=True, useRetina=False, viewOri=0.0, viewPos=None, viewScale=None, waitBlanking=True, winType='pyglet')
4.2559 	EXP 	window1: recordFrameIntervals = False
4.4218 	EXP 	window1: recordFrameIntervals = True
4.6054 	EXP 	window1: recordFrameIntervals = False
4.6808 	EXP 	Created text_6 = TextStim(__class__=<class 'psychopy.visual.text.TextStim'>, alignHoriz='center', alignVert='center', antialias=True, autoLog=True, bold=False, color='white', colorSpace='named', contrast=1.0, depth=0.0, flipHoriz=False, flipVert=False, font='Arial', fontFiles=[], height=0.2, italic=False, languageStyle='LTR', name='text_6', opacity=1.0, ori=0, pos=array([0. , 0.5]), rgb=array([255., 255., 255.]), text='default text', units='norm', win=Window(...), wrapWidth=1)
4.6829 	EXP 	Created image_1 = ImageStim(__class__=<class 'psychopy.visual.image.ImageStim'>, autoLog=True, color=array([1., 1., 1.]), colorSpace='rgb', contrast=1.0, depth=-1.0, flipHoriz=False, flipVert=False, image='sin', interpolate=True, mask=None, maskParams=None, name='image_1', opacity=1.0, ori=0.0, pos=array([0. , 0.4]), size=array([1., 1.]), texRes=128, units='norm', win=Window(...))
4.6872 	EXP 	Created ValenceImg = ImageStim(__class__=<class 'psychopy.visual.image.ImageStim'>, autoLog=True, color=array([1., 1., 1.]), colorSpace='rgb', contrast=1.0, depth=-2.0, flipHoriz=False, flipVert=False, image='sam image.png', interpolate=True, mask=None, maskParams=None, name='ValenceImg', opacity=1.0, ori=0.0, pos=array([ 0. , -0.3]), size=array([0.81      , 0.34222222]), texRes=128, units='norm', win=Window(...))
4.6945 	EXP 	Created unnamed GratingStim = GratingStim(__class__=<class 'psychopy.visual.grating.GratingStim'>, autoDraw=False, autoLog=True, blendmode='avg', color='LightGray', colorSpace='named', contrast=1.0, depth=0, interpolate=False, mask='none', maskParams=None, name='unnamed GratingStim', opacity=1.0, ori=0.0, phase=array([0., 0.]), pos=array([ 0. , -0.6]), rgbPedestal=array([0., 0., 0.]), sf=array([0., 0.]), size=array([0.81  , 0.0081]), tex='sin', texRes=128, units='norm', win=Window(...))
4.6966 	EXP 	Created unnamed ElementArrayStim = ElementArrayStim(__class__=type(...), autoLog=True, colorSpace='named', colors='LightGray', contrs=array([1., 1., 1., 1., 1.]), depths=0, elementMask=method-wrapper(...), elementTex=method-wrapper(...), fieldDepth=0, fieldPos=array([0., 0.]), fieldShape='circle', fieldSize=array([1., 1.]), interpolate=True, maskParams=None, nElements=5, name='unnamed ElementArrayStim', opacities=array([1., 1., 1., 1., 1.]), oris=array([0., 0., 0., 0., 0.]), phases=ndarray(...), rgbs=ndarray(...), sfs=ndarray(...), sizes=ndarray(...), texRes=48, units='norm', win=Window(...), xys=ndarray(...))
4.6982 	EXP 	Created unnamed Circle = Circle(__class__=<class 'psychopy.visual.circle.Circle'>, autoDraw=False, autoLog=True, closeShape=True, color=method-wrapper(...), colorSpace=None, contrast=1.0, depth=0, fillColor='red', fillColorSpace='named', fillRGB=array([255.,   0.,   0.]), interpolate=True, lineColor='red', lineColorSpace='named', lineRGB=array([255.,   0.,   0.]), lineWidth=1.5, name='unnamed Circle', opacity=1.0, ori=array(0.), pos=array([0., 0.]), size=array([0.05      , 0.08888889]), units='norm', vertices=ndarray(...), win=Window(...))
4.6988 	EXP 	Created unnamed Rect = Rect(__class__=<class 'psychopy.visual.rect.Rect'>, autoDraw=False, autoLog=True, closeShape=True, color=method-wrapper(...), colorSpace=None, contrast=1.0, depth=0, fillColor=None, fillColorSpace='rgb', fillRGB=None, interpolate=True, lineColor='DarkGrey', lineColorSpace='named', lineRGB=array([169., 169., 169.]), lineWidth=1.5, name='unnamed Rect', opacity=1.0, ori=array(0.), pos=array([ 0. , -0.6]), size=array([1., 1.]), units='norm', vertices=ndarray(...), win=Window(...))
4.6992 	EXP 	Created slider_valence = Slider(__class__=<class 'psychopy.visual.slider.Slider'>, autoDraw=False, autoLog=True, color='LightGray', depth=0, flip=False, font='HelveticaBold', granularity=1, labelHeight=0.05, labels=None, name='slider_valence', pos=(0, -0.6), readOnly=False, self=UNKNOWN, size=(0.81, 0.05), style=method-wrapper(...), ticks=array([  1,  25,  50,  75, 100]), units='norm', win=Window(...))
4.7173 	EXP 	Created text = TextStim(__class__=<class 'psychopy.visual.text.TextStim'>, alignHoriz='center', alignVert='center', antialias=True, autoLog=True, bold=False, color='white', colorSpace='named', contrast=1.0, depth=-4.0, flipHoriz=False, flipVert=False, font='Arial', fontFiles=[], height=0.1, italic=False, languageStyle='LTR', name='text', opacity=1.0, ori=0, pos=array([ 0.015, -0.3  ]), rgb=array([255., 255., 255.]), text=str(...), units='norm', win=Window(...), wrapWidth=2)
4.7326 	EXP 	Created text_3 = TextStim(__class__=<class 'psychopy.visual.text.TextStim'>, alignHoriz='center', alignVert='center', antialias=True, autoLog=True, bold=False, color='white', colorSpace='named', contrast=1.0, depth=-6.0, flipHoriz=False, flipVert=False, font='Arial', fontFiles=[], height=0.06, italic=False, languageStyle='LTR', name='text_3', opacity=1.0, ori=0, pos=array([ 0. , -0.9]), rgb=array([255., 255., 255.]), text='Press {Space} to continue', units='norm', win=Window(...), wrapWidth=2)
4.7368 	EXP 	Created text_5 = TextStim(__class__=<class 'psychopy.visual.text.TextStim'>, alignHoriz='center', alignVert='center', antialias=True, autoLog=True, bold=False, color='white', colorSpace='named', contrast=1.0, depth=0.0, flipHoriz=False, flipVert=False, font='Arial', fontFiles=[], height=0.2, italic=False, languageStyle='LTR', name='text_5', opacity=1.0, ori=0, pos=array([0. , 0.5]), rgb=array([255., 255., 255.]), text='default text', units='norm', win=Window(...), wrapWidth=1)
4.7382 	EXP 	Created image_2 = ImageStim(__class__=<class 'psychopy.visual.image.ImageStim'>, autoLog=True, color=array([1., 1., 1.]), colorSpace='rgb', contrast=1.0, depth=-1.0, flipHoriz=False, flipVert=False, image='sin', interpolate=True, mask=None, maskParams=None, name='image_2', opacity=1.0, ori=0.0, pos=array([0. , 0.4]), size=array([1., 1.]), texRes=128, units='norm', win=Window(...))
4.7428 	EXP 	Created Arousalimage = ImageStim(__class__=<class 'psychopy.visual.image.ImageStim'>, autoLog=True, color=array([1., 1., 1.]), colorSpace='rgb', contrast=1.0, depth=-2.0, flipHoriz=False, flipVert=False, image='sam arousal.png', interpolate=True, mask=None, maskParams=None, name='Arousalimage', opacity=1.0, ori=0.0, pos=array([ 0. , -0.3]), size=array([0.80875, 0.34   ]), texRes=128, units='norm', win=Window(...))
4.7445 	EXP 	Created unnamed GratingStim = GratingStim(__class__=<class 'psychopy.visual.grating.GratingStim'>, autoDraw=False, autoLog=True, blendmode='avg', color='LightGray', colorSpace='named', contrast=1.0, depth=0, interpolate=False, mask='none', maskParams=None, name='unnamed GratingStim', opacity=1.0, ori=0.0, phase=array([0., 0.]), pos=array([ 0. , -0.6]), rgbPedestal=array([0., 0., 0.]), sf=array([0., 0.]), size=array([1.  , 0.01]), tex='sin', texRes=128, units='norm', win=Window(...))
4.7465 	EXP 	Created unnamed ElementArrayStim = ElementArrayStim(__class__=type(...), autoLog=True, colorSpace='named', colors='LightGray', contrs=array([1., 1., 1., 1., 1.]), depths=0, elementMask=method-wrapper(...), elementTex=method-wrapper(...), fieldDepth=0, fieldPos=array([0., 0.]), fieldShape='circle', fieldSize=array([1., 1.]), interpolate=True, maskParams=None, nElements=5, name='unnamed ElementArrayStim', opacities=array([1., 1., 1., 1., 1.]), oris=array([0., 0., 0., 0., 0.]), phases=ndarray(...), rgbs=ndarray(...), sfs=ndarray(...), sizes=ndarray(...), texRes=48, units='norm', win=Window(...), xys=ndarray(...))
4.7481 	EXP 	Created unnamed Circle = Circle(__class__=<class 'psychopy.visual.circle.Circle'>, autoDraw=False, autoLog=True, closeShape=True, color=method-wrapper(...), colorSpace=None, contrast=1.0, depth=0, fillColor='red', fillColorSpace='named', fillRGB=array([255.,   0.,   0.]), interpolate=True, lineColor='red', lineColorSpace='named', lineRGB=array([255.,   0.,   0.]), lineWidth=1.5, name='unnamed Circle', opacity=1.0, ori=array(0.), pos=array([0., 0.]), size=array([0.05      , 0.08888889]), units='norm', vertices=ndarray(...), win=Window(...))
4.7488 	EXP 	Created unnamed Rect = Rect(__class__=<class 'psychopy.visual.rect.Rect'>, autoDraw=False, autoLog=True, closeShape=True, color=method-wrapper(...), colorSpace=None, contrast=1.0, depth=0, fillColor=None, fillColorSpace='rgb', fillRGB=None, interpolate=True, lineColor='DarkGrey', lineColorSpace='named', lineRGB=array([169., 169., 169.]), lineWidth=1.5, name='unnamed Rect', opacity=1.0, ori=array(0.), pos=array([ 0. , -0.6]), size=array([1., 1.]), units='norm', vertices=ndarray(...), win=Window(...))
4.7490 	EXP 	Created slider_arousal = Slider(__class__=<class 'psychopy.visual.slider.Slider'>, autoDraw=False, autoLog=True, color='LightGray', depth=0, flip=False, font='HelveticaBold', granularity=1, labelHeight=0.05, labels=None, name='slider_arousal', pos=(0, -0.6), readOnly=False, self=UNKNOWN, size=(1, 0.05), style=method-wrapper(...), ticks=array([  1,  25,  50,  75, 100]), units='norm', win=Window(...))
4.7611 	EXP 	Created text_2 = TextStim(__class__=<class 'psychopy.visual.text.TextStim'>, alignHoriz='center', alignVert='center', antialias=True, autoLog=True, bold=False, color='white', colorSpace='named', contrast=1.0, depth=-4.0, flipHoriz=False, flipVert=False, font='Arial', fontFiles=[], height=0.1, italic=False, languageStyle='LTR', name='text_2', opacity=1.0, ori=0, pos=array([-0.025, -0.3  ]), rgb=array([255., 255., 255.]), text=str(...), units='norm', win=Window(...), wrapWidth=2.5)
4.7663 	EXP 	Created text_4 = TextStim(__class__=<class 'psychopy.visual.text.TextStim'>, alignHoriz='center', alignVert='center', antialias=True, autoLog=True, bold=False, color='white', colorSpace='named', contrast=1.0, depth=-6.0, flipHoriz=False, flipVert=False, font='Arial', fontFiles=[], height=0.06, italic=False, languageStyle='LTR', name='text_4', opacity=1.0, ori=0, pos=array([ 0. , -0.9]), rgb=array([255., 255., 255.]), text='Press {Space} to continue', units='norm', win=Window(...), wrapWidth=1)
4.7775 	EXP 	Imported CueRatings.xlsx as conditions, 18 conditions, 2 params
4.7778 	EXP 	Created sequence: random, trialTypes=18, nReps=1, seed=None
4.7780 	EXP 	New trial (rep=0, index=0): OrderedDict([('words', 'impair'), ('images', None)])
4.8114 	EXP 	slider_valence: autoLog = True
4.8114 	EXP 	slider_valence: markerPos = None
4.8114 	EXP 	slider_valence: rating = None
4.8114 	EXP 	slider_valence: markerPos = None
4.8114 	EXP 	unnamed Circle: contrast = 1.0
4.8114 	EXP 	unnamed GratingStim: contrast = 1.0
4.8114 	EXP 	slider_valence: contrast = 1.0
4.8114 	EXP 	slider_valence: autoLog = True
4.8114 	EXP 	slider_valence: style = ('rating',)
4.8114 	EXP 	slider_arousal: autoLog = True
4.8114 	EXP 	slider_arousal: markerPos = None
4.8114 	EXP 	slider_arousal: rating = None
4.8114 	EXP 	slider_arousal: markerPos = None
4.8114 	EXP 	unnamed Circle: contrast = 1.0
4.8114 	EXP 	unnamed GratingStim: contrast = 1.0
4.8114 	EXP 	slider_arousal: contrast = 1.0
4.8114 	EXP 	slider_arousal: autoLog = True
4.8114 	EXP 	slider_arousal: style = ('rating',)
4.8114 	EXP 	text_6: text = 'impair'
4.8114 	EXP 	image_1: image = None
4.8114 	EXP 	slider_valence: markerPos = None
4.8114 	EXP 	slider_valence: markerPos = None
4.8114 	EXP 	slider_valence: rating = None
4.8114 	EXP 	text_6: autoDraw = True
4.8114 	EXP 	image_1: autoDraw = True
4.8114 	EXP 	ValenceImg: autoDraw = True
4.8114 	EXP 	slider_valence: autoDraw = True
4.8114 	EXP 	text: autoDraw = True
4.8114 	EXP 	text_3: autoDraw = True
5.1048 	DATA 	Keypress: space
5.1209 	EXP 	text_6: autoDraw = False
5.1209 	EXP 	image_1: autoDraw = False
5.1209 	EXP 	ValenceImg: autoDraw = False
5.1209 	EXP 	slider_valence: autoDraw = False
5.1209 	EXP 	text: autoDraw = False
5.1209 	EXP 	text_3: autoDraw = False
5.1209 	EXP 	text_5: text = 'impair'
5.1209 	EXP 	image_2: image = None
5.1209 	EXP 	slider_arousal: markerPos = None
5.1209 	EXP 	slider_arousal: markerPos = None
5.1209 	EXP 	slider_arousal: rating = None
5.1209 	EXP 	text_5: autoDraw = True
5.1209 	EXP 	image_2: autoDraw = True
5.1209 	EXP 	Arousalimage: autoDraw = True
5.1209 	EXP 	slider_arousal: autoDraw = True
5.1209 	EXP 	text_2: autoDraw = True
5.1209 	EXP 	text_4: autoDraw = True
6.2214 	DATA 	Keypress: space
6.2238 	EXP 	New trial (rep=0, index=1): OrderedDict([('words', None), ('images', 'Pictures/1051.jpg')])
6.2734 	EXP 	text_5: autoDraw = False
6.2734 	EXP 	image_2: autoDraw = False
6.2734 	EXP 	Arousalimage: autoDraw = False
6.2734 	EXP 	slider_arousal: autoDraw = False
6.2734 	EXP 	text_2: autoDraw = False
6.2734 	EXP 	text_4: autoDraw = False
6.2734 	EXP 	text_6: text = 'impair'
6.2734 	EXP 	image_1: image = 'Pictures/1051.jpg'
6.2734 	EXP 	slider_valence: markerPos = None
6.2734 	EXP 	slider_valence: markerPos = None
6.2734 	EXP 	slider_valence: rating = None
6.2734 	EXP 	text_6: autoDraw = True
6.2734 	EXP 	image_1: autoDraw = True
6.2734 	EXP 	ValenceImg: autoDraw = True
6.2734 	EXP 	slider_valence: autoDraw = True
6.2734 	EXP 	text: autoDraw = True
6.2734 	EXP 	text_3: autoDraw = True
6.7717 	DATA 	Keypress: space
6.8046 	EXP 	text_6: autoDraw = False
6.8046 	EXP 	image_1: autoDraw = False
6.8046 	EXP 	ValenceImg: autoDraw = False
6.8046 	EXP 	slider_valence: autoDraw = False
6.8046 	EXP 	text: autoDraw = False
6.8046 	EXP 	text_3: autoDraw = False
6.8046 	EXP 	text_5: text = 'impair'
6.8046 	EXP 	image_2: image = 'Pictures/1051.jpg'
6.8046 	EXP 	slider_arousal: markerPos = None
6.8046 	EXP 	slider_arousal: markerPos = None
6.8046 	EXP 	slider_arousal: rating = None
6.8046 	EXP 	text_5: autoDraw = True
6.8046 	EXP 	image_2: autoDraw = True
6.8046 	EXP 	Arousalimage: autoDraw = True
6.8046 	EXP 	slider_arousal: autoDraw = True
6.8046 	EXP 	text_2: autoDraw = True
6.8046 	EXP 	text_4: autoDraw = True
8.0540 	DATA 	Keypress: escape
8.0775 	EXP 	window1: mouseVisible = True
