3.7832 	EXP 	Created window1 = Window(allowGUI=False, allowStencil=False, args=UNKNOWN, autoLog=True, bitsMode=UNKNOWN, blendMode='avg', color=array([0., 0., 0.]), colorSpace='rgb', fullscr=<method-wrapper '__getattribute__' of attributeSetter object at 0x000002081EE78E48>, gamma=None, kwargs=UNKNOWN, lms=UNKNOWN, monitor=<psychopy.monitors.calibTools.Monitor object at 0x000002081F510390>, multiSample=False, name='window1', numSamples=2, pos=[0.0, 0.0], screen=0, size=array([1280, 1024]), stereo=False, units='norm', useFBO=True, useRetina=False, viewOri=0.0, viewPos=None, viewScale=None, waitBlanking=True, winType='pyglet')
3.7835 	EXP 	window1: recordFrameIntervals = False
3.9496 	EXP 	window1: recordFrameIntervals = True
4.1314 	EXP 	window1: recordFrameIntervals = False
4.1404 	EXP 	Created image_1 = ImageStim(__class__=<class 'psychopy.visual.image.ImageStim'>, autoLog=True, color=array([1., 1., 1.]), colorSpace='rgb', contrast=1.0, depth=0.0, flipHoriz=False, flipVert=False, image='sin', interpolate=True, mask=None, maskParams=None, name='image_1', opacity=1.0, ori=0.0, pos=array([0. , 0.4]), size=array([1., 1.]), texRes=128, units='norm', win=Window(...))
4.1489 	EXP 	Created ValenceImg = ImageStim(__class__=<class 'psychopy.visual.image.ImageStim'>, autoLog=True, color=array([1., 1., 1.]), colorSpace='rgb', contrast=1.0, depth=-1.0, flipHoriz=False, flipVert=False, image='sam image.png', interpolate=True, mask=None, maskParams=None, name='ValenceImg', opacity=1.0, ori=0.0, pos=array([ 0. , -0.3]), size=array([1.0125    , 0.30078125]), texRes=128, units='norm', win=Window(...))
4.1594 	EXP 	Created unnamed GratingStim = GratingStim(__class__=<class 'psychopy.visual.grating.GratingStim'>, autoDraw=False, autoLog=True, blendmode='avg', color='LightGray', colorSpace='named', contrast=1.0, depth=0, interpolate=False, mask='none', maskParams=None, name='unnamed GratingStim', opacity=1.0, ori=0.0, phase=array([0., 0.]), pos=array([ 0. , -0.6]), rgbPedestal=array([0., 0., 0.]), sf=array([0., 0.]), size=array([1.  , 0.01]), tex='sin', texRes=128, units='norm', win=Window(...))
4.1616 	EXP 	Created unnamed ElementArrayStim = ElementArrayStim(__class__=type(...), autoLog=True, colorSpace='named', colors='LightGray', contrs=array([1., 1., 1., 1., 1.]), depths=0, elementMask=method-wrapper(...), elementTex=method-wrapper(...), fieldDepth=0, fieldPos=array([0., 0.]), fieldShape='circle', fieldSize=array([1., 1.]), interpolate=True, maskParams=None, nElements=5, name='unnamed ElementArrayStim', opacities=array([1., 1., 1., 1., 1.]), oris=array([0., 0., 0., 0., 0.]), phases=ndarray(...), rgbs=ndarray(...), sfs=ndarray(...), sizes=ndarray(...), texRes=48, units='norm', win=Window(...), xys=ndarray(...))
4.1632 	EXP 	Created unnamed Circle = Circle(__class__=<class 'psychopy.visual.circle.Circle'>, autoDraw=False, autoLog=True, closeShape=True, color=method-wrapper(...), colorSpace=None, contrast=1.0, depth=0, fillColor='red', fillColorSpace='named', fillRGB=array([255.,   0.,   0.]), interpolate=True, lineColor='red', lineColorSpace='named', lineRGB=array([255.,   0.,   0.]), lineWidth=1.5, name='unnamed Circle', opacity=1.0, ori=array(0.), pos=array([0., 0.]), size=array([0.05  , 0.0625]), units='norm', vertices=ndarray(...), win=Window(...))
4.1639 	EXP 	Created unnamed Rect = Rect(__class__=<class 'psychopy.visual.rect.Rect'>, autoDraw=False, autoLog=True, closeShape=True, color=method-wrapper(...), colorSpace=None, contrast=1.0, depth=0, fillColor=None, fillColorSpace='rgb', fillRGB=None, interpolate=True, lineColor='DarkGrey', lineColorSpace='named', lineRGB=array([169., 169., 169.]), lineWidth=1.5, name='unnamed Rect', opacity=1.0, ori=array(0.), pos=array([ 0. , -0.6]), size=array([1., 1.]), units='norm', vertices=ndarray(...), win=Window(...))
4.1642 	EXP 	Created slider_valence = Slider(__class__=<class 'psychopy.visual.slider.Slider'>, autoDraw=False, autoLog=True, color='LightGray', depth=0, flip=False, font='HelveticaBold', granularity=1, labelHeight=0.05, labels=None, name='slider_valence', pos=(0, -0.6), readOnly=False, self=UNKNOWN, size=(1, 0.05), style=method-wrapper(...), ticks=array([  1,  25,  50,  75, 100]), units='norm', win=Window(...))
4.2162 	EXP 	Created text = TextStim(__class__=<class 'psychopy.visual.text.TextStim'>, alignHoriz='center', alignVert='center', antialias=True, autoLog=True, bold=False, color='white', colorSpace='named', contrast=1.0, depth=-3.0, flipHoriz=False, flipVert=False, font='Arial', fontFiles=[], height=0.1, italic=False, languageStyle='LTR', name='text', opacity=1.0, ori=0, pos=array([ 0. , -0.3]), rgb=array([255., 255., 255.]), text=str(...), units='norm', win=Window(...), wrapWidth=2)
4.2345 	EXP 	Created text_3 = TextStim(__class__=<class 'psychopy.visual.text.TextStim'>, alignHoriz='center', alignVert='center', antialias=True, autoLog=True, bold=False, color='white', colorSpace='named', contrast=1.0, depth=-5.0, flipHoriz=False, flipVert=False, font='Arial', fontFiles=[], height=0.06, italic=False, languageStyle='LTR', name='text_3', opacity=1.0, ori=0, pos=array([ 0. , -0.9]), rgb=array([255., 255., 255.]), text='Press {Space} to continue', units='norm', win=Window(...), wrapWidth=2)
4.2361 	EXP 	Created image_2 = ImageStim(__class__=<class 'psychopy.visual.image.ImageStim'>, autoLog=True, color=array([1., 1., 1.]), colorSpace='rgb', contrast=1.0, depth=0.0, flipHoriz=False, flipVert=False, image='sin', interpolate=True, mask=None, maskParams=None, name='image_2', opacity=1.0, ori=0.0, pos=array([0. , 0.4]), size=array([1., 1.]), texRes=128, units='norm', win=Window(...))
4.2409 	EXP 	Created Arousalimage = ImageStim(__class__=<class 'psychopy.visual.image.ImageStim'>, autoLog=True, color=array([1., 1., 1.]), colorSpace='rgb', contrast=1.0, depth=-1.0, flipHoriz=False, flipVert=False, image='sam arousal.png', interpolate=True, mask=None, maskParams=None, name='Arousalimage', opacity=1.0, ori=0.0, pos=array([ 0. , -0.3]), size=array([1.0109375 , 0.29882812]), texRes=128, units='norm', win=Window(...))
4.2428 	EXP 	Created unnamed GratingStim = GratingStim(__class__=<class 'psychopy.visual.grating.GratingStim'>, autoDraw=False, autoLog=True, blendmode='avg', color='LightGray', colorSpace='named', contrast=1.0, depth=0, interpolate=False, mask='none', maskParams=None, name='unnamed GratingStim', opacity=1.0, ori=0.0, phase=array([0., 0.]), pos=array([ 0. , -0.6]), rgbPedestal=array([0., 0., 0.]), sf=array([0., 0.]), size=array([1.  , 0.01]), tex='sin', texRes=128, units='norm', win=Window(...))
4.2449 	EXP 	Created unnamed ElementArrayStim = ElementArrayStim(__class__=type(...), autoLog=True, colorSpace='named', colors='LightGray', contrs=array([1., 1., 1., 1., 1.]), depths=0, elementMask=method-wrapper(...), elementTex=method-wrapper(...), fieldDepth=0, fieldPos=array([0., 0.]), fieldShape='circle', fieldSize=array([1., 1.]), interpolate=True, maskParams=None, nElements=5, name='unnamed ElementArrayStim', opacities=array([1., 1., 1., 1., 1.]), oris=array([0., 0., 0., 0., 0.]), phases=ndarray(...), rgbs=ndarray(...), sfs=ndarray(...), sizes=ndarray(...), texRes=48, units='norm', win=Window(...), xys=ndarray(...))
4.2465 	EXP 	Created unnamed Circle = Circle(__class__=<class 'psychopy.visual.circle.Circle'>, autoDraw=False, autoLog=True, closeShape=True, color=method-wrapper(...), colorSpace=None, contrast=1.0, depth=0, fillColor='red', fillColorSpace='named', fillRGB=array([255.,   0.,   0.]), interpolate=True, lineColor='red', lineColorSpace='named', lineRGB=array([255.,   0.,   0.]), lineWidth=1.5, name='unnamed Circle', opacity=1.0, ori=array(0.), pos=array([0., 0.]), size=array([0.05  , 0.0625]), units='norm', vertices=ndarray(...), win=Window(...))
4.2471 	EXP 	Created unnamed Rect = Rect(__class__=<class 'psychopy.visual.rect.Rect'>, autoDraw=False, autoLog=True, closeShape=True, color=method-wrapper(...), colorSpace=None, contrast=1.0, depth=0, fillColor=None, fillColorSpace='rgb', fillRGB=None, interpolate=True, lineColor='DarkGrey', lineColorSpace='named', lineRGB=array([169., 169., 169.]), lineWidth=1.5, name='unnamed Rect', opacity=1.0, ori=array(0.), pos=array([ 0. , -0.6]), size=array([1., 1.]), units='norm', vertices=ndarray(...), win=Window(...))
4.2475 	EXP 	Created slider_arousal = Slider(__class__=<class 'psychopy.visual.slider.Slider'>, autoDraw=False, autoLog=True, color='LightGray', depth=0, flip=False, font='HelveticaBold', granularity=1, labelHeight=0.05, labels=None, name='slider_arousal', pos=(0, -0.6), readOnly=False, self=UNKNOWN, size=(1, 0.05), style=method-wrapper(...), ticks=array([  1,  25,  50,  75, 100]), units='norm', win=Window(...))
4.2625 	EXP 	Created text_2 = TextStim(__class__=<class 'psychopy.visual.text.TextStim'>, alignHoriz='center', alignVert='center', antialias=True, autoLog=True, bold=False, color='white', colorSpace='named', contrast=1.0, depth=-3.0, flipHoriz=False, flipVert=False, font='Arial', fontFiles=[], height=0.1, italic=False, languageStyle='LTR', name='text_2', opacity=1.0, ori=0, pos=array([ 0. , -0.3]), rgb=array([255., 255., 255.]), text=str(...), units='norm', win=Window(...), wrapWidth=1)
4.2678 	EXP 	Created text_4 = TextStim(__class__=<class 'psychopy.visual.text.TextStim'>, alignHoriz='center', alignVert='center', antialias=True, autoLog=True, bold=False, color='white', colorSpace='named', contrast=1.0, depth=-5.0, flipHoriz=False, flipVert=False, font='Arial', fontFiles=[], height=0.06, italic=False, languageStyle='LTR', name='text_4', opacity=1.0, ori=0, pos=array([ 0.  , -0.09]), rgb=array([255., 255., 255.]), text='Press {Space} to continue', units='norm', win=Window(...), wrapWidth=1)
4.2791 	EXP 	Imported CueRatings.xlsx as conditions, 18 conditions, 2 params
4.2793 	EXP 	Created sequence: sequential, trialTypes=18, nReps=1, seed=None
4.2795 	EXP 	New trial (rep=0, index=0): OrderedDict([('words', 'bunny'), ('images', None)])
4.3047 	EXP 	slider_valence: autoLog = True
4.3047 	EXP 	slider_valence: markerPos = None
4.3047 	EXP 	slider_valence: rating = None
4.3047 	EXP 	slider_valence: markerPos = None
4.3047 	EXP 	unnamed Circle: contrast = 1.0
4.3047 	EXP 	unnamed GratingStim: contrast = 1.0
4.3047 	EXP 	slider_valence: contrast = 1.0
4.3047 	EXP 	slider_valence: autoLog = True
4.3047 	EXP 	slider_valence: style = ('rating',)
4.3047 	EXP 	slider_arousal: autoLog = True
4.3047 	EXP 	slider_arousal: markerPos = None
4.3047 	EXP 	slider_arousal: rating = None
4.3047 	EXP 	slider_arousal: markerPos = None
4.3047 	EXP 	unnamed Circle: contrast = 1.0
4.3047 	EXP 	unnamed GratingStim: contrast = 1.0
4.3047 	EXP 	slider_arousal: contrast = 1.0
4.3047 	EXP 	slider_arousal: autoLog = True
4.3047 	EXP 	slider_arousal: style = ('rating',)
4.3047 	EXP 	image_1: image = None
4.3047 	EXP 	slider_valence: markerPos = None
4.3047 	EXP 	slider_valence: markerPos = None
4.3047 	EXP 	slider_valence: rating = None
4.3047 	EXP 	image_1: autoDraw = True
4.3047 	EXP 	ValenceImg: autoDraw = True
4.3047 	EXP 	slider_valence: autoDraw = True
4.3047 	EXP 	text: autoDraw = True
4.3047 	EXP 	text_3: autoDraw = True
5.3830 	DATA 	Keypress: space
5.3980 	EXP 	image_1: autoDraw = False
5.3980 	EXP 	ValenceImg: autoDraw = False
5.3980 	EXP 	slider_valence: autoDraw = False
5.3980 	EXP 	text: autoDraw = False
5.3980 	EXP 	text_3: autoDraw = False
5.3980 	EXP 	image_2: image = None
5.3980 	EXP 	slider_arousal: markerPos = None
5.3980 	EXP 	slider_arousal: markerPos = None
5.3980 	EXP 	slider_arousal: rating = None
5.3980 	EXP 	image_2: autoDraw = True
5.3980 	EXP 	Arousalimage: autoDraw = True
5.3980 	EXP 	slider_arousal: autoDraw = True
5.3980 	EXP 	text_2: autoDraw = True
5.3980 	EXP 	text_4: autoDraw = True
7.8707 	DATA 	Mouse: Left button down, pos=(649,210)
7.8971 	EXP 	slider_arousal: markerPos = 51.8921875
7.8971 	EXP 	unnamed Circle: pos = array([[ 0.01515152, -0.6       ]])
7.9138 	EXP 	slider_arousal: markerPos = 51.8921875
7.9306 	EXP 	slider_arousal: markerPos = 51.8921875
7.9477 	EXP 	slider_arousal: markerPos = 51.8921875
7.9481 	DATA 	Mouse:  Left button up, pos=(649,210)
7.9637 	EXP 	slider_arousal: markerPos = 52.0
7.9637 	EXP 	slider_arousal: rating = 52.0
7.9637 	EXP 	unnamed Circle: pos = array([[ 0.01515152, -0.6       ]])
8.7986 	DATA 	Keypress: space
8.8010 	EXP 	New trial (rep=0, index=1): OrderedDict([('words', 'afraid'), ('images', None)])
8.8147 	EXP 	image_2: autoDraw = False
8.8147 	EXP 	Arousalimage: autoDraw = False
8.8147 	EXP 	slider_arousal: autoDraw = False
8.8147 	EXP 	text_2: autoDraw = False
8.8147 	EXP 	text_4: autoDraw = False
8.8147 	EXP 	image_1: image = None
8.8147 	EXP 	slider_valence: markerPos = None
8.8147 	EXP 	slider_valence: markerPos = None
8.8147 	EXP 	slider_valence: rating = None
8.8147 	EXP 	image_1: autoDraw = True
8.8147 	EXP 	ValenceImg: autoDraw = True
8.8147 	EXP 	slider_valence: autoDraw = True
8.8147 	EXP 	text: autoDraw = True
8.8147 	EXP 	text_3: autoDraw = True
10.1817 	DATA 	Mouse: Left button down, pos=(650,199)
10.1976 	EXP 	slider_valence: markerPos = 52.046875
10.1976 	EXP 	unnamed Circle: pos = array([[ 0.01515152, -0.6       ]])
10.2144 	EXP 	slider_valence: markerPos = 52.5109375
10.2144 	EXP 	unnamed Circle: pos = array([[ 0.02525253, -0.6       ]])
10.2310 	EXP 	slider_valence: markerPos = 52.8203125
10.2475 	EXP 	slider_valence: markerPos = 53.1296875
10.2642 	EXP 	slider_valence: markerPos = 53.1296875
10.2801 	EXP 	slider_valence: markerPos = 53.1296875
10.2804 	DATA 	Mouse:  Left button up, pos=(657,197)
10.2968 	EXP 	slider_valence: markerPos = 53.0
10.2968 	EXP 	slider_valence: rating = 53.0
10.2968 	EXP 	unnamed Circle: pos = array([[ 0.02525253, -0.6       ]])
11.1142 	DATA 	Mouse: Left button down, pos=(657,197)
11.1303 	EXP 	slider_valence: markerPos = 53.1296875
11.1471 	EXP 	slider_valence: markerPos = 53.1296875
11.1638 	EXP 	slider_valence: markerPos = 53.284375
11.1804 	EXP 	slider_valence: markerPos = 53.284375
11.1976 	EXP 	slider_valence: markerPos = 53.59375
11.1976 	EXP 	unnamed Circle: pos = array([[ 0.03535354, -0.6       ]])
11.2141 	EXP 	slider_valence: markerPos = 53.903125
11.2305 	EXP 	slider_valence: markerPos = 54.3671875
11.2470 	EXP 	slider_valence: markerPos = 55.140625
11.2470 	EXP 	unnamed Circle: pos = array([[ 0.04545455, -0.6       ]])
11.2637 	EXP 	slider_valence: markerPos = 56.2234375
11.2637 	EXP 	unnamed Circle: pos = array([[ 0.05555556, -0.6       ]])
11.2803 	EXP 	slider_valence: markerPos = 57.30625
11.2803 	EXP 	unnamed Circle: pos = array([[ 0.06565657, -0.6       ]])
11.2971 	EXP 	slider_valence: markerPos = 58.3890625
11.2971 	EXP 	unnamed Circle: pos = array([[ 0.07575758, -0.6       ]])
11.3138 	EXP 	slider_valence: markerPos = 59.0078125
11.3138 	EXP 	unnamed Circle: pos = array([[ 0.08585859, -0.6       ]])
11.3304 	EXP 	slider_valence: markerPos = 59.471875
11.3473 	EXP 	slider_valence: markerPos = 59.78125
11.3473 	EXP 	unnamed Circle: pos = array([[ 0.0959596, -0.6      ]])
11.3639 	EXP 	slider_valence: markerPos = 60.090625
11.3803 	EXP 	slider_valence: markerPos = 60.090625
11.3972 	EXP 	slider_valence: markerPos = 60.2453125
11.4139 	EXP 	slider_valence: markerPos = 60.4
11.4305 	EXP 	slider_valence: markerPos = 60.709375
11.4305 	EXP 	unnamed Circle: pos = array([[ 0.10606061, -0.6       ]])
11.4473 	EXP 	slider_valence: markerPos = 61.1734375
11.4638 	EXP 	slider_valence: markerPos = 61.7921875
11.4638 	EXP 	unnamed Circle: pos = array([[ 0.11616162, -0.6       ]])
11.4806 	EXP 	slider_valence: markerPos = 62.4109375
11.4976 	EXP 	slider_valence: markerPos = 63.184375
11.4976 	EXP 	unnamed Circle: pos = array([[ 0.12626263, -0.6       ]])
11.5135 	EXP 	slider_valence: markerPos = 64.2671875
11.5135 	EXP 	unnamed Circle: pos = array([[ 0.13636364, -0.6       ]])
11.5301 	EXP 	slider_valence: markerPos = 65.35000000000001
11.5301 	EXP 	unnamed Circle: pos = array([[ 0.14646465, -0.6       ]])
11.5468 	EXP 	slider_valence: markerPos = 66.58749999999999
11.5468 	EXP 	unnamed Circle: pos = array([[ 0.16666667, -0.6       ]])
11.5634 	EXP 	slider_valence: markerPos = 67.67031250000001
11.5634 	EXP 	unnamed Circle: pos = array([[ 0.17676768, -0.6       ]])
11.5801 	EXP 	slider_valence: markerPos = 68.753125
11.5801 	EXP 	unnamed Circle: pos = array([[ 0.18686869, -0.6       ]])
11.5976 	EXP 	slider_valence: markerPos = 70.45468749999999
11.5976 	EXP 	unnamed Circle: pos = array([[ 0.1969697, -0.6      ]])
11.6139 	EXP 	slider_valence: markerPos = 71.22812499999999
11.6139 	EXP 	unnamed Circle: pos = array([[ 0.20707071, -0.6       ]])
11.6305 	EXP 	slider_valence: markerPos = 72.15625
11.6305 	EXP 	unnamed Circle: pos = array([[ 0.21717172, -0.6       ]])
11.6476 	EXP 	slider_valence: markerPos = 72.9296875
11.6476 	EXP 	unnamed Circle: pos = array([[ 0.22727273, -0.6       ]])
11.6638 	EXP 	slider_valence: markerPos = 73.39375
11.6805 	EXP 	slider_valence: markerPos = 73.54843749999999
11.6805 	EXP 	unnamed Circle: pos = array([[ 0.23737374, -0.6       ]])
11.6972 	EXP 	slider_valence: markerPos = 73.54843749999999
11.7138 	EXP 	slider_valence: markerPos = 73.54843749999999
11.7305 	EXP 	slider_valence: markerPos = 73.54843749999999
11.7472 	EXP 	slider_valence: markerPos = 73.54843749999999
11.7639 	EXP 	slider_valence: markerPos = 73.54843749999999
11.7805 	EXP 	slider_valence: markerPos = 73.54843749999999
11.7971 	EXP 	slider_valence: markerPos = 73.54843749999999
11.8140 	EXP 	slider_valence: markerPos = 73.54843749999999
11.8305 	EXP 	slider_valence: markerPos = 73.54843749999999
11.8472 	EXP 	slider_valence: markerPos = 73.54843749999999
11.8640 	EXP 	slider_valence: markerPos = 73.08437500000001
11.8640 	EXP 	unnamed Circle: pos = array([[ 0.22727273, -0.6       ]])
11.8810 	EXP 	slider_valence: markerPos = 71.846875
11.8810 	EXP 	unnamed Circle: pos = array([[ 0.21717172, -0.6       ]])
11.8972 	EXP 	slider_valence: markerPos = 69.5265625
11.8972 	EXP 	unnamed Circle: pos = array([[ 0.1969697, -0.6      ]])
11.9134 	EXP 	slider_valence: markerPos = 66.7421875
11.9134 	EXP 	unnamed Circle: pos = array([[ 0.16666667, -0.6       ]])
11.9300 	EXP 	slider_valence: markerPos = 63.184375
11.9300 	EXP 	unnamed Circle: pos = array([[ 0.12626263, -0.6       ]])
11.9467 	EXP 	slider_valence: markerPos = 59.471875
11.9467 	EXP 	unnamed Circle: pos = array([[ 0.08585859, -0.6       ]])
11.9639 	EXP 	slider_valence: markerPos = 55.759375
11.9639 	EXP 	unnamed Circle: pos = array([[ 0.05555556, -0.6       ]])
11.9802 	EXP 	slider_valence: markerPos = 51.428125
11.9802 	EXP 	unnamed Circle: pos = array([[ 0.00505051, -0.6       ]])
11.9967 	EXP 	slider_valence: markerPos = 49.262499999999996
11.9967 	EXP 	unnamed Circle: pos = array([[-0.01515152, -0.6       ]])
12.0132 	EXP 	slider_valence: markerPos = 47.2515625
12.0132 	EXP 	unnamed Circle: pos = array([[-0.03535354, -0.6       ]])
12.0301 	EXP 	slider_valence: markerPos = 45.859375
12.0301 	EXP 	unnamed Circle: pos = array([[-0.04545455, -0.6       ]])
12.0469 	EXP 	slider_valence: markerPos = 44.621874999999996
12.0469 	EXP 	unnamed Circle: pos = array([[-0.05555556, -0.6       ]])
12.0635 	EXP 	slider_valence: markerPos = 43.69375
12.0635 	EXP 	unnamed Circle: pos = array([[-0.06565657, -0.6       ]])
12.0803 	EXP 	slider_valence: markerPos = 42.9203125
12.0803 	EXP 	unnamed Circle: pos = array([[-0.07575758, -0.6       ]])
12.0971 	EXP 	slider_valence: markerPos = 42.301562499999996
12.0971 	EXP 	unnamed Circle: pos = array([[-0.08585859, -0.6       ]])
12.1135 	EXP 	slider_valence: markerPos = 41.8375
12.1302 	EXP 	slider_valence: markerPos = 41.528124999999996
12.1470 	EXP 	slider_valence: markerPos = 41.21875
12.1470 	EXP 	unnamed Circle: pos = array([[-0.0959596, -0.6      ]])
12.1635 	EXP 	slider_valence: markerPos = 40.754687499999996
12.1799 	EXP 	slider_valence: markerPos = 39.8265625
12.1799 	EXP 	unnamed Circle: pos = array([[-0.10606061, -0.6       ]])
12.1966 	EXP 	slider_valence: markerPos = 39.053125
12.1966 	EXP 	unnamed Circle: pos = array([[-0.11616162, -0.6       ]])
12.2133 	EXP 	slider_valence: markerPos = 37.9703125
12.2133 	EXP 	unnamed Circle: pos = array([[-0.12626263, -0.6       ]])
12.2299 	EXP 	slider_valence: markerPos = 37.042187500000004
12.2299 	EXP 	unnamed Circle: pos = array([[-0.13636364, -0.6       ]])
12.2468 	EXP 	slider_valence: markerPos = 35.959375
12.2468 	EXP 	unnamed Circle: pos = array([[-0.14646465, -0.6       ]])
12.2636 	EXP 	slider_valence: markerPos = 35.03125
12.2636 	EXP 	unnamed Circle: pos = array([[-0.15656566, -0.6       ]])
12.2804 	EXP 	slider_valence: markerPos = 33.948437500000004
12.2804 	EXP 	unnamed Circle: pos = array([[-0.16666667, -0.6       ]])
12.2970 	EXP 	slider_valence: markerPos = 33.020312499999996
12.2970 	EXP 	unnamed Circle: pos = array([[-0.17676768, -0.6       ]])
12.3135 	EXP 	slider_valence: markerPos = 31.9375
12.3135 	EXP 	unnamed Circle: pos = array([[-0.18686869, -0.6       ]])
12.3302 	EXP 	slider_valence: markerPos = 31.31875
12.3302 	EXP 	unnamed Circle: pos = array([[-0.1969697, -0.6      ]])
12.3471 	EXP 	slider_valence: markerPos = 31.009375
12.3637 	EXP 	slider_valence: markerPos = 30.7
12.3802 	EXP 	slider_valence: markerPos = 30.390625
12.3802 	EXP 	unnamed Circle: pos = array([[-0.20707071, -0.6       ]])
12.3971 	EXP 	slider_valence: markerPos = 30.390625
12.4136 	EXP 	slider_valence: markerPos = 30.390625
12.4301 	EXP 	slider_valence: markerPos = 30.390625
12.4470 	EXP 	slider_valence: markerPos = 30.390625
12.4636 	EXP 	slider_valence: markerPos = 30.390625
12.4798 	EXP 	slider_valence: markerPos = 30.390625
12.4800 	DATA 	Mouse:  Left button up, pos=(510,195)
12.4964 	EXP 	slider_valence: markerPos = 30.0
12.4964 	EXP 	slider_valence: rating = 30.0
12.4964 	EXP 	unnamed Circle: pos = array([[-0.20707071, -0.6       ]])
13.2643 	DATA 	Keypress: space
13.2806 	EXP 	image_1: autoDraw = False
13.2806 	EXP 	ValenceImg: autoDraw = False
13.2806 	EXP 	slider_valence: autoDraw = False
13.2806 	EXP 	text: autoDraw = False
13.2806 	EXP 	text_3: autoDraw = False
13.2806 	EXP 	image_2: image = None
13.2806 	EXP 	slider_arousal: markerPos = None
13.2806 	EXP 	slider_arousal: markerPos = None
13.2806 	EXP 	slider_arousal: rating = None
13.2806 	EXP 	image_2: autoDraw = True
13.2806 	EXP 	Arousalimage: autoDraw = True
13.2806 	EXP 	slider_arousal: autoDraw = True
13.2806 	EXP 	text_2: autoDraw = True
13.2806 	EXP 	text_4: autoDraw = True
14.0647 	DATA 	Mouse: Left button down, pos=(504,193)
14.0809 	EXP 	slider_arousal: markerPos = 29.771875
14.0809 	EXP 	unnamed Circle: pos = array([[-0.20707071, -0.6       ]])
14.0969 	EXP 	slider_arousal: markerPos = 30.8546875
14.0969 	EXP 	unnamed Circle: pos = array([[-0.1969697, -0.6      ]])
14.1130 	EXP 	slider_arousal: markerPos = 31.628125
14.1130 	EXP 	unnamed Circle: pos = array([[-0.18686869, -0.6       ]])
14.1297 	EXP 	slider_arousal: markerPos = 32.4015625
14.1465 	EXP 	slider_arousal: markerPos = 32.865625
14.1465 	EXP 	unnamed Circle: pos = array([[-0.17676768, -0.6       ]])
14.1632 	EXP 	slider_arousal: markerPos = 33.6390625
14.1632 	EXP 	unnamed Circle: pos = array([[-0.16666667, -0.6       ]])
14.1798 	EXP 	slider_arousal: markerPos = 34.8765625
14.1798 	EXP 	unnamed Circle: pos = array([[-0.15656566, -0.6       ]])
14.1966 	EXP 	slider_arousal: markerPos = 37.660937499999996
14.1966 	EXP 	unnamed Circle: pos = array([[-0.12626263, -0.6       ]])
14.2133 	EXP 	slider_arousal: markerPos = 39.981249999999996
14.2133 	EXP 	unnamed Circle: pos = array([[-0.10606061, -0.6       ]])
14.2299 	EXP 	slider_arousal: markerPos = 42.146875
14.2299 	EXP 	unnamed Circle: pos = array([[-0.08585859, -0.6       ]])
14.2466 	EXP 	slider_arousal: markerPos = 44.621874999999996
14.2466 	EXP 	unnamed Circle: pos = array([[-0.05555556, -0.6       ]])
14.2633 	EXP 	slider_arousal: markerPos = 46.6328125
14.2633 	EXP 	unnamed Circle: pos = array([[-0.03535354, -0.6       ]])
14.2802 	EXP 	slider_arousal: markerPos = 48.025
14.2802 	EXP 	unnamed Circle: pos = array([[-0.02525253, -0.6       ]])
14.2971 	EXP 	slider_arousal: markerPos = 48.7984375
14.2971 	EXP 	unnamed Circle: pos = array([[-0.01515152, -0.6       ]])
14.3137 	EXP 	slider_arousal: markerPos = 49.417187500000004
14.3170 	DATA 	Mouse:  Left button up, pos=(634,189)
14.3297 	EXP 	slider_arousal: markerPos = 49.571875
14.3297 	EXP 	unnamed Circle: pos = array([[-0.00505051, -0.6       ]])
14.3462 	EXP 	slider_arousal: markerPos = 50.0
14.3462 	EXP 	slider_arousal: rating = 50.0
14.3462 	EXP 	unnamed Circle: pos = array([[-0.00505051, -0.6       ]])
14.4478 	DATA 	Keypress: space
14.4496 	EXP 	New trial (rep=0, index=2): OrderedDict([('words', 'startled'), ('images', None)])
14.4634 	EXP 	image_2: autoDraw = False
14.4634 	EXP 	Arousalimage: autoDraw = False
14.4634 	EXP 	slider_arousal: autoDraw = False
14.4634 	EXP 	text_2: autoDraw = False
14.4634 	EXP 	text_4: autoDraw = False
14.4634 	EXP 	image_1: image = None
14.4634 	EXP 	slider_valence: markerPos = None
14.4634 	EXP 	slider_valence: markerPos = None
14.4634 	EXP 	slider_valence: rating = None
14.4634 	EXP 	image_1: autoDraw = True
14.4634 	EXP 	ValenceImg: autoDraw = True
14.4634 	EXP 	slider_valence: autoDraw = True
14.4634 	EXP 	text: autoDraw = True
14.4634 	EXP 	text_3: autoDraw = True
14.9811 	DATA 	Keypress: space
14.9972 	EXP 	image_1: autoDraw = False
14.9972 	EXP 	ValenceImg: autoDraw = False
14.9972 	EXP 	slider_valence: autoDraw = False
14.9972 	EXP 	text: autoDraw = False
14.9972 	EXP 	text_3: autoDraw = False
14.9972 	EXP 	image_2: image = None
14.9972 	EXP 	slider_arousal: markerPos = None
14.9972 	EXP 	slider_arousal: markerPos = None
14.9972 	EXP 	slider_arousal: rating = None
14.9972 	EXP 	image_2: autoDraw = True
14.9972 	EXP 	Arousalimage: autoDraw = True
14.9972 	EXP 	slider_arousal: autoDraw = True
14.9972 	EXP 	text_2: autoDraw = True
14.9972 	EXP 	text_4: autoDraw = True
15.4805 	DATA 	Keypress: space
15.4823 	EXP 	New trial (rep=0, index=3): OrderedDict([('words', 'statue'), ('images', None)])
15.4967 	EXP 	image_2: autoDraw = False
15.4967 	EXP 	Arousalimage: autoDraw = False
15.4967 	EXP 	slider_arousal: autoDraw = False
15.4967 	EXP 	text_2: autoDraw = False
15.4967 	EXP 	text_4: autoDraw = False
15.4967 	EXP 	image_1: image = None
15.4967 	EXP 	slider_valence: markerPos = None
15.4967 	EXP 	slider_valence: markerPos = None
15.4967 	EXP 	slider_valence: rating = None
15.4967 	EXP 	image_1: autoDraw = True
15.4967 	EXP 	ValenceImg: autoDraw = True
15.4967 	EXP 	slider_valence: autoDraw = True
15.4967 	EXP 	text: autoDraw = True
15.4967 	EXP 	text_3: autoDraw = True
15.8977 	DATA 	Keypress: space
15.9139 	EXP 	image_1: autoDraw = False
15.9139 	EXP 	ValenceImg: autoDraw = False
15.9139 	EXP 	slider_valence: autoDraw = False
15.9139 	EXP 	text: autoDraw = False
15.9139 	EXP 	text_3: autoDraw = False
15.9139 	EXP 	image_2: image = None
15.9139 	EXP 	slider_arousal: markerPos = None
15.9139 	EXP 	slider_arousal: markerPos = None
15.9139 	EXP 	slider_arousal: rating = None
15.9139 	EXP 	image_2: autoDraw = True
15.9139 	EXP 	Arousalimage: autoDraw = True
15.9139 	EXP 	slider_arousal: autoDraw = True
15.9139 	EXP 	text_2: autoDraw = True
15.9139 	EXP 	text_4: autoDraw = True
16.2801 	DATA 	Keypress: space
16.2808 	EXP 	New trial (rep=0, index=4): OrderedDict([('words', 'birthday'), ('images', None)])
16.2962 	EXP 	image_2: autoDraw = False
16.2962 	EXP 	Arousalimage: autoDraw = False
16.2962 	EXP 	slider_arousal: autoDraw = False
16.2962 	EXP 	text_2: autoDraw = False
16.2962 	EXP 	text_4: autoDraw = False
16.2962 	EXP 	image_1: image = None
16.2962 	EXP 	slider_valence: markerPos = None
16.2962 	EXP 	slider_valence: markerPos = None
16.2962 	EXP 	slider_valence: rating = None
16.2962 	EXP 	image_1: autoDraw = True
16.2962 	EXP 	ValenceImg: autoDraw = True
16.2962 	EXP 	slider_valence: autoDraw = True
16.2962 	EXP 	text: autoDraw = True
16.2962 	EXP 	text_3: autoDraw = True
16.5633 	DATA 	Keypress: space
16.5796 	EXP 	image_1: autoDraw = False
16.5796 	EXP 	ValenceImg: autoDraw = False
16.5796 	EXP 	slider_valence: autoDraw = False
16.5796 	EXP 	text: autoDraw = False
16.5796 	EXP 	text_3: autoDraw = False
16.5796 	EXP 	image_2: image = None
16.5796 	EXP 	slider_arousal: markerPos = None
16.5796 	EXP 	slider_arousal: markerPos = None
16.5796 	EXP 	slider_arousal: rating = None
16.5796 	EXP 	image_2: autoDraw = True
16.5796 	EXP 	Arousalimage: autoDraw = True
16.5796 	EXP 	slider_arousal: autoDraw = True
16.5796 	EXP 	text_2: autoDraw = True
16.5796 	EXP 	text_4: autoDraw = True
16.8309 	DATA 	Keypress: space
16.8329 	EXP 	New trial (rep=0, index=5): OrderedDict([('words', 'coward'), ('images', None)])
16.8462 	EXP 	image_2: autoDraw = False
16.8462 	EXP 	Arousalimage: autoDraw = False
16.8462 	EXP 	slider_arousal: autoDraw = False
16.8462 	EXP 	text_2: autoDraw = False
16.8462 	EXP 	text_4: autoDraw = False
16.8462 	EXP 	image_1: image = None
16.8462 	EXP 	slider_valence: markerPos = None
16.8462 	EXP 	slider_valence: markerPos = None
16.8462 	EXP 	slider_valence: rating = None
16.8462 	EXP 	image_1: autoDraw = True
16.8462 	EXP 	ValenceImg: autoDraw = True
16.8462 	EXP 	slider_valence: autoDraw = True
16.8462 	EXP 	text: autoDraw = True
16.8462 	EXP 	text_3: autoDraw = True
17.0642 	DATA 	Keypress: space
17.0803 	EXP 	image_1: autoDraw = False
17.0803 	EXP 	ValenceImg: autoDraw = False
17.0803 	EXP 	slider_valence: autoDraw = False
17.0803 	EXP 	text: autoDraw = False
17.0803 	EXP 	text_3: autoDraw = False
17.0803 	EXP 	image_2: image = None
17.0803 	EXP 	slider_arousal: markerPos = None
17.0803 	EXP 	slider_arousal: markerPos = None
17.0803 	EXP 	slider_arousal: rating = None
17.0803 	EXP 	image_2: autoDraw = True
17.0803 	EXP 	Arousalimage: autoDraw = True
17.0803 	EXP 	slider_arousal: autoDraw = True
17.0803 	EXP 	text_2: autoDraw = True
17.0803 	EXP 	text_4: autoDraw = True
17.2808 	DATA 	Keypress: space
17.2826 	EXP 	New trial (rep=0, index=6): OrderedDict([('words', 'cozy'), ('images', None)])
17.2970 	EXP 	image_2: autoDraw = False
17.2970 	EXP 	Arousalimage: autoDraw = False
17.2970 	EXP 	slider_arousal: autoDraw = False
17.2970 	EXP 	text_2: autoDraw = False
17.2970 	EXP 	text_4: autoDraw = False
17.2970 	EXP 	image_1: image = None
17.2970 	EXP 	slider_valence: markerPos = None
17.2970 	EXP 	slider_valence: markerPos = None
17.2970 	EXP 	slider_valence: rating = None
17.2970 	EXP 	image_1: autoDraw = True
17.2970 	EXP 	ValenceImg: autoDraw = True
17.2970 	EXP 	slider_valence: autoDraw = True
17.2970 	EXP 	text: autoDraw = True
17.2970 	EXP 	text_3: autoDraw = True
17.4807 	DATA 	Keypress: space
17.4968 	EXP 	image_1: autoDraw = False
17.4968 	EXP 	ValenceImg: autoDraw = False
17.4968 	EXP 	slider_valence: autoDraw = False
17.4968 	EXP 	text: autoDraw = False
17.4968 	EXP 	text_3: autoDraw = False
17.4968 	EXP 	image_2: image = None
17.4968 	EXP 	slider_arousal: markerPos = None
17.4968 	EXP 	slider_arousal: markerPos = None
17.4968 	EXP 	slider_arousal: rating = None
17.4968 	EXP 	image_2: autoDraw = True
17.4968 	EXP 	Arousalimage: autoDraw = True
17.4968 	EXP 	slider_arousal: autoDraw = True
17.4968 	EXP 	text_2: autoDraw = True
17.4968 	EXP 	text_4: autoDraw = True
17.6809 	DATA 	Keypress: space
17.6828 	EXP 	New trial (rep=0, index=7): OrderedDict([('words', 'table'), ('images', None)])
17.6970 	EXP 	image_2: autoDraw = False
17.6970 	EXP 	Arousalimage: autoDraw = False
17.6970 	EXP 	slider_arousal: autoDraw = False
17.6970 	EXP 	text_2: autoDraw = False
17.6970 	EXP 	text_4: autoDraw = False
17.6970 	EXP 	image_1: image = None
17.6970 	EXP 	slider_valence: markerPos = None
17.6970 	EXP 	slider_valence: markerPos = None
17.6970 	EXP 	slider_valence: rating = None
17.6970 	EXP 	image_1: autoDraw = True
17.6970 	EXP 	ValenceImg: autoDraw = True
17.6970 	EXP 	slider_valence: autoDraw = True
17.6970 	EXP 	text: autoDraw = True
17.6970 	EXP 	text_3: autoDraw = True
17.8809 	DATA 	Keypress: space
17.8971 	EXP 	image_1: autoDraw = False
17.8971 	EXP 	ValenceImg: autoDraw = False
17.8971 	EXP 	slider_valence: autoDraw = False
17.8971 	EXP 	text: autoDraw = False
17.8971 	EXP 	text_3: autoDraw = False
17.8971 	EXP 	image_2: image = None
17.8971 	EXP 	slider_arousal: markerPos = None
17.8971 	EXP 	slider_arousal: markerPos = None
17.8971 	EXP 	slider_arousal: rating = None
17.8971 	EXP 	image_2: autoDraw = True
17.8971 	EXP 	Arousalimage: autoDraw = True
17.8971 	EXP 	slider_arousal: autoDraw = True
17.8971 	EXP 	text_2: autoDraw = True
17.8971 	EXP 	text_4: autoDraw = True
18.0798 	DATA 	Keypress: space
18.0805 	EXP 	New trial (rep=0, index=8): OrderedDict([('words', 'divorce'), ('images', None)])
18.0960 	EXP 	image_2: autoDraw = False
18.0960 	EXP 	Arousalimage: autoDraw = False
18.0960 	EXP 	slider_arousal: autoDraw = False
18.0960 	EXP 	text_2: autoDraw = False
18.0960 	EXP 	text_4: autoDraw = False
18.0960 	EXP 	image_1: image = None
18.0960 	EXP 	slider_valence: markerPos = None
18.0960 	EXP 	slider_valence: markerPos = None
18.0960 	EXP 	slider_valence: rating = None
18.0960 	EXP 	image_1: autoDraw = True
18.0960 	EXP 	ValenceImg: autoDraw = True
18.0960 	EXP 	slider_valence: autoDraw = True
18.0960 	EXP 	text: autoDraw = True
18.0960 	EXP 	text_3: autoDraw = True
18.2796 	DATA 	Keypress: space
18.2959 	EXP 	image_1: autoDraw = False
18.2959 	EXP 	ValenceImg: autoDraw = False
18.2959 	EXP 	slider_valence: autoDraw = False
18.2959 	EXP 	text: autoDraw = False
18.2959 	EXP 	text_3: autoDraw = False
18.2959 	EXP 	image_2: image = None
18.2959 	EXP 	slider_arousal: markerPos = None
18.2959 	EXP 	slider_arousal: markerPos = None
18.2959 	EXP 	slider_arousal: rating = None
18.2959 	EXP 	image_2: autoDraw = True
18.2959 	EXP 	Arousalimage: autoDraw = True
18.2959 	EXP 	slider_arousal: autoDraw = True
18.2959 	EXP 	text_2: autoDraw = True
18.2959 	EXP 	text_4: autoDraw = True
18.4638 	DATA 	Keypress: space
18.4655 	EXP 	New trial (rep=0, index=9): OrderedDict([('words', 'python'), ('images', None)])
18.4798 	EXP 	image_2: autoDraw = False
18.4798 	EXP 	Arousalimage: autoDraw = False
18.4798 	EXP 	slider_arousal: autoDraw = False
18.4798 	EXP 	text_2: autoDraw = False
18.4798 	EXP 	text_4: autoDraw = False
18.4798 	EXP 	image_1: image = None
18.4798 	EXP 	slider_valence: markerPos = None
18.4798 	EXP 	slider_valence: markerPos = None
18.4798 	EXP 	slider_valence: rating = None
18.4798 	EXP 	image_1: autoDraw = True
18.4798 	EXP 	ValenceImg: autoDraw = True
18.4798 	EXP 	slider_valence: autoDraw = True
18.4798 	EXP 	text: autoDraw = True
18.4798 	EXP 	text_3: autoDraw = True
18.6475 	DATA 	Keypress: space
18.6636 	EXP 	image_1: autoDraw = False
18.6636 	EXP 	ValenceImg: autoDraw = False
18.6636 	EXP 	slider_valence: autoDraw = False
18.6636 	EXP 	text: autoDraw = False
18.6636 	EXP 	text_3: autoDraw = False
18.6636 	EXP 	image_2: image = None
18.6636 	EXP 	slider_arousal: markerPos = None
18.6636 	EXP 	slider_arousal: markerPos = None
18.6636 	EXP 	slider_arousal: rating = None
18.6636 	EXP 	image_2: autoDraw = True
18.6636 	EXP 	Arousalimage: autoDraw = True
18.6636 	EXP 	slider_arousal: autoDraw = True
18.6636 	EXP 	text_2: autoDraw = True
18.6636 	EXP 	text_4: autoDraw = True
18.8626 	DATA 	Keypress: space
18.8632 	EXP 	New trial (rep=0, index=10): OrderedDict([('words', 'dollar'), ('images', None)])
18.8792 	EXP 	image_2: autoDraw = False
18.8792 	EXP 	Arousalimage: autoDraw = False
18.8792 	EXP 	slider_arousal: autoDraw = False
18.8792 	EXP 	text_2: autoDraw = False
18.8792 	EXP 	text_4: autoDraw = False
18.8792 	EXP 	image_1: image = None
18.8792 	EXP 	slider_valence: markerPos = None
18.8792 	EXP 	slider_valence: markerPos = None
18.8792 	EXP 	slider_valence: rating = None
18.8792 	EXP 	image_1: autoDraw = True
18.8792 	EXP 	ValenceImg: autoDraw = True
18.8792 	EXP 	slider_valence: autoDraw = True
18.8792 	EXP 	text: autoDraw = True
18.8792 	EXP 	text_3: autoDraw = True
19.0645 	DATA 	Keypress: space
19.0802 	EXP 	image_1: autoDraw = False
19.0802 	EXP 	ValenceImg: autoDraw = False
19.0802 	EXP 	slider_valence: autoDraw = False
19.0802 	EXP 	text: autoDraw = False
19.0802 	EXP 	text_3: autoDraw = False
19.0802 	EXP 	image_2: image = None
19.0802 	EXP 	slider_arousal: markerPos = None
19.0802 	EXP 	slider_arousal: markerPos = None
19.0802 	EXP 	slider_arousal: rating = None
19.0802 	EXP 	image_2: autoDraw = True
19.0802 	EXP 	Arousalimage: autoDraw = True
19.0802 	EXP 	slider_arousal: autoDraw = True
19.0802 	EXP 	text_2: autoDraw = True
19.0802 	EXP 	text_4: autoDraw = True
19.2973 	DATA 	Keypress: space
19.2991 	EXP 	New trial (rep=0, index=11): OrderedDict([('words', 'impair'), ('images', None)])
19.3134 	EXP 	image_2: autoDraw = False
19.3134 	EXP 	Arousalimage: autoDraw = False
19.3134 	EXP 	slider_arousal: autoDraw = False
19.3134 	EXP 	text_2: autoDraw = False
19.3134 	EXP 	text_4: autoDraw = False
19.3134 	EXP 	image_1: image = None
19.3134 	EXP 	slider_valence: markerPos = None
19.3134 	EXP 	slider_valence: markerPos = None
19.3134 	EXP 	slider_valence: rating = None
19.3134 	EXP 	image_1: autoDraw = True
19.3134 	EXP 	ValenceImg: autoDraw = True
19.3134 	EXP 	slider_valence: autoDraw = True
19.3134 	EXP 	text: autoDraw = True
19.3134 	EXP 	text_3: autoDraw = True
19.4973 	DATA 	Keypress: space
19.5126 	EXP 	image_1: autoDraw = False
19.5126 	EXP 	ValenceImg: autoDraw = False
19.5126 	EXP 	slider_valence: autoDraw = False
19.5126 	EXP 	text: autoDraw = False
19.5126 	EXP 	text_3: autoDraw = False
19.5126 	EXP 	image_2: image = None
19.5126 	EXP 	slider_arousal: markerPos = None
19.5126 	EXP 	slider_arousal: markerPos = None
19.5126 	EXP 	slider_arousal: rating = None
19.5126 	EXP 	image_2: autoDraw = True
19.5126 	EXP 	Arousalimage: autoDraw = True
19.5126 	EXP 	slider_arousal: autoDraw = True
19.5126 	EXP 	text_2: autoDraw = True
19.5126 	EXP 	text_4: autoDraw = True
19.6804 	DATA 	Keypress: space
19.6822 	EXP 	New trial (rep=0, index=12): OrderedDict([('words', None), ('images', 'Pictures/1040.jpg')])
19.7453 	EXP 	image_2: autoDraw = False
19.7453 	EXP 	Arousalimage: autoDraw = False
19.7453 	EXP 	slider_arousal: autoDraw = False
19.7453 	EXP 	text_2: autoDraw = False
19.7453 	EXP 	text_4: autoDraw = False
19.7453 	EXP 	image_1: image = 'Pictures/1040.jpg'
19.7453 	EXP 	slider_valence: markerPos = None
19.7453 	EXP 	slider_valence: markerPos = None
19.7453 	EXP 	slider_valence: rating = None
19.7453 	EXP 	image_1: autoDraw = True
19.7453 	EXP 	ValenceImg: autoDraw = True
19.7453 	EXP 	slider_valence: autoDraw = True
19.7453 	EXP 	text: autoDraw = True
19.7453 	EXP 	text_3: autoDraw = True
19.8847 	DATA 	Keypress: space
19.9373 	EXP 	image_1: autoDraw = False
19.9373 	EXP 	ValenceImg: autoDraw = False
19.9373 	EXP 	slider_valence: autoDraw = False
19.9373 	EXP 	text: autoDraw = False
19.9373 	EXP 	text_3: autoDraw = False
19.9373 	EXP 	image_2: image = 'Pictures/1040.jpg'
19.9373 	EXP 	slider_arousal: markerPos = None
19.9373 	EXP 	slider_arousal: markerPos = None
19.9373 	EXP 	slider_arousal: rating = None
19.9373 	EXP 	image_2: autoDraw = True
19.9373 	EXP 	Arousalimage: autoDraw = True
19.9373 	EXP 	slider_arousal: autoDraw = True
19.9373 	EXP 	text_2: autoDraw = True
19.9373 	EXP 	text_4: autoDraw = True
21.0640 	DATA 	Mouse: Left button down, pos=(661,202)
21.0789 	EXP 	slider_arousal: markerPos = 53.7484375
21.0789 	EXP 	unnamed Circle: pos = array([[ 0.03535354, -0.6       ]])
21.0958 	EXP 	slider_arousal: markerPos = 53.7484375
21.1125 	EXP 	slider_arousal: markerPos = 53.7484375
21.1290 	EXP 	slider_arousal: markerPos = 53.7484375
21.1459 	EXP 	slider_arousal: markerPos = 53.7484375
21.1626 	EXP 	slider_arousal: markerPos = 53.59375
21.1792 	EXP 	slider_arousal: markerPos = 52.8203125
21.1792 	EXP 	unnamed Circle: pos = array([[ 0.02525253, -0.6       ]])
21.1960 	EXP 	slider_arousal: markerPos = 50.190625000000004
21.1960 	EXP 	unnamed Circle: pos = array([[-0.00505051, -0.6       ]])
21.2124 	EXP 	slider_arousal: markerPos = 48.334375
21.2124 	EXP 	unnamed Circle: pos = array([[-0.02525253, -0.6       ]])
21.2292 	EXP 	slider_arousal: markerPos = 46.168749999999996
21.2292 	EXP 	unnamed Circle: pos = array([[-0.04545455, -0.6       ]])
21.2459 	EXP 	slider_arousal: markerPos = 44.003125000000004
21.2459 	EXP 	unnamed Circle: pos = array([[-0.06565657, -0.6       ]])
21.2626 	EXP 	slider_arousal: markerPos = 41.8375
21.2626 	EXP 	unnamed Circle: pos = array([[-0.08585859, -0.6       ]])
21.2792 	EXP 	slider_arousal: markerPos = 40.4453125
21.2792 	EXP 	unnamed Circle: pos = array([[-0.10606061, -0.6       ]])
21.2959 	EXP 	slider_arousal: markerPos = 39.362500000000004
21.2959 	EXP 	unnamed Circle: pos = array([[-0.11616162, -0.6       ]])
21.3125 	EXP 	slider_arousal: markerPos = 38.74375
21.3291 	EXP 	slider_arousal: markerPos = 38.434374999999996
21.3291 	EXP 	unnamed Circle: pos = array([[-0.12626263, -0.6       ]])
21.3459 	EXP 	slider_arousal: markerPos = 38.125
21.3624 	EXP 	slider_arousal: markerPos = 37.9703125
21.3790 	EXP 	slider_arousal: markerPos = 37.9703125
21.3959 	EXP 	slider_arousal: markerPos = 37.660937499999996
21.4125 	EXP 	slider_arousal: markerPos = 37.3515625
21.4125 	EXP 	unnamed Circle: pos = array([[-0.13636364, -0.6       ]])
21.4291 	EXP 	slider_arousal: markerPos = 37.3515625
21.4458 	EXP 	slider_arousal: markerPos = 37.196875
21.4623 	EXP 	slider_arousal: markerPos = 37.196875
21.4787 	EXP 	slider_arousal: markerPos = 37.042187500000004
21.4790 	DATA 	Mouse:  Left button up, pos=(552,201)
21.4956 	EXP 	slider_arousal: markerPos = 37.0
21.4956 	EXP 	slider_arousal: rating = 37.0
21.4956 	EXP 	unnamed Circle: pos = array([[-0.13636364, -0.6       ]])
21.8804 	DATA 	Keypress: space
21.8824 	EXP 	New trial (rep=0, index=13): OrderedDict([('words', None), ('images', 'Pictures/1050.jpg')])
21.9454 	EXP 	image_2: autoDraw = False
21.9454 	EXP 	Arousalimage: autoDraw = False
21.9454 	EXP 	slider_arousal: autoDraw = False
21.9454 	EXP 	text_2: autoDraw = False
21.9454 	EXP 	text_4: autoDraw = False
21.9454 	EXP 	image_1: image = 'Pictures/1050.jpg'
21.9454 	EXP 	slider_valence: markerPos = None
21.9454 	EXP 	slider_valence: markerPos = None
21.9454 	EXP 	slider_valence: rating = None
21.9454 	EXP 	image_1: autoDraw = True
21.9454 	EXP 	ValenceImg: autoDraw = True
21.9454 	EXP 	slider_valence: autoDraw = True
21.9454 	EXP 	text: autoDraw = True
21.9454 	EXP 	text_3: autoDraw = True
22.7506 	DATA 	Mouse: Left button down, pos=(552,201)
22.7797 	EXP 	slider_valence: markerPos = 38.2796875
22.7797 	EXP 	unnamed Circle: pos = array([[-0.12626263, -0.6       ]])
22.7964 	EXP 	slider_valence: markerPos = 40.6
22.7964 	EXP 	unnamed Circle: pos = array([[-0.0959596, -0.6      ]])
22.8131 	EXP 	slider_valence: markerPos = 44.1578125
22.8131 	EXP 	unnamed Circle: pos = array([[-0.06565657, -0.6       ]])
22.8297 	EXP 	slider_valence: markerPos = 47.870312500000004
22.8297 	EXP 	unnamed Circle: pos = array([[-0.02525253, -0.6       ]])
22.8464 	EXP 	slider_valence: markerPos = 51.428125
22.8464 	EXP 	unnamed Circle: pos = array([[ 0.00505051, -0.6       ]])
22.8630 	EXP 	slider_valence: markerPos = 54.9859375
22.8630 	EXP 	unnamed Circle: pos = array([[ 0.04545455, -0.6       ]])
22.8797 	EXP 	slider_valence: markerPos = 58.54375
22.8797 	EXP 	unnamed Circle: pos = array([[ 0.08585859, -0.6       ]])
22.8963 	EXP 	slider_valence: markerPos = 62.1015625
22.8963 	EXP 	unnamed Circle: pos = array([[ 0.11616162, -0.6       ]])
22.9131 	EXP 	slider_valence: markerPos = 65.1953125
22.9131 	EXP 	unnamed Circle: pos = array([[ 0.14646465, -0.6       ]])
22.9297 	EXP 	slider_valence: markerPos = 67.67031250000001
22.9297 	EXP 	unnamed Circle: pos = array([[ 0.17676768, -0.6       ]])
22.9464 	EXP 	slider_valence: markerPos = 69.99062500000001
22.9464 	EXP 	unnamed Circle: pos = array([[ 0.1969697, -0.6      ]])
22.9630 	EXP 	slider_valence: markerPos = 71.53750000000001
22.9630 	EXP 	unnamed Circle: pos = array([[ 0.21717172, -0.6       ]])
22.9796 	EXP 	slider_valence: markerPos = 72.9296875
22.9796 	EXP 	unnamed Circle: pos = array([[ 0.22727273, -0.6       ]])
22.9964 	EXP 	slider_valence: markerPos = 73.39375
23.0130 	EXP 	slider_valence: markerPos = 73.703125
23.0130 	EXP 	unnamed Circle: pos = array([[ 0.23737374, -0.6       ]])
23.0297 	EXP 	slider_valence: markerPos = 73.703125
23.0463 	EXP 	slider_valence: markerPos = 73.703125
23.0623 	EXP 	slider_valence: markerPos = 73.703125
23.0627 	DATA 	Mouse:  Left button up, pos=(790,191)
23.0787 	EXP 	slider_valence: markerPos = 74.0
23.0787 	EXP 	slider_valence: rating = 74.0
23.0787 	EXP 	unnamed Circle: pos = array([[ 0.23737374, -0.6       ]])
23.5454 	DATA 	Keypress: space
23.5702 	EXP 	image_1: autoDraw = False
23.5702 	EXP 	ValenceImg: autoDraw = False
23.5702 	EXP 	slider_valence: autoDraw = False
23.5702 	EXP 	text: autoDraw = False
23.5702 	EXP 	text_3: autoDraw = False
23.5702 	EXP 	image_2: image = 'Pictures/1050.jpg'
23.5702 	EXP 	slider_arousal: markerPos = None
23.5702 	EXP 	slider_arousal: markerPos = None
23.5702 	EXP 	slider_arousal: rating = None
23.5702 	EXP 	image_2: autoDraw = True
23.5702 	EXP 	Arousalimage: autoDraw = True
23.5702 	EXP 	slider_arousal: autoDraw = True
23.5702 	EXP 	text_2: autoDraw = True
23.5702 	EXP 	text_4: autoDraw = True
24.1457 	DATA 	Mouse: Left button down, pos=(743,196)
24.1620 	EXP 	slider_arousal: markerPos = 66.4328125
24.1620 	EXP 	unnamed Circle: pos = array([[ 0.15656566, -0.6       ]])
24.1786 	EXP 	slider_arousal: markerPos = 66.4328125
24.1953 	EXP 	slider_arousal: markerPos = 66.4328125
24.2120 	EXP 	slider_arousal: markerPos = 66.12343750000001
24.2285 	EXP 	slider_arousal: markerPos = 65.5046875
24.2452 	EXP 	slider_arousal: markerPos = 64.421875
24.2452 	EXP 	unnamed Circle: pos = array([[ 0.13636364, -0.6       ]])
24.2619 	EXP 	slider_arousal: markerPos = 62.4109375
24.2619 	EXP 	unnamed Circle: pos = array([[ 0.11616162, -0.6       ]])
24.2787 	EXP 	slider_arousal: markerPos = 59.471875
24.2787 	EXP 	unnamed Circle: pos = array([[ 0.08585859, -0.6       ]])
24.2953 	EXP 	slider_arousal: markerPos = 55.759375
24.2953 	EXP 	unnamed Circle: pos = array([[ 0.05555556, -0.6       ]])
24.3122 	EXP 	slider_arousal: markerPos = 51.8921875
24.3122 	EXP 	unnamed Circle: pos = array([[ 0.01515152, -0.6       ]])
24.3287 	EXP 	slider_arousal: markerPos = 48.334375
24.3287 	EXP 	unnamed Circle: pos = array([[-0.02525253, -0.6       ]])
24.3454 	EXP 	slider_arousal: markerPos = 44.93125
24.3454 	EXP 	unnamed Circle: pos = array([[-0.05555556, -0.6       ]])
24.3626 	EXP 	slider_arousal: markerPos = 41.8375
24.3626 	EXP 	unnamed Circle: pos = array([[-0.08585859, -0.6       ]])
24.3788 	EXP 	slider_arousal: markerPos = 39.053125
24.3788 	EXP 	unnamed Circle: pos = array([[-0.11616162, -0.6       ]])
24.3954 	EXP 	slider_arousal: markerPos = 37.50625
24.3954 	EXP 	unnamed Circle: pos = array([[-0.12626263, -0.6       ]])
24.4123 	EXP 	slider_arousal: markerPos = 36.268750000000004
24.4123 	EXP 	unnamed Circle: pos = array([[-0.14646465, -0.6       ]])
24.4288 	EXP 	slider_arousal: markerPos = 35.8046875
24.4454 	EXP 	slider_arousal: markerPos = 35.8046875
24.4456 	DATA 	Mouse:  Left button up, pos=(544,194)
24.4619 	EXP 	slider_arousal: markerPos = 36.0
24.4619 	EXP 	slider_arousal: rating = 36.0
24.4619 	EXP 	unnamed Circle: pos = array([[-0.14646465, -0.6       ]])
25.0625 	DATA 	Keypress: space
25.0638 	EXP 	New trial (rep=0, index=14): OrderedDict([('words', None), ('images', 'Pictures/1051.jpg')])
25.1146 	EXP 	image_2: autoDraw = False
25.1146 	EXP 	Arousalimage: autoDraw = False
25.1146 	EXP 	slider_arousal: autoDraw = False
25.1146 	EXP 	text_2: autoDraw = False
25.1146 	EXP 	text_4: autoDraw = False
25.1146 	EXP 	image_1: image = 'Pictures/1051.jpg'
25.1146 	EXP 	slider_valence: markerPos = None
25.1146 	EXP 	slider_valence: markerPos = None
25.1146 	EXP 	slider_valence: rating = None
25.1146 	EXP 	image_1: autoDraw = True
25.1146 	EXP 	ValenceImg: autoDraw = True
25.1146 	EXP 	slider_valence: autoDraw = True
25.1146 	EXP 	text: autoDraw = True
25.1146 	EXP 	text_3: autoDraw = True
27.2973 	DATA 	Mouse: Left button down, pos=(804,235)
27.3962 	DATA 	Mouse:  Left button up, pos=(804,235)
27.6488 	DATA 	Mouse: Left button down, pos=(802,203)
27.6613 	EXP 	slider_valence: markerPos = 75.559375
27.6613 	EXP 	unnamed Circle: pos = array([[ 0.25757576, -0.6       ]])
27.6781 	EXP 	slider_valence: markerPos = 75.559375
27.6948 	EXP 	slider_valence: markerPos = 75.559375
27.7115 	EXP 	slider_valence: markerPos = 75.559375
27.7283 	EXP 	slider_valence: markerPos = 75.559375
27.7448 	EXP 	slider_valence: markerPos = 75.559375
27.7613 	EXP 	slider_valence: markerPos = 75.559375
27.7615 	DATA 	Mouse:  Left button up, pos=(802,203)
27.7781 	EXP 	slider_valence: markerPos = 76.0
27.7781 	EXP 	slider_valence: rating = 76.0
27.7781 	EXP 	unnamed Circle: pos = array([[ 0.25757576, -0.6       ]])
28.0147 	DATA 	Keypress: space
28.0371 	EXP 	image_1: autoDraw = False
28.0371 	EXP 	ValenceImg: autoDraw = False
28.0371 	EXP 	slider_valence: autoDraw = False
28.0371 	EXP 	text: autoDraw = False
28.0371 	EXP 	text_3: autoDraw = False
28.0371 	EXP 	image_2: image = 'Pictures/1051.jpg'
28.0371 	EXP 	slider_arousal: markerPos = None
28.0371 	EXP 	slider_arousal: markerPos = None
28.0371 	EXP 	slider_arousal: rating = None
28.0371 	EXP 	image_2: autoDraw = True
28.0371 	EXP 	Arousalimage: autoDraw = True
28.0371 	EXP 	slider_arousal: autoDraw = True
28.0371 	EXP 	text_2: autoDraw = True
28.0371 	EXP 	text_4: autoDraw = True
30.0630 	DATA 	Keypress: escape
30.1011 	EXP 	window1: mouseVisible = True
