4.3559 	EXP 	Created window1 = Window(allowGUI=False, allowStencil=False, args=UNKNOWN, autoLog=True, bitsMode=UNKNOWN, blendMode='avg', color=array([0., 0., 0.]), colorSpace='rgb', fullscr=<method-wrapper '__getattribute__' of attributeSetter object at 0x000002779E529E80>, gamma=None, kwargs=UNKNOWN, lms=UNKNOWN, monitor=<psychopy.monitors.calibTools.Monitor object at 0x000002779EBCF390>, multiSample=False, name='window1', numSamples=2, pos=[0.0, 0.0], screen=0, size=array([1280, 1024]), stereo=False, units='norm', useFBO=True, useRetina=False, viewOri=0.0, viewPos=None, viewScale=None, waitBlanking=True, winType='pyglet')
4.3559 	EXP 	window1: recordFrameIntervals = False
4.5216 	EXP 	window1: recordFrameIntervals = True
4.7045 	EXP 	window1: recordFrameIntervals = False
4.7099 	EXP 	Created image_1 = ImageStim(__class__=<class 'psychopy.visual.image.ImageStim'>, autoLog=True, color=array([1., 1., 1.]), colorSpace='rgb', contrast=1.0, depth=0.0, flipHoriz=False, flipVert=False, image='sin', interpolate=True, mask=None, maskParams=None, name='image_1', opacity=1.0, ori=0.0, pos=array([0. , 0.5]), size=array([1., 1.]), texRes=128, units='norm', win=Window(...))
4.7143 	EXP 	Created ValenceImg = ImageStim(__class__=<class 'psychopy.visual.image.ImageStim'>, autoLog=True, color=array([1., 1., 1.]), colorSpace='rgb', contrast=1.0, depth=-1.0, flipHoriz=False, flipVert=False, image='sam image.png', interpolate=True, mask=None, maskParams=None, name='ValenceImg', opacity=1.0, ori=0.0, pos=array([ 0. , -0.5]), size=array([1.0125    , 0.30078125]), texRes=128, units='norm', win=Window(...))
4.7234 	EXP 	Created unnamed GratingStim = GratingStim(__class__=<class 'psychopy.visual.grating.GratingStim'>, autoDraw=False, autoLog=True, blendmode='avg', color='LightGray', colorSpace='named', contrast=1.0, depth=0, interpolate=False, mask='none', maskParams=None, name='unnamed GratingStim', opacity=1.0, ori=0.0, phase=array([0., 0.]), pos=array([ 0. , -0.7]), rgbPedestal=array([0., 0., 0.]), sf=array([0., 0.]), size=array([0.72  , 0.0072]), tex='sin', texRes=128, units='norm', win=Window(...))
4.7261 	EXP 	Created unnamed ElementArrayStim = ElementArrayStim(__class__=type(...), autoLog=True, colorSpace='named', colors='LightGray', contrs=array([1., 1., 1., 1., 1.]), depths=0, elementMask=method-wrapper(...), elementTex=method-wrapper(...), fieldDepth=0, fieldPos=array([0., 0.]), fieldShape='circle', fieldSize=array([1., 1.]), interpolate=True, maskParams=None, nElements=5, name='unnamed ElementArrayStim', opacities=array([1., 1., 1., 1., 1.]), oris=array([0., 0., 0., 0., 0.]), phases=ndarray(...), rgbs=ndarray(...), sfs=ndarray(...), sizes=ndarray(...), texRes=48, units='norm', win=Window(...), xys=ndarray(...))
4.7278 	EXP 	Created unnamed Circle = Circle(__class__=<class 'psychopy.visual.circle.Circle'>, autoDraw=False, autoLog=True, closeShape=True, color=method-wrapper(...), colorSpace=None, contrast=1.0, depth=0, fillColor='red', fillColorSpace='named', fillRGB=array([255.,   0.,   0.]), interpolate=True, lineColor='red', lineColorSpace='named', lineRGB=array([255.,   0.,   0.]), lineWidth=1.5, name='unnamed Circle', opacity=1.0, ori=array(0.), pos=array([0., 0.]), size=array([0.05  , 0.0625]), units='norm', vertices=ndarray(...), win=Window(...))
4.7285 	EXP 	Created unnamed Rect = Rect(__class__=<class 'psychopy.visual.rect.Rect'>, autoDraw=False, autoLog=True, closeShape=True, color=method-wrapper(...), colorSpace=None, contrast=1.0, depth=0, fillColor=None, fillColorSpace='rgb', fillRGB=None, interpolate=True, lineColor='DarkGrey', lineColorSpace='named', lineRGB=array([169., 169., 169.]), lineWidth=1.5, name='unnamed Rect', opacity=1.0, ori=array(0.), pos=array([ 0. , -0.7]), size=array([1., 1.]), units='norm', vertices=ndarray(...), win=Window(...))
4.7288 	EXP 	Created slider_valence = Slider(__class__=<class 'psychopy.visual.slider.Slider'>, autoDraw=False, autoLog=True, color='LightGray', depth=0, flip=False, font='HelveticaBold', granularity=1, labelHeight=0.05, labels=None, name='slider_valence', pos=(0, -0.7), readOnly=False, self=UNKNOWN, size=(0.72, 0.05), style=method-wrapper(...), ticks=array([  1,  25,  50,  75, 100]), units='norm', win=Window(...))
4.7858 	EXP 	Created text = TextStim(__class__=<class 'psychopy.visual.text.TextStim'>, alignHoriz='center', alignVert='center', antialias=True, autoLog=True, bold=False, color='white', colorSpace='named', contrast=1.0, depth=-3.0, flipHoriz=False, flipVert=False, font='Arial', fontFiles=[], height=0.05, italic=False, languageStyle='LTR', name='text', opacity=1.0, ori=0, pos=array([ 0.  , -0.35]), rgb=array([255., 255., 255.]), text=str(...), units='norm', win=Window(...), wrapWidth=1.5)
4.8033 	EXP 	Created text_3 = TextStim(__class__=<class 'psychopy.visual.text.TextStim'>, alignHoriz='center', alignVert='center', antialias=True, autoLog=True, bold=False, color='white', colorSpace='named', contrast=1.0, depth=-5.0, flipHoriz=False, flipVert=False, font='Arial', fontFiles=[], height=0.04, italic=False, languageStyle='LTR', name='text_3', opacity=1.0, ori=0, pos=array([ 0. , -0.9]), rgb=array([255., 255., 255.]), text='Press the space bar to continue', units='norm', win=Window(...), wrapWidth=1)
4.8050 	EXP 	Created image_2 = ImageStim(__class__=<class 'psychopy.visual.image.ImageStim'>, autoLog=True, color=array([1., 1., 1.]), colorSpace='rgb', contrast=1.0, depth=0.0, flipHoriz=False, flipVert=False, image='sin', interpolate=True, mask=None, maskParams=None, name='image_2', opacity=1.0, ori=0.0, pos=array([0.  , 0.23]), size=array([0.5, 0.5]), texRes=128, units='norm', win=Window(...))
4.8095 	EXP 	Created Arousalimage = ImageStim(__class__=<class 'psychopy.visual.image.ImageStim'>, autoLog=True, color=array([1., 1., 1.]), colorSpace='rgb', contrast=1.0, depth=-1.0, flipHoriz=False, flipVert=False, image='sam arousal.png', interpolate=True, mask=None, maskParams=None, name='Arousalimage', opacity=1.0, ori=0.0, pos=array([ 0.  , -0.15]), size=array([1.0109375 , 0.29882812]), texRes=128, units='norm', win=Window(...))
4.8119 	EXP 	Created unnamed GratingStim = GratingStim(__class__=<class 'psychopy.visual.grating.GratingStim'>, autoDraw=False, autoLog=True, blendmode='avg', color='LightGray', colorSpace='named', contrast=1.0, depth=0, interpolate=False, mask='none', maskParams=None, name='unnamed GratingStim', opacity=1.0, ori=0.0, phase=array([0., 0.]), pos=array([ 0. , -0.3]), rgbPedestal=array([0., 0., 0.]), sf=array([0., 0.]), size=array([0.72  , 0.0072]), tex='sin', texRes=128, units='norm', win=Window(...))
4.8146 	EXP 	Created unnamed ElementArrayStim = ElementArrayStim(__class__=type(...), autoLog=True, colorSpace='named', colors='LightGray', contrs=array([1., 1., 1., 1., 1.]), depths=0, elementMask=method-wrapper(...), elementTex=method-wrapper(...), fieldDepth=0, fieldPos=array([0., 0.]), fieldShape='circle', fieldSize=array([1., 1.]), interpolate=True, maskParams=None, nElements=5, name='unnamed ElementArrayStim', opacities=array([1., 1., 1., 1., 1.]), oris=array([0., 0., 0., 0., 0.]), phases=ndarray(...), rgbs=ndarray(...), sfs=ndarray(...), sizes=ndarray(...), texRes=48, units='norm', win=Window(...), xys=ndarray(...))
4.8166 	EXP 	Created unnamed Circle = Circle(__class__=<class 'psychopy.visual.circle.Circle'>, autoDraw=False, autoLog=True, closeShape=True, color=method-wrapper(...), colorSpace=None, contrast=1.0, depth=0, fillColor='red', fillColorSpace='named', fillRGB=array([255.,   0.,   0.]), interpolate=True, lineColor='red', lineColorSpace='named', lineRGB=array([255.,   0.,   0.]), lineWidth=1.5, name='unnamed Circle', opacity=1.0, ori=array(0.), pos=array([0., 0.]), size=array([0.05  , 0.0625]), units='norm', vertices=ndarray(...), win=Window(...))
4.8175 	EXP 	Created unnamed Rect = Rect(__class__=<class 'psychopy.visual.rect.Rect'>, autoDraw=False, autoLog=True, closeShape=True, color=method-wrapper(...), colorSpace=None, contrast=1.0, depth=0, fillColor=None, fillColorSpace='rgb', fillRGB=None, interpolate=True, lineColor='DarkGrey', lineColorSpace='named', lineRGB=array([169., 169., 169.]), lineWidth=1.5, name='unnamed Rect', opacity=1.0, ori=array(0.), pos=array([ 0. , -0.3]), size=array([1., 1.]), units='norm', vertices=ndarray(...), win=Window(...))
4.8179 	EXP 	Created slider_arousal = Slider(__class__=<class 'psychopy.visual.slider.Slider'>, autoDraw=False, autoLog=True, color='LightGray', depth=0, flip=False, font='HelveticaBold', granularity=1, labelHeight=0.05, labels=None, name='slider_arousal', pos=(0, -0.3), readOnly=False, self=UNKNOWN, size=(0.72, 0.05), style=method-wrapper(...), ticks=array([  1,  25,  50,  75, 100]), units='norm', win=Window(...))
4.8312 	EXP 	Created text_2 = TextStim(__class__=<class 'psychopy.visual.text.TextStim'>, alignHoriz='center', alignVert='center', antialias=True, autoLog=True, bold=False, color='white', colorSpace='named', contrast=1.0, depth=-3.0, flipHoriz=False, flipVert=False, font='Arial', fontFiles=[], height=0.05, italic=False, languageStyle='LTR', name='text_2', opacity=1.0, ori=0, pos=array([ 0.  , -0.35]), rgb=array([255., 255., 255.]), text=str(...), units='norm', win=Window(...), wrapWidth=1)
4.8371 	EXP 	Created text_4 = TextStim(__class__=<class 'psychopy.visual.text.TextStim'>, alignHoriz='center', alignVert='center', antialias=True, autoLog=True, bold=False, color='white', colorSpace='named', contrast=1.0, depth=-5.0, flipHoriz=False, flipVert=False, font='Arial', fontFiles=[], height=0.04, italic=False, languageStyle='LTR', name='text_4', opacity=1.0, ori=0, pos=array([ 0.  , -0.45]), rgb=array([255., 255., 255.]), text='Press the space bar to continue', units='norm', win=Window(...), wrapWidth=1)
4.8509 	EXP 	Imported Cues.xlsx as conditions, 6 conditions, 4 params
4.8512 	EXP 	Created sequence: sequential, trialTypes=6, nReps=1, seed=None
4.8514 	EXP 	New trial (rep=0, index=0): OrderedDict([('folder', 'Pictures/'), ('pictures', '1040.jpg'), ('file', 'Pictures/1040.jpg'), ('type', 'NegH')])
4.9120 	EXP 	slider_valence: autoLog = True
4.9120 	EXP 	slider_valence: markerPos = None
4.9120 	EXP 	slider_valence: rating = None
4.9120 	EXP 	slider_valence: markerPos = None
4.9120 	EXP 	unnamed Circle: contrast = 1.0
4.9120 	EXP 	unnamed GratingStim: contrast = 1.0
4.9120 	EXP 	slider_valence: contrast = 1.0
4.9120 	EXP 	slider_valence: autoLog = True
4.9120 	EXP 	slider_valence: style = ('rating',)
4.9120 	EXP 	slider_arousal: autoLog = True
4.9120 	EXP 	slider_arousal: markerPos = None
4.9120 	EXP 	slider_arousal: rating = None
4.9120 	EXP 	slider_arousal: markerPos = None
4.9120 	EXP 	unnamed Circle: contrast = 1.0
4.9120 	EXP 	unnamed GratingStim: contrast = 1.0
4.9120 	EXP 	slider_arousal: contrast = 1.0
4.9120 	EXP 	slider_arousal: autoLog = True
4.9120 	EXP 	slider_arousal: style = ('rating',)
4.9120 	EXP 	image_1: image = 'Pictures/1040.jpg'
4.9120 	EXP 	slider_valence: markerPos = None
4.9120 	EXP 	slider_valence: markerPos = None
4.9120 	EXP 	slider_valence: rating = None
4.9120 	EXP 	image_1: autoDraw = True
4.9120 	EXP 	ValenceImg: autoDraw = True
4.9120 	EXP 	slider_valence: autoDraw = True
4.9120 	EXP 	text: autoDraw = True
4.9120 	EXP 	text_3: autoDraw = True
9.4048 	DATA 	Keypress: escape
9.4300 	EXP 	window1: mouseVisible = True
5.0563 	EXP 	Created window1 = Window(allowGUI=False, allowStencil=False, args=UNKNOWN, autoLog=True, bitsMode=UNKNOWN, blendMode='avg', color=array([0., 0., 0.]), colorSpace='rgb', fullscr=<method-wrapper '__getattribute__' of attributeSetter object at 0x00000211F33C9E80>, gamma=None, kwargs=UNKNOWN, lms=UNKNOWN, monitor=<psychopy.monitors.calibTools.Monitor object at 0x00000211F3A7F390>, multiSample=False, name='window1', numSamples=2, pos=[0.0, 0.0], screen=0, size=array([1280, 1024]), stereo=False, units='norm', useFBO=True, useRetina=False, viewOri=0.0, viewPos=None, viewScale=None, waitBlanking=True, winType='pyglet')
5.0564 	EXP 	window1: recordFrameIntervals = False
5.2218 	EXP 	window1: recordFrameIntervals = True
5.4054 	EXP 	window1: recordFrameIntervals = False
5.4101 	EXP 	Created image_1 = ImageStim(__class__=<class 'psychopy.visual.image.ImageStim'>, autoLog=True, color=array([1., 1., 1.]), colorSpace='rgb', contrast=1.0, depth=0.0, flipHoriz=False, flipVert=False, image='sin', interpolate=True, mask=None, maskParams=None, name='image_1', opacity=1.0, ori=0.0, pos=array([0. , 0.4]), size=array([1., 1.]), texRes=128, units='norm', win=Window(...))
5.4142 	EXP 	Created ValenceImg = ImageStim(__class__=<class 'psychopy.visual.image.ImageStim'>, autoLog=True, color=array([1., 1., 1.]), colorSpace='rgb', contrast=1.0, depth=-1.0, flipHoriz=False, flipVert=False, image='sam image.png', interpolate=True, mask=None, maskParams=None, name='ValenceImg', opacity=1.0, ori=0.0, pos=array([ 0. , -0.5]), size=array([1.0125    , 0.30078125]), texRes=128, units='norm', win=Window(...))
5.4225 	EXP 	Created unnamed GratingStim = GratingStim(__class__=<class 'psychopy.visual.grating.GratingStim'>, autoDraw=False, autoLog=True, blendmode='avg', color='LightGray', colorSpace='named', contrast=1.0, depth=0, interpolate=False, mask='none', maskParams=None, name='unnamed GratingStim', opacity=1.0, ori=0.0, phase=array([0., 0.]), pos=array([ 0. , -0.7]), rgbPedestal=array([0., 0., 0.]), sf=array([0., 0.]), size=array([0.72  , 0.0072]), tex='sin', texRes=128, units='norm', win=Window(...))
5.4250 	EXP 	Created unnamed ElementArrayStim = ElementArrayStim(__class__=type(...), autoLog=True, colorSpace='named', colors='LightGray', contrs=array([1., 1., 1., 1., 1.]), depths=0, elementMask=method-wrapper(...), elementTex=method-wrapper(...), fieldDepth=0, fieldPos=array([0., 0.]), fieldShape='circle', fieldSize=array([1., 1.]), interpolate=True, maskParams=None, nElements=5, name='unnamed ElementArrayStim', opacities=array([1., 1., 1., 1., 1.]), oris=array([0., 0., 0., 0., 0.]), phases=ndarray(...), rgbs=ndarray(...), sfs=ndarray(...), sizes=ndarray(...), texRes=48, units='norm', win=Window(...), xys=ndarray(...))
5.4267 	EXP 	Created unnamed Circle = Circle(__class__=<class 'psychopy.visual.circle.Circle'>, autoDraw=False, autoLog=True, closeShape=True, color=method-wrapper(...), colorSpace=None, contrast=1.0, depth=0, fillColor='red', fillColorSpace='named', fillRGB=array([255.,   0.,   0.]), interpolate=True, lineColor='red', lineColorSpace='named', lineRGB=array([255.,   0.,   0.]), lineWidth=1.5, name='unnamed Circle', opacity=1.0, ori=array(0.), pos=array([0., 0.]), size=array([0.05  , 0.0625]), units='norm', vertices=ndarray(...), win=Window(...))
5.4274 	EXP 	Created unnamed Rect = Rect(__class__=<class 'psychopy.visual.rect.Rect'>, autoDraw=False, autoLog=True, closeShape=True, color=method-wrapper(...), colorSpace=None, contrast=1.0, depth=0, fillColor=None, fillColorSpace='rgb', fillRGB=None, interpolate=True, lineColor='DarkGrey', lineColorSpace='named', lineRGB=array([169., 169., 169.]), lineWidth=1.5, name='unnamed Rect', opacity=1.0, ori=array(0.), pos=array([ 0. , -0.7]), size=array([1., 1.]), units='norm', vertices=ndarray(...), win=Window(...))
5.4278 	EXP 	Created slider_valence = Slider(__class__=<class 'psychopy.visual.slider.Slider'>, autoDraw=False, autoLog=True, color='LightGray', depth=0, flip=False, font='HelveticaBold', granularity=1, labelHeight=0.05, labels=None, name='slider_valence', pos=(0, -0.7), readOnly=False, self=UNKNOWN, size=(0.72, 0.05), style=method-wrapper(...), ticks=array([  1,  25,  50,  75, 100]), units='norm', win=Window(...))
5.4907 	EXP 	Created text = TextStim(__class__=<class 'psychopy.visual.text.TextStim'>, alignHoriz='center', alignVert='center', antialias=True, autoLog=True, bold=False, color='white', colorSpace='named', contrast=1.0, depth=-3.0, flipHoriz=False, flipVert=False, font='Arial', fontFiles=[], height=0.05, italic=False, languageStyle='LTR', name='text', opacity=1.0, ori=0, pos=array([ 0.  , -0.35]), rgb=array([255., 255., 255.]), text=str(...), units='norm', win=Window(...), wrapWidth=1.5)
5.5097 	EXP 	Created text_3 = TextStim(__class__=<class 'psychopy.visual.text.TextStim'>, alignHoriz='center', alignVert='center', antialias=True, autoLog=True, bold=False, color='white', colorSpace='named', contrast=1.0, depth=-5.0, flipHoriz=False, flipVert=False, font='Arial', fontFiles=[], height=0.04, italic=False, languageStyle='LTR', name='text_3', opacity=1.0, ori=0, pos=array([ 0. , -0.9]), rgb=array([255., 255., 255.]), text='Press the space bar to continue', units='norm', win=Window(...), wrapWidth=1)
5.5120 	EXP 	Created image_2 = ImageStim(__class__=<class 'psychopy.visual.image.ImageStim'>, autoLog=True, color=array([1., 1., 1.]), colorSpace='rgb', contrast=1.0, depth=0.0, flipHoriz=False, flipVert=False, image='sin', interpolate=True, mask=None, maskParams=None, name='image_2', opacity=1.0, ori=0.0, pos=array([0.  , 0.23]), size=array([0.5, 0.5]), texRes=128, units='norm', win=Window(...))
5.5163 	EXP 	Created Arousalimage = ImageStim(__class__=<class 'psychopy.visual.image.ImageStim'>, autoLog=True, color=array([1., 1., 1.]), colorSpace='rgb', contrast=1.0, depth=-1.0, flipHoriz=False, flipVert=False, image='sam arousal.png', interpolate=True, mask=None, maskParams=None, name='Arousalimage', opacity=1.0, ori=0.0, pos=array([ 0.  , -0.15]), size=array([1.0109375 , 0.29882812]), texRes=128, units='norm', win=Window(...))
5.5223 	EXP 	Created unnamed GratingStim = GratingStim(__class__=<class 'psychopy.visual.grating.GratingStim'>, autoDraw=False, autoLog=True, blendmode='avg', color='LightGray', colorSpace='named', contrast=1.0, depth=0, interpolate=False, mask='none', maskParams=None, name='unnamed GratingStim', opacity=1.0, ori=0.0, phase=array([0., 0.]), pos=array([ 0. , -0.3]), rgbPedestal=array([0., 0., 0.]), sf=array([0., 0.]), size=array([0.72  , 0.0072]), tex='sin', texRes=128, units='norm', win=Window(...))
5.5247 	EXP 	Created unnamed ElementArrayStim = ElementArrayStim(__class__=type(...), autoLog=True, colorSpace='named', colors='LightGray', contrs=array([1., 1., 1., 1., 1.]), depths=0, elementMask=method-wrapper(...), elementTex=method-wrapper(...), fieldDepth=0, fieldPos=array([0., 0.]), fieldShape='circle', fieldSize=array([1., 1.]), interpolate=True, maskParams=None, nElements=5, name='unnamed ElementArrayStim', opacities=array([1., 1., 1., 1., 1.]), oris=array([0., 0., 0., 0., 0.]), phases=ndarray(...), rgbs=ndarray(...), sfs=ndarray(...), sizes=ndarray(...), texRes=48, units='norm', win=Window(...), xys=ndarray(...))
5.5263 	EXP 	Created unnamed Circle = Circle(__class__=<class 'psychopy.visual.circle.Circle'>, autoDraw=False, autoLog=True, closeShape=True, color=method-wrapper(...), colorSpace=None, contrast=1.0, depth=0, fillColor='red', fillColorSpace='named', fillRGB=array([255.,   0.,   0.]), interpolate=True, lineColor='red', lineColorSpace='named', lineRGB=array([255.,   0.,   0.]), lineWidth=1.5, name='unnamed Circle', opacity=1.0, ori=array(0.), pos=array([0., 0.]), size=array([0.05  , 0.0625]), units='norm', vertices=ndarray(...), win=Window(...))
5.5271 	EXP 	Created unnamed Rect = Rect(__class__=<class 'psychopy.visual.rect.Rect'>, autoDraw=False, autoLog=True, closeShape=True, color=method-wrapper(...), colorSpace=None, contrast=1.0, depth=0, fillColor=None, fillColorSpace='rgb', fillRGB=None, interpolate=True, lineColor='DarkGrey', lineColorSpace='named', lineRGB=array([169., 169., 169.]), lineWidth=1.5, name='unnamed Rect', opacity=1.0, ori=array(0.), pos=array([ 0. , -0.3]), size=array([1., 1.]), units='norm', vertices=ndarray(...), win=Window(...))
5.5274 	EXP 	Created slider_arousal = Slider(__class__=<class 'psychopy.visual.slider.Slider'>, autoDraw=False, autoLog=True, color='LightGray', depth=0, flip=False, font='HelveticaBold', granularity=1, labelHeight=0.05, labels=None, name='slider_arousal', pos=(0, -0.3), readOnly=False, self=UNKNOWN, size=(0.72, 0.05), style=method-wrapper(...), ticks=array([  1,  25,  50,  75, 100]), units='norm', win=Window(...))
5.5403 	EXP 	Created text_2 = TextStim(__class__=<class 'psychopy.visual.text.TextStim'>, alignHoriz='center', alignVert='center', antialias=True, autoLog=True, bold=False, color='white', colorSpace='named', contrast=1.0, depth=-3.0, flipHoriz=False, flipVert=False, font='Arial', fontFiles=[], height=0.05, italic=False, languageStyle='LTR', name='text_2', opacity=1.0, ori=0, pos=array([ 0.  , -0.35]), rgb=array([255., 255., 255.]), text=str(...), units='norm', win=Window(...), wrapWidth=1)
5.5462 	EXP 	Created text_4 = TextStim(__class__=<class 'psychopy.visual.text.TextStim'>, alignHoriz='center', alignVert='center', antialias=True, autoLog=True, bold=False, color='white', colorSpace='named', contrast=1.0, depth=-5.0, flipHoriz=False, flipVert=False, font='Arial', fontFiles=[], height=0.04, italic=False, languageStyle='LTR', name='text_4', opacity=1.0, ori=0, pos=array([ 0.  , -0.45]), rgb=array([255., 255., 255.]), text='Press the space bar to continue', units='norm', win=Window(...), wrapWidth=1)
5.5620 	EXP 	Imported Cues.xlsx as conditions, 6 conditions, 4 params
5.5623 	EXP 	Created sequence: sequential, trialTypes=6, nReps=1, seed=None
5.5626 	EXP 	New trial (rep=0, index=0): OrderedDict([('folder', 'Pictures/'), ('pictures', '1040.jpg'), ('file', 'Pictures/1040.jpg'), ('type', 'NegH')])
5.6921 	EXP 	slider_valence: autoLog = True
5.6921 	EXP 	slider_valence: markerPos = None
5.6921 	EXP 	slider_valence: rating = None
5.6921 	EXP 	slider_valence: markerPos = None
5.6921 	EXP 	unnamed Circle: contrast = 1.0
5.6921 	EXP 	unnamed GratingStim: contrast = 1.0
5.6921 	EXP 	slider_valence: contrast = 1.0
5.6921 	EXP 	slider_valence: autoLog = True
5.6921 	EXP 	slider_valence: style = ('rating',)
5.6921 	EXP 	slider_arousal: autoLog = True
5.6921 	EXP 	slider_arousal: markerPos = None
5.6921 	EXP 	slider_arousal: rating = None
5.6921 	EXP 	slider_arousal: markerPos = None
5.6921 	EXP 	unnamed Circle: contrast = 1.0
5.6921 	EXP 	unnamed GratingStim: contrast = 1.0
5.6921 	EXP 	slider_arousal: contrast = 1.0
5.6921 	EXP 	slider_arousal: autoLog = True
5.6921 	EXP 	slider_arousal: style = ('rating',)
5.6921 	EXP 	image_1: image = 'Pictures/1040.jpg'
5.6921 	EXP 	slider_valence: markerPos = None
5.6921 	EXP 	slider_valence: markerPos = None
5.6921 	EXP 	slider_valence: rating = None
5.6921 	EXP 	image_1: autoDraw = True
5.6921 	EXP 	ValenceImg: autoDraw = True
5.6921 	EXP 	slider_valence: autoDraw = True
5.6921 	EXP 	text: autoDraw = True
5.6921 	EXP 	text_3: autoDraw = True
8.8730 	DATA 	Keypress: escape
8.8982 	EXP 	window1: mouseVisible = True
6.1476 	EXP 	Created window1 = Window(allowGUI=False, allowStencil=False, args=UNKNOWN, autoLog=True, bitsMode=UNKNOWN, blendMode='avg', color=array([0., 0., 0.]), colorSpace='rgb', fullscr=<method-wrapper '__getattribute__' of attributeSetter object at 0x000001F0B9579EB8>, gamma=None, kwargs=UNKNOWN, lms=UNKNOWN, monitor=<psychopy.monitors.calibTools.Monitor object at 0x000001F0B9C2F390>, multiSample=False, name='window1', numSamples=2, pos=[0.0, 0.0], screen=0, size=array([1280, 1024]), stereo=False, units='norm', useFBO=True, useRetina=False, viewOri=0.0, viewPos=None, viewScale=None, waitBlanking=True, winType='pyglet')
6.1477 	EXP 	window1: recordFrameIntervals = False
6.3142 	EXP 	window1: recordFrameIntervals = True
6.4963 	EXP 	window1: recordFrameIntervals = False
6.5020 	EXP 	Created image_1 = ImageStim(__class__=<class 'psychopy.visual.image.ImageStim'>, autoLog=True, color=array([1., 1., 1.]), colorSpace='rgb', contrast=1.0, depth=0.0, flipHoriz=False, flipVert=False, image='sin', interpolate=True, mask=None, maskParams=None, name='image_1', opacity=1.0, ori=0.0, pos=array([0. , 0.4]), size=array([1., 1.]), texRes=128, units='norm', win=Window(...))
6.5069 	EXP 	Created ValenceImg = ImageStim(__class__=<class 'psychopy.visual.image.ImageStim'>, autoLog=True, color=array([1., 1., 1.]), colorSpace='rgb', contrast=1.0, depth=-1.0, flipHoriz=False, flipVert=False, image='sam image.png', interpolate=True, mask=None, maskParams=None, name='ValenceImg', opacity=1.0, ori=0.0, pos=array([ 0. , -0.3]), size=array([1.0125    , 0.30078125]), texRes=128, units='norm', win=Window(...))
6.5180 	EXP 	Created unnamed GratingStim = GratingStim(__class__=<class 'psychopy.visual.grating.GratingStim'>, autoDraw=False, autoLog=True, blendmode='avg', color='LightGray', colorSpace='named', contrast=1.0, depth=0, interpolate=False, mask='none', maskParams=None, name='unnamed GratingStim', opacity=1.0, ori=0.0, phase=array([0., 0.]), pos=array([ 0. , -0.7]), rgbPedestal=array([0., 0., 0.]), sf=array([0., 0.]), size=array([0.72  , 0.0072]), tex='sin', texRes=128, units='norm', win=Window(...))
6.5204 	EXP 	Created unnamed ElementArrayStim = ElementArrayStim(__class__=type(...), autoLog=True, colorSpace='named', colors='LightGray', contrs=array([1., 1., 1., 1., 1.]), depths=0, elementMask=method-wrapper(...), elementTex=method-wrapper(...), fieldDepth=0, fieldPos=array([0., 0.]), fieldShape='circle', fieldSize=array([1., 1.]), interpolate=True, maskParams=None, nElements=5, name='unnamed ElementArrayStim', opacities=array([1., 1., 1., 1., 1.]), oris=array([0., 0., 0., 0., 0.]), phases=ndarray(...), rgbs=ndarray(...), sfs=ndarray(...), sizes=ndarray(...), texRes=48, units='norm', win=Window(...), xys=ndarray(...))
6.5220 	EXP 	Created unnamed Circle = Circle(__class__=<class 'psychopy.visual.circle.Circle'>, autoDraw=False, autoLog=True, closeShape=True, color=method-wrapper(...), colorSpace=None, contrast=1.0, depth=0, fillColor='red', fillColorSpace='named', fillRGB=array([255.,   0.,   0.]), interpolate=True, lineColor='red', lineColorSpace='named', lineRGB=array([255.,   0.,   0.]), lineWidth=1.5, name='unnamed Circle', opacity=1.0, ori=array(0.), pos=array([0., 0.]), size=array([0.05  , 0.0625]), units='norm', vertices=ndarray(...), win=Window(...))
6.5226 	EXP 	Created unnamed Rect = Rect(__class__=<class 'psychopy.visual.rect.Rect'>, autoDraw=False, autoLog=True, closeShape=True, color=method-wrapper(...), colorSpace=None, contrast=1.0, depth=0, fillColor=None, fillColorSpace='rgb', fillRGB=None, interpolate=True, lineColor='DarkGrey', lineColorSpace='named', lineRGB=array([169., 169., 169.]), lineWidth=1.5, name='unnamed Rect', opacity=1.0, ori=array(0.), pos=array([ 0. , -0.7]), size=array([1., 1.]), units='norm', vertices=ndarray(...), win=Window(...))
6.5230 	EXP 	Created slider_valence = Slider(__class__=<class 'psychopy.visual.slider.Slider'>, autoDraw=False, autoLog=True, color='LightGray', depth=0, flip=False, font='HelveticaBold', granularity=1, labelHeight=0.05, labels=None, name='slider_valence', pos=(0, -0.7), readOnly=False, self=UNKNOWN, size=(0.72, 0.05), style=method-wrapper(...), ticks=array([  1,  25,  50,  75, 100]), units='norm', win=Window(...))
6.5829 	EXP 	Created text = TextStim(__class__=<class 'psychopy.visual.text.TextStim'>, alignHoriz='center', alignVert='center', antialias=True, autoLog=True, bold=False, color='white', colorSpace='named', contrast=1.0, depth=-3.0, flipHoriz=False, flipVert=False, font='Arial', fontFiles=[], height=0.05, italic=False, languageStyle='LTR', name='text', opacity=1.0, ori=0, pos=array([ 0.  , -0.35]), rgb=array([255., 255., 255.]), text=str(...), units='norm', win=Window(...), wrapWidth=1.5)
6.6005 	EXP 	Created text_3 = TextStim(__class__=<class 'psychopy.visual.text.TextStim'>, alignHoriz='center', alignVert='center', antialias=True, autoLog=True, bold=False, color='white', colorSpace='named', contrast=1.0, depth=-5.0, flipHoriz=False, flipVert=False, font='Arial', fontFiles=[], height=0.04, italic=False, languageStyle='LTR', name='text_3', opacity=1.0, ori=0, pos=array([ 0. , -0.9]), rgb=array([255., 255., 255.]), text='Press the space bar to continue', units='norm', win=Window(...), wrapWidth=1)
6.6035 	EXP 	Created image_2 = ImageStim(__class__=<class 'psychopy.visual.image.ImageStim'>, autoLog=True, color=array([1., 1., 1.]), colorSpace='rgb', contrast=1.0, depth=0.0, flipHoriz=False, flipVert=False, image='sin', interpolate=True, mask=None, maskParams=None, name='image_2', opacity=1.0, ori=0.0, pos=array([0.  , 0.23]), size=array([0.5, 0.5]), texRes=128, units='norm', win=Window(...))
6.6075 	EXP 	Created Arousalimage = ImageStim(__class__=<class 'psychopy.visual.image.ImageStim'>, autoLog=True, color=array([1., 1., 1.]), colorSpace='rgb', contrast=1.0, depth=-1.0, flipHoriz=False, flipVert=False, image='sam arousal.png', interpolate=True, mask=None, maskParams=None, name='Arousalimage', opacity=1.0, ori=0.0, pos=array([ 0.  , -0.15]), size=array([1.0109375 , 0.29882812]), texRes=128, units='norm', win=Window(...))
6.6145 	EXP 	Created unnamed GratingStim = GratingStim(__class__=<class 'psychopy.visual.grating.GratingStim'>, autoDraw=False, autoLog=True, blendmode='avg', color='LightGray', colorSpace='named', contrast=1.0, depth=0, interpolate=False, mask='none', maskParams=None, name='unnamed GratingStim', opacity=1.0, ori=0.0, phase=array([0., 0.]), pos=array([ 0. , -0.3]), rgbPedestal=array([0., 0., 0.]), sf=array([0., 0.]), size=array([0.72  , 0.0072]), tex='sin', texRes=128, units='norm', win=Window(...))
6.6167 	EXP 	Created unnamed ElementArrayStim = ElementArrayStim(__class__=type(...), autoLog=True, colorSpace='named', colors='LightGray', contrs=array([1., 1., 1., 1., 1.]), depths=0, elementMask=method-wrapper(...), elementTex=method-wrapper(...), fieldDepth=0, fieldPos=array([0., 0.]), fieldShape='circle', fieldSize=array([1., 1.]), interpolate=True, maskParams=None, nElements=5, name='unnamed ElementArrayStim', opacities=array([1., 1., 1., 1., 1.]), oris=array([0., 0., 0., 0., 0.]), phases=ndarray(...), rgbs=ndarray(...), sfs=ndarray(...), sizes=ndarray(...), texRes=48, units='norm', win=Window(...), xys=ndarray(...))
6.6183 	EXP 	Created unnamed Circle = Circle(__class__=<class 'psychopy.visual.circle.Circle'>, autoDraw=False, autoLog=True, closeShape=True, color=method-wrapper(...), colorSpace=None, contrast=1.0, depth=0, fillColor='red', fillColorSpace='named', fillRGB=array([255.,   0.,   0.]), interpolate=True, lineColor='red', lineColorSpace='named', lineRGB=array([255.,   0.,   0.]), lineWidth=1.5, name='unnamed Circle', opacity=1.0, ori=array(0.), pos=array([0., 0.]), size=array([0.05  , 0.0625]), units='norm', vertices=ndarray(...), win=Window(...))
6.6190 	EXP 	Created unnamed Rect = Rect(__class__=<class 'psychopy.visual.rect.Rect'>, autoDraw=False, autoLog=True, closeShape=True, color=method-wrapper(...), colorSpace=None, contrast=1.0, depth=0, fillColor=None, fillColorSpace='rgb', fillRGB=None, interpolate=True, lineColor='DarkGrey', lineColorSpace='named', lineRGB=array([169., 169., 169.]), lineWidth=1.5, name='unnamed Rect', opacity=1.0, ori=array(0.), pos=array([ 0. , -0.3]), size=array([1., 1.]), units='norm', vertices=ndarray(...), win=Window(...))
6.6193 	EXP 	Created slider_arousal = Slider(__class__=<class 'psychopy.visual.slider.Slider'>, autoDraw=False, autoLog=True, color='LightGray', depth=0, flip=False, font='HelveticaBold', granularity=1, labelHeight=0.05, labels=None, name='slider_arousal', pos=(0, -0.3), readOnly=False, self=UNKNOWN, size=(0.72, 0.05), style=method-wrapper(...), ticks=array([  1,  25,  50,  75, 100]), units='norm', win=Window(...))
6.6341 	EXP 	Created text_2 = TextStim(__class__=<class 'psychopy.visual.text.TextStim'>, alignHoriz='center', alignVert='center', antialias=True, autoLog=True, bold=False, color='white', colorSpace='named', contrast=1.0, depth=-3.0, flipHoriz=False, flipVert=False, font='Arial', fontFiles=[], height=0.05, italic=False, languageStyle='LTR', name='text_2', opacity=1.0, ori=0, pos=array([ 0.  , -0.35]), rgb=array([255., 255., 255.]), text=str(...), units='norm', win=Window(...), wrapWidth=1)
6.6395 	EXP 	Created text_4 = TextStim(__class__=<class 'psychopy.visual.text.TextStim'>, alignHoriz='center', alignVert='center', antialias=True, autoLog=True, bold=False, color='white', colorSpace='named', contrast=1.0, depth=-5.0, flipHoriz=False, flipVert=False, font='Arial', fontFiles=[], height=0.04, italic=False, languageStyle='LTR', name='text_4', opacity=1.0, ori=0, pos=array([ 0.  , -0.45]), rgb=array([255., 255., 255.]), text='Press the space bar to continue', units='norm', win=Window(...), wrapWidth=1)
6.6534 	EXP 	Imported Cues.xlsx as conditions, 6 conditions, 4 params
6.6536 	EXP 	Created sequence: sequential, trialTypes=6, nReps=1, seed=None
6.6539 	EXP 	New trial (rep=0, index=0): OrderedDict([('folder', 'Pictures/'), ('pictures', '1040.jpg'), ('file', 'Pictures/1040.jpg'), ('type', 'NegH')])
6.7830 	EXP 	slider_valence: autoLog = True
6.7830 	EXP 	slider_valence: markerPos = None
6.7830 	EXP 	slider_valence: rating = None
6.7830 	EXP 	slider_valence: markerPos = None
6.7830 	EXP 	unnamed Circle: contrast = 1.0
6.7830 	EXP 	unnamed GratingStim: contrast = 1.0
6.7830 	EXP 	slider_valence: contrast = 1.0
6.7830 	EXP 	slider_valence: autoLog = True
6.7830 	EXP 	slider_valence: style = ('rating',)
6.7830 	EXP 	slider_arousal: autoLog = True
6.7830 	EXP 	slider_arousal: markerPos = None
6.7830 	EXP 	slider_arousal: rating = None
6.7830 	EXP 	slider_arousal: markerPos = None
6.7830 	EXP 	unnamed Circle: contrast = 1.0
6.7830 	EXP 	unnamed GratingStim: contrast = 1.0
6.7830 	EXP 	slider_arousal: contrast = 1.0
6.7830 	EXP 	slider_arousal: autoLog = True
6.7830 	EXP 	slider_arousal: style = ('rating',)
6.7830 	EXP 	image_1: image = 'Pictures/1040.jpg'
6.7830 	EXP 	slider_valence: markerPos = None
6.7830 	EXP 	slider_valence: markerPos = None
6.7830 	EXP 	slider_valence: rating = None
6.7830 	EXP 	image_1: autoDraw = True
6.7830 	EXP 	ValenceImg: autoDraw = True
6.7830 	EXP 	slider_valence: autoDraw = True
6.7830 	EXP 	text: autoDraw = True
6.7830 	EXP 	text_3: autoDraw = True
11.0468 	DATA 	Keypress: escape
11.0790 	EXP 	window1: mouseVisible = True
